<?xml version="1.0" encoding="UTF-8"?>
<coverage generated="1757597506641" clover="3.2.0">
  <project timestamp="1757597506641" name="All files">
    <metrics statements="45" coveredstatements="37" conditionals="18" coveredconditionals="7" methods="5" coveredmethods="2" elements="68" coveredelements="46" complexity="0" loc="45" ncloc="45" packages="3" files="6" classes="6"/>
    <package name="Backend">
      <metrics statements="20" coveredstatements="15" conditionals="6" coveredconditionals="3" methods="2" coveredmethods="0"/>
      <file name="app.js" path="/home/joshua/tia_connect/TIA-WEBSITE/Backend/app.js">
        <metrics statements="20" coveredstatements="15" conditionals="6" coveredconditionals="3" methods="2" coveredmethods="0"/>
        <line num="14" count="1" type="stmt"/>
        <line num="15" count="1" type="stmt"/>
        <line num="16" count="1" type="stmt"/>
        <line num="22" count="1" type="stmt"/>
        <line num="36" count="1" type="stmt"/>
        <line num="40" count="1" type="cond" truecount="1" falsecount="1"/>
        <line num="41" count="1" type="stmt"/>
        <line num="42" count="1" type="stmt"/>
        <line num="43" count="1" type="stmt"/>
        <line num="44" count="1" type="stmt"/>
        <line num="45" count="1" type="stmt"/>
        <line num="50" count="1" type="stmt"/>
        <line num="51" count="1" type="stmt"/>
        <line num="56" count="1" type="cond" truecount="1" falsecount="1"/>
        <line num="57" count="0" type="stmt"/>
        <line num="58" count="0" type="stmt"/>
        <line num="59" count="0" type="stmt"/>
        <line num="66" count="1" type="cond" truecount="1" falsecount="1"/>
        <line num="67" count="0" type="stmt"/>
        <line num="68" count="0" type="stmt"/>
      </file>
    </package>
    <package name="Backend.config">
      <metrics statements="14" coveredstatements="13" conditionals="8" coveredconditionals="4" methods="1" coveredmethods="1"/>
      <file name="config.js" path="/home/joshua/tia_connect/TIA-WEBSITE/Backend/config/config.js">
        <metrics statements="6" coveredstatements="6" conditionals="4" coveredconditionals="2" methods="1" coveredmethods="1"/>
        <line num="4" count="1" type="stmt"/>
        <line num="5" count="9" type="stmt"/>
        <line num="6" count="9" type="cond" truecount="1" falsecount="1"/>
        <line num="7" count="9" type="stmt"/>
        <line num="10" count="1" type="stmt"/>
        <line num="23" count="1" type="stmt"/>
      </file>
      <file name="index.js" path="/home/joshua/tia_connect/TIA-WEBSITE/Backend/config/index.js">
        <metrics statements="8" coveredstatements="7" conditionals="4" coveredconditionals="2" methods="0" coveredmethods="0"/>
        <line num="3" count="1" type="stmt"/>
        <line num="4" count="1" type="cond" truecount="1" falsecount="1"/>
        <line num="6" count="1" type="cond" truecount="1" falsecount="1"/>
        <line num="7" count="0" type="stmt"/>
        <line num="9" count="1" type="stmt"/>
        <line num="10" count="1" type="stmt"/>
        <line num="11" count="1" type="stmt"/>
        <line num="13" count="1" type="stmt"/>
      </file>
    </package>
    <package name="Backend.middleware">
      <metrics statements="11" coveredstatements="9" conditionals="4" coveredconditionals="0" methods="2" coveredmethods="1"/>
      <file name="errorHandler.js" path="/home/joshua/tia_connect/TIA-WEBSITE/Backend/middleware/errorHandler.js">
        <metrics statements="3" coveredstatements="1" conditionals="4" coveredconditionals="0" methods="1" coveredmethods="0"/>
        <line num="1" count="1" type="stmt"/>
        <line num="2" count="0" type="stmt"/>
        <line num="3" count="0" type="cond" truecount="0" falsecount="4"/>
      </file>
      <file name="logger.js" path="/home/joshua/tia_connect/TIA-WEBSITE/Backend/middleware/logger.js">
        <metrics statements="3" coveredstatements="3" conditionals="0" coveredconditionals="0" methods="1" coveredmethods="1"/>
        <line num="1" count="1" type="stmt"/>
        <line num="2" count="65" type="stmt"/>
        <line num="3" count="65" type="stmt"/>
      </file>
      <file name="rateLimiter.js" path="/home/joshua/tia_connect/TIA-WEBSITE/Backend/middleware/rateLimiter.js">
        <metrics statements="5" coveredstatements="5" conditionals="0" coveredconditionals="0" methods="0" coveredmethods="0"/>
        <line num="3" count="1" type="stmt"/>
        <line num="4" count="1" type="stmt"/>
        <line num="5" count="1" type="stmt"/>
        <line num="6" count="1" type="stmt"/>
        <line num="8" count="1" type="stmt"/>
      </file>
    </package>
  </project>
</coverage>
