{"/home/joshua/tia_connect/TIA-WEBSITE/Backend/app.js": {"path":"/home/joshua/tia_connect/TIA-WEBSITE/Backend/app.js","statementMap":{"0":{"start":{"line":14,"column":12},"end":{"line":14,"column":21}},"1":{"start":{"line":15,"column":0},"end":{"line":15,"column":24}},"2":{"start":{"line":16,"column":0},"end":{"line":19,"column":3}},"3":{"start":{"line":22,"column":23},"end":{"line":35,"column":1}},"4":{"start":{"line":36,"column":20},"end":{"line":36,"column":48}},"5":{"start":{"line":40,"column":0},"end":{"line":46,"column":1}},"6":{"start":{"line":41,"column":2},"end":{"line":41,"column":18}},"7":{"start":{"line":42,"column":2},"end":{"line":42,"column":24}},"8":{"start":{"line":43,"column":2},"end":{"line":43,"column":29}},"9":{"start":{"line":44,"column":2},"end":{"line":44,"column":26}},"10":{"start":{"line":45,"column":2},"end":{"line":45,"column":25}},"11":{"start":{"line":50,"column":0},"end":{"line":50,"column":24}},"12":{"start":{"line":51,"column":0},"end":{"line":51,"column":68}},"13":{"start":{"line":56,"column":0},"end":{"line":73,"column":1}},"14":{"start":{"line":57,"column":22},"end":{"line":57,"column":63}},"15":{"start":{"line":58,"column":2},"end":{"line":65,"column":5}},"16":{"start":{"line":59,"column":4},"end":{"line":64,"column":7}},"17":{"start":{"line":66,"column":7},"end":{"line":73,"column":1}},"18":{"start":{"line":67,"column":2},"end":{"line":72,"column":5}},"19":{"start":{"line":68,"column":4},"end":{"line":71,"column":7}}},"fnMap":{"0":{"name":"(anonymous_0)","decl":{"start":{"line":58,"column":10},"end":{"line":58,"column":11}},"loc":{"start":{"line":58,"column":30},"end":{"line":65,"column":3}},"line":58},"1":{"name":"(anonymous_1)","decl":{"start":{"line":67,"column":10},"end":{"line":67,"column":11}},"loc":{"start":{"line":67,"column":30},"end":{"line":72,"column":3}},"line":67}},"branchMap":{"0":{"loc":{"start":{"line":40,"column":0},"end":{"line":46,"column":1}},"type":"if","locations":[{"start":{"line":40,"column":0},"end":{"line":46,"column":1}},{"start":{},"end":{}}],"line":40},"1":{"loc":{"start":{"line":56,"column":0},"end":{"line":73,"column":1}},"type":"if","locations":[{"start":{"line":56,"column":0},"end":{"line":73,"column":1}},{"start":{"line":66,"column":7},"end":{"line":73,"column":1}}],"line":56},"2":{"loc":{"start":{"line":66,"column":7},"end":{"line":73,"column":1}},"type":"if","locations":[{"start":{"line":66,"column":7},"end":{"line":73,"column":1}},{"start":{},"end":{}}],"line":66}},"s":{"0":7,"1":7,"2":7,"3":7,"4":7,"5":7,"6":7,"7":7,"8":7,"9":7,"10":7,"11":7,"12":7,"13":7,"14":0,"15":0,"16":0,"17":7,"18":0,"19":0},"f":{"0":0,"1":0},"b":{"0":[7,0],"1":[0,7],"2":[0,7]},"_coverageSchema":"1a1c01bbd47fc00a2c39e90264f33305004495a9","hash":"2fc0e80db97e57ea99150bdba1ece94b15da579f"}
,"/home/joshua/tia_connect/TIA-WEBSITE/Backend/config/config.js": {"path":"/home/joshua/tia_connect/TIA-WEBSITE/Backend/config/config.js","statementMap":{"0":{"start":{"line":4,"column":17},"end":{"line":8,"column":1}},"1":{"start":{"line":5,"column":16},"end":{"line":5,"column":32}},"2":{"start":{"line":6,"column":2},"end":{"line":6,"column":66}},"3":{"start":{"line":6,"column":14},"end":{"line":6,"column":66}},"4":{"start":{"line":7,"column":2},"end":{"line":7,"column":15}},"5":{"start":{"line":10,"column":15},"end":{"line":21,"column":1}},"6":{"start":{"line":23,"column":12},"end":{"line":56,"column":1}}},"fnMap":{"0":{"name":"(anonymous_0)","decl":{"start":{"line":4,"column":17},"end":{"line":4,"column":18}},"loc":{"start":{"line":4,"column":26},"end":{"line":8,"column":1}},"line":4}},"branchMap":{"0":{"loc":{"start":{"line":6,"column":2},"end":{"line":6,"column":66}},"type":"if","locations":[{"start":{"line":6,"column":2},"end":{"line":6,"column":66}},{"start":{},"end":{}}],"line":6},"1":{"loc":{"start":{"line":11,"column":12},"end":{"line":11,"column":49}},"type":"binary-expr","locations":[{"start":{"line":11,"column":12},"end":{"line":11,"column":32}},{"start":{"line":11,"column":36},"end":{"line":11,"column":49}}],"line":11}},"s":{"0":7,"1":63,"2":63,"3":0,"4":63,"5":7,"6":7},"f":{"0":63},"b":{"0":[0,63],"1":[7,0]},"_coverageSchema":"1a1c01bbd47fc00a2c39e90264f33305004495a9","hash":"a884ed3563c0d33cc37035d5a0a39f9d5534aa57"}
,"/home/joshua/tia_connect/TIA-WEBSITE/Backend/config/db.js": {"path":"/home/joshua/tia_connect/TIA-WEBSITE/Backend/config/db.js","statementMap":{"0":{"start":{"line":4,"column":13},"end":{"line":4,"column":40}}},"fnMap":{},"branchMap":{},"s":{"0":7},"f":{},"b":{},"_coverageSchema":"1a1c01bbd47fc00a2c39e90264f33305004495a9","hash":"b10a58fca740e55bc2e6bbd9e22d09fe60378971"}
,"/home/joshua/tia_connect/TIA-WEBSITE/Backend/config/index.js": {"path":"/home/joshua/tia_connect/TIA-WEBSITE/Backend/config/index.js","statementMap":{"0":{"start":{"line":3,"column":18},"end":{"line":3,"column":55}},"1":{"start":{"line":4,"column":19},"end":{"line":4,"column":56}},"2":{"start":{"line":6,"column":0},"end":{"line":8,"column":1}},"3":{"start":{"line":7,"column":2},"end":{"line":7,"column":96}},"4":{"start":{"line":9,"column":13},"end":{"line":9,"column":16}},"5":{"start":{"line":10,"column":0},"end":{"line":10,"column":31}},"6":{"start":{"line":11,"column":0},"end":{"line":11,"column":24}},"7":{"start":{"line":13,"column":0},"end":{"line":13,"column":56}}},"fnMap":{},"branchMap":{"0":{"loc":{"start":{"line":4,"column":19},"end":{"line":4,"column":56}},"type":"binary-expr","locations":[{"start":{"line":4,"column":19},"end":{"line":4,"column":39}},{"start":{"line":4,"column":43},"end":{"line":4,"column":56}}],"line":4},"1":{"loc":{"start":{"line":6,"column":0},"end":{"line":8,"column":1}},"type":"if","locations":[{"start":{"line":6,"column":0},"end":{"line":8,"column":1}},{"start":{},"end":{}}],"line":6}},"s":{"0":7,"1":7,"2":7,"3":0,"4":7,"5":7,"6":7,"7":7},"f":{},"b":{"0":[7,0],"1":[0,7]},"_coverageSchema":"1a1c01bbd47fc00a2c39e90264f33305004495a9","hash":"a38363855d1ec7c4a34722bd83287d59ac575722"}
,"/home/joshua/tia_connect/TIA-WEBSITE/Backend/controllers/authController.js": {"path":"/home/joshua/tia_connect/TIA-WEBSITE/Backend/controllers/authController.js","statementMap":{"0":{"start":{"line":9,"column":22},"end":{"line":35,"column":1}},"1":{"start":{"line":10,"column":2},"end":{"line":34,"column":3}},"2":{"start":{"line":11,"column":17},"end":{"line":11,"column":30}},"3":{"start":{"line":12,"column":53},"end":{"line":12,"column":61}},"4":{"start":{"line":15,"column":25},"end":{"line":15,"column":59}},"5":{"start":{"line":16,"column":4},"end":{"line":20,"column":5}},"6":{"start":{"line":17,"column":6},"end":{"line":19,"column":8}},"7":{"start":{"line":22,"column":15},"end":{"line":22,"column":42}},"8":{"start":{"line":23,"column":17},"end":{"line":23,"column":74}},"9":{"start":{"line":25,"column":4},"end":{"line":30,"column":7}},"10":{"start":{"line":32,"column":4},"end":{"line":32,"column":40}},"11":{"start":{"line":33,"column":4},"end":{"line":33,"column":70}},"12":{"start":{"line":37,"column":27},"end":{"line":45,"column":1}},"13":{"start":{"line":38,"column":2},"end":{"line":44,"column":3}},"14":{"start":{"line":41,"column":4},"end":{"line":41,"column":84}},"15":{"start":{"line":43,"column":4},"end":{"line":43,"column":73}},"16":{"start":{"line":47,"column":34},"end":{"line":55,"column":1}},"17":{"start":{"line":48,"column":2},"end":{"line":54,"column":3}},"18":{"start":{"line":49,"column":22},"end":{"line":49,"column":30}},"19":{"start":{"line":51,"column":4},"end":{"line":51,"column":95}},"20":{"start":{"line":53,"column":4},"end":{"line":53,"column":70}},"21":{"start":{"line":58,"column":23},"end":{"line":83,"column":1}},"22":{"start":{"line":59,"column":2},"end":{"line":82,"column":3}},"23":{"start":{"line":60,"column":17},"end":{"line":60,"column":30}},"24":{"start":{"line":61,"column":25},"end":{"line":61,"column":72}},"25":{"start":{"line":62,"column":4},"end":{"line":62,"column":93}},"26":{"start":{"line":62,"column":30},"end":{"line":62,"column":93}},"27":{"start":{"line":63,"column":20},"end":{"line":63,"column":74}},"28":{"start":{"line":64,"column":18},"end":{"line":64,"column":75}},"29":{"start":{"line":67,"column":25},"end":{"line":67,"column":63}},"30":{"start":{"line":68,"column":29},"end":{"line":68,"column":91}},"31":{"start":{"line":69,"column":41},"end":{"line":69,"column":106}},"32":{"start":{"line":71,"column":4},"end":{"line":71,"column":137}},"33":{"start":{"line":73,"column":4},"end":{"line":73,"column":45}},"34":{"start":{"line":74,"column":4},"end":{"line":77,"column":7}},"35":{"start":{"line":81,"column":4},"end":{"line":81,"column":70}},"36":{"start":{"line":85,"column":21},"end":{"line":135,"column":1}},"37":{"start":{"line":86,"column":2},"end":{"line":134,"column":3}},"38":{"start":{"line":87,"column":17},"end":{"line":87,"column":30}},"39":{"start":{"line":88,"column":32},"end":{"line":88,"column":40}},"40":{"start":{"line":90,"column":25},"end":{"line":90,"column":59}},"41":{"start":{"line":92,"column":4},"end":{"line":94,"column":5}},"42":{"start":{"line":93,"column":6},"end":{"line":93,"column":74}},"43":{"start":{"line":96,"column":24},"end":{"line":96,"column":81}},"44":{"start":{"line":98,"column":4},"end":{"line":100,"column":5}},"45":{"start":{"line":99,"column":6},"end":{"line":99,"column":74}},"46":{"start":{"line":102,"column":20},"end":{"line":102,"column":79}},"47":{"start":{"line":104,"column":18},"end":{"line":104,"column":75}},"48":{"start":{"line":106,"column":25},"end":{"line":106,"column":63}},"49":{"start":{"line":107,"column":29},"end":{"line":107,"column":91}},"50":{"start":{"line":109,"column":33},"end":{"line":109,"column":57}},"51":{"start":{"line":110,"column":41},"end":{"line":110,"column":106}},"52":{"start":{"line":111,"column":31},"end":{"line":111,"column":121}},"53":{"start":{"line":113,"column":4},"end":{"line":118,"column":6}},"54":{"start":{"line":120,"column":4},"end":{"line":125,"column":7}},"55":{"start":{"line":127,"column":4},"end":{"line":130,"column":7}},"56":{"start":{"line":132,"column":4},"end":{"line":132,"column":39}},"57":{"start":{"line":133,"column":4},"end":{"line":133,"column":70}},"58":{"start":{"line":137,"column":22},"end":{"line":148,"column":1}},"59":{"start":{"line":138,"column":2},"end":{"line":147,"column":3}},"60":{"start":{"line":140,"column":17},"end":{"line":140,"column":30}},"61":{"start":{"line":141,"column":4},"end":{"line":141,"column":43}},"62":{"start":{"line":142,"column":4},"end":{"line":142,"column":36}},"63":{"start":{"line":143,"column":4},"end":{"line":143,"column":69}},"64":{"start":{"line":145,"column":4},"end":{"line":145,"column":40}},"65":{"start":{"line":146,"column":4},"end":{"line":146,"column":67}},"66":{"start":{"line":150,"column":30},"end":{"line":158,"column":1}},"67":{"start":{"line":151,"column":2},"end":{"line":157,"column":3}},"68":{"start":{"line":152,"column":22},"end":{"line":152,"column":30}},"69":{"start":{"line":154,"column":4},"end":{"line":154,"column":85}},"70":{"start":{"line":156,"column":4},"end":{"line":156,"column":70}},"71":{"start":{"line":160,"column":29},"end":{"line":169,"column":1}},"72":{"start":{"line":161,"column":2},"end":{"line":168,"column":3}},"73":{"start":{"line":163,"column":28},"end":{"line":163,"column":45}},"74":{"start":{"line":165,"column":4},"end":{"line":165,"column":84}},"75":{"start":{"line":167,"column":4},"end":{"line":167,"column":73}}},"fnMap":{"0":{"name":"(anonymous_0)","decl":{"start":{"line":9,"column":22},"end":{"line":9,"column":23}},"loc":{"start":{"line":9,"column":42},"end":{"line":35,"column":1}},"line":9},"1":{"name":"(anonymous_1)","decl":{"start":{"line":37,"column":27},"end":{"line":37,"column":28}},"loc":{"start":{"line":37,"column":47},"end":{"line":45,"column":1}},"line":37},"2":{"name":"(anonymous_2)","decl":{"start":{"line":47,"column":34},"end":{"line":47,"column":35}},"loc":{"start":{"line":47,"column":54},"end":{"line":55,"column":1}},"line":47},"3":{"name":"(anonymous_3)","decl":{"start":{"line":58,"column":23},"end":{"line":58,"column":24}},"loc":{"start":{"line":58,"column":43},"end":{"line":83,"column":1}},"line":58},"4":{"name":"(anonymous_4)","decl":{"start":{"line":85,"column":21},"end":{"line":85,"column":22}},"loc":{"start":{"line":85,"column":41},"end":{"line":135,"column":1}},"line":85},"5":{"name":"(anonymous_5)","decl":{"start":{"line":137,"column":22},"end":{"line":137,"column":23}},"loc":{"start":{"line":137,"column":42},"end":{"line":148,"column":1}},"line":137},"6":{"name":"(anonymous_6)","decl":{"start":{"line":150,"column":30},"end":{"line":150,"column":31}},"loc":{"start":{"line":150,"column":50},"end":{"line":158,"column":1}},"line":150},"7":{"name":"(anonymous_7)","decl":{"start":{"line":160,"column":29},"end":{"line":160,"column":30}},"loc":{"start":{"line":160,"column":49},"end":{"line":169,"column":1}},"line":160}},"branchMap":{"0":{"loc":{"start":{"line":16,"column":4},"end":{"line":20,"column":5}},"type":"if","locations":[{"start":{"line":16,"column":4},"end":{"line":20,"column":5}},{"start":{},"end":{}}],"line":16},"1":{"loc":{"start":{"line":62,"column":4},"end":{"line":62,"column":93}},"type":"if","locations":[{"start":{"line":62,"column":4},"end":{"line":62,"column":93}},{"start":{},"end":{}}],"line":62},"2":{"loc":{"start":{"line":92,"column":4},"end":{"line":94,"column":5}},"type":"if","locations":[{"start":{"line":92,"column":4},"end":{"line":94,"column":5}},{"start":{},"end":{}}],"line":92},"3":{"loc":{"start":{"line":98,"column":4},"end":{"line":100,"column":5}},"type":"if","locations":[{"start":{"line":98,"column":4},"end":{"line":100,"column":5}},{"start":{},"end":{}}],"line":98}},"s":{"0":7,"1":7,"2":7,"3":7,"4":7,"5":7,"6":1,"7":6,"8":6,"9":6,"10":0,"11":0,"12":7,"13":0,"14":0,"15":0,"16":7,"17":0,"18":0,"19":0,"20":0,"21":7,"22":1,"23":1,"24":1,"25":1,"26":0,"27":1,"28":1,"29":1,"30":1,"31":1,"32":1,"33":1,"34":1,"35":0,"36":7,"37":7,"38":7,"39":7,"40":7,"41":7,"42":1,"43":6,"44":6,"45":0,"46":6,"47":6,"48":6,"49":6,"50":6,"51":6,"52":6,"53":6,"54":6,"55":6,"56":0,"57":0,"58":7,"59":1,"60":1,"61":1,"62":1,"63":1,"64":0,"65":0,"66":7,"67":0,"68":0,"69":0,"70":0,"71":7,"72":0,"73":0,"74":0,"75":0},"f":{"0":7,"1":0,"2":0,"3":1,"4":7,"5":1,"6":0,"7":0},"b":{"0":[1,6],"1":[0,1],"2":[1,6],"3":[0,6]},"_coverageSchema":"1a1c01bbd47fc00a2c39e90264f33305004495a9","hash":"2506262e739e2887c227d594472fd002a2bc9936"}
,"/home/joshua/tia_connect/TIA-WEBSITE/Backend/controllers/businessController.js": {"path":"/home/joshua/tia_connect/TIA-WEBSITE/Backend/controllers/businessController.js","statementMap":{"0":{"start":{"line":5,"column":28},"end":{"line":38,"column":1}},"1":{"start":{"line":6,"column":17},"end":{"line":6,"column":30}},"2":{"start":{"line":7,"column":21},"end":{"line":7,"column":38}},"3":{"start":{"line":9,"column":27},"end":{"line":9,"column":75}},"4":{"start":{"line":11,"column":4},"end":{"line":13,"column":5}},"5":{"start":{"line":12,"column":8},"end":{"line":12,"column":71}},"6":{"start":{"line":15,"column":23},"end":{"line":15,"column":40}},"7":{"start":{"line":16,"column":15},"end":{"line":16,"column":52}},"8":{"start":{"line":17,"column":24},"end":{"line":17,"column":65}},"9":{"start":{"line":18,"column":21},"end":{"line":18,"column":59}},"10":{"start":{"line":19,"column":20},"end":{"line":19,"column":57}},"11":{"start":{"line":22,"column":4},"end":{"line":37,"column":6}},"12":{"start":{"line":40,"column":30},"end":{"line":72,"column":1}},"13":{"start":{"line":41,"column":17},"end":{"line":41,"column":30}},"14":{"start":{"line":42,"column":21},"end":{"line":42,"column":38}},"15":{"start":{"line":43,"column":19},"end":{"line":43,"column":29}},"16":{"start":{"line":45,"column":27},"end":{"line":45,"column":56}},"17":{"start":{"line":46,"column":4},"end":{"line":48,"column":5}},"18":{"start":{"line":47,"column":8},"end":{"line":47,"column":80}},"19":{"start":{"line":50,"column":23},"end":{"line":50,"column":40}},"20":{"start":{"line":51,"column":15},"end":{"line":51,"column":52}},"21":{"start":{"line":52,"column":24},"end":{"line":52,"column":65}},"22":{"start":{"line":53,"column":21},"end":{"line":53,"column":59}},"23":{"start":{"line":54,"column":20},"end":{"line":54,"column":57}},"24":{"start":{"line":57,"column":4},"end":{"line":71,"column":6}},"25":{"start":{"line":74,"column":29},"end":{"line":95,"column":1}},"26":{"start":{"line":75,"column":4},"end":{"line":94,"column":5}},"27":{"start":{"line":76,"column":25},"end":{"line":76,"column":42}},"28":{"start":{"line":77,"column":21},"end":{"line":77,"column":34}},"29":{"start":{"line":78,"column":31},"end":{"line":78,"column":79}},"30":{"start":{"line":80,"column":8},"end":{"line":82,"column":9}},"31":{"start":{"line":81,"column":12},"end":{"line":81,"column":75}},"32":{"start":{"line":83,"column":27},"end":{"line":83,"column":44}},"33":{"start":{"line":85,"column":8},"end":{"line":89,"column":9}},"34":{"start":{"line":86,"column":12},"end":{"line":86,"column":64}},"35":{"start":{"line":88,"column":12},"end":{"line":88,"column":66}},"36":{"start":{"line":91,"column":8},"end":{"line":91,"column":67}},"37":{"start":{"line":93,"column":8},"end":{"line":93,"column":72}},"38":{"start":{"line":97,"column":27},"end":{"line":127,"column":1}},"39":{"start":{"line":98,"column":4},"end":{"line":126,"column":5}},"40":{"start":{"line":99,"column":29},"end":{"line":99,"column":37}},"41":{"start":{"line":100,"column":8},"end":{"line":102,"column":9}},"42":{"start":{"line":101,"column":12},"end":{"line":101,"column":74}},"43":{"start":{"line":103,"column":25},"end":{"line":103,"column":42}},"44":{"start":{"line":104,"column":21},"end":{"line":104,"column":34}},"45":{"start":{"line":105,"column":31},"end":{"line":105,"column":79}},"46":{"start":{"line":107,"column":8},"end":{"line":109,"column":9}},"47":{"start":{"line":108,"column":12},"end":{"line":108,"column":75}},"48":{"start":{"line":110,"column":27},"end":{"line":110,"column":44}},"49":{"start":{"line":112,"column":26},"end":{"line":112,"column":28}},"50":{"start":{"line":113,"column":8},"end":{"line":118,"column":9}},"51":{"start":{"line":114,"column":32},"end":{"line":114,"column":47}},"52":{"start":{"line":115,"column":23},"end":{"line":115,"column":73}},"53":{"start":{"line":116,"column":12},"end":{"line":116,"column":42}},"54":{"start":{"line":120,"column":8},"end":{"line":120,"column":83}},"55":{"start":{"line":124,"column":8},"end":{"line":124,"column":28}},"56":{"start":{"line":125,"column":8},"end":{"line":125,"column":72}},"57":{"start":{"line":129,"column":26},"end":{"line":159,"column":1}},"58":{"start":{"line":130,"column":4},"end":{"line":158,"column":5}},"59":{"start":{"line":131,"column":28},"end":{"line":131,"column":36}},"60":{"start":{"line":132,"column":8},"end":{"line":132,"column":29}},"61":{"start":{"line":133,"column":8},"end":{"line":135,"column":9}},"62":{"start":{"line":134,"column":12},"end":{"line":134,"column":73}},"63":{"start":{"line":136,"column":25},"end":{"line":136,"column":42}},"64":{"start":{"line":137,"column":21},"end":{"line":137,"column":34}},"65":{"start":{"line":138,"column":31},"end":{"line":138,"column":79}},"66":{"start":{"line":140,"column":8},"end":{"line":142,"column":9}},"67":{"start":{"line":141,"column":12},"end":{"line":141,"column":75}},"68":{"start":{"line":143,"column":27},"end":{"line":143,"column":44}},"69":{"start":{"line":145,"column":25},"end":{"line":145,"column":27}},"70":{"start":{"line":146,"column":8},"end":{"line":150,"column":9}},"71":{"start":{"line":147,"column":31},"end":{"line":147,"column":45}},"72":{"start":{"line":148,"column":23},"end":{"line":148,"column":71}},"73":{"start":{"line":149,"column":12},"end":{"line":149,"column":40}},"74":{"start":{"line":152,"column":8},"end":{"line":152,"column":81}},"75":{"start":{"line":156,"column":8},"end":{"line":156,"column":28}},"76":{"start":{"line":157,"column":8},"end":{"line":157,"column":72}},"77":{"start":{"line":162,"column":30},"end":{"line":196,"column":1}},"78":{"start":{"line":163,"column":4},"end":{"line":195,"column":5}},"79":{"start":{"line":164,"column":29},"end":{"line":164,"column":37}},"80":{"start":{"line":165,"column":8},"end":{"line":165,"column":30}},"81":{"start":{"line":166,"column":8},"end":{"line":168,"column":9}},"82":{"start":{"line":167,"column":12},"end":{"line":167,"column":74}},"83":{"start":{"line":169,"column":25},"end":{"line":169,"column":42}},"84":{"start":{"line":170,"column":21},"end":{"line":170,"column":34}},"85":{"start":{"line":171,"column":31},"end":{"line":171,"column":79}},"86":{"start":{"line":173,"column":8},"end":{"line":175,"column":9}},"87":{"start":{"line":174,"column":12},"end":{"line":174,"column":75}},"88":{"start":{"line":176,"column":27},"end":{"line":176,"column":44}},"89":{"start":{"line":178,"column":23},"end":{"line":178,"column":25}},"90":{"start":{"line":179,"column":8},"end":{"line":187,"column":9}},"91":{"start":{"line":180,"column":30},"end":{"line":180,"column":45}},"92":{"start":{"line":181,"column":33},"end":{"line":181,"column":84}},"93":{"start":{"line":182,"column":12},"end":{"line":186,"column":13}},"94":{"start":{"line":183,"column":16},"end":{"line":183,"column":48}},"95":{"start":{"line":185,"column":16},"end":{"line":185,"column":82}},"96":{"start":{"line":189,"column":8},"end":{"line":189,"column":77}},"97":{"start":{"line":193,"column":8},"end":{"line":193,"column":28}},"98":{"start":{"line":194,"column":8},"end":{"line":194,"column":72}},"99":{"start":{"line":198,"column":29},"end":{"line":232,"column":1}},"100":{"start":{"line":199,"column":4},"end":{"line":231,"column":5}},"101":{"start":{"line":200,"column":28},"end":{"line":200,"column":36}},"102":{"start":{"line":201,"column":8},"end":{"line":201,"column":29}},"103":{"start":{"line":202,"column":8},"end":{"line":204,"column":9}},"104":{"start":{"line":203,"column":12},"end":{"line":203,"column":73}},"105":{"start":{"line":205,"column":25},"end":{"line":205,"column":42}},"106":{"start":{"line":206,"column":21},"end":{"line":206,"column":34}},"107":{"start":{"line":207,"column":31},"end":{"line":207,"column":79}},"108":{"start":{"line":209,"column":8},"end":{"line":211,"column":9}},"109":{"start":{"line":210,"column":12},"end":{"line":210,"column":75}},"110":{"start":{"line":212,"column":27},"end":{"line":212,"column":44}},"111":{"start":{"line":214,"column":23},"end":{"line":214,"column":25}},"112":{"start":{"line":215,"column":8},"end":{"line":223,"column":9}},"113":{"start":{"line":216,"column":29},"end":{"line":216,"column":43}},"114":{"start":{"line":217,"column":33},"end":{"line":217,"column":82}},"115":{"start":{"line":218,"column":12},"end":{"line":222,"column":13}},"116":{"start":{"line":219,"column":16},"end":{"line":219,"column":47}},"117":{"start":{"line":221,"column":16},"end":{"line":221,"column":80}},"118":{"start":{"line":225,"column":8},"end":{"line":225,"column":77}},"119":{"start":{"line":229,"column":8},"end":{"line":229,"column":28}},"120":{"start":{"line":230,"column":8},"end":{"line":230,"column":72}},"121":{"start":{"line":234,"column":29},"end":{"line":268,"column":1}},"122":{"start":{"line":235,"column":4},"end":{"line":267,"column":5}},"123":{"start":{"line":236,"column":25},"end":{"line":236,"column":42}},"124":{"start":{"line":237,"column":21},"end":{"line":237,"column":34}},"125":{"start":{"line":238,"column":62},"end":{"line":238,"column":70}},"126":{"start":{"line":239,"column":31},"end":{"line":239,"column":79}},"127":{"start":{"line":240,"column":8},"end":{"line":242,"column":9}},"128":{"start":{"line":241,"column":12},"end":{"line":241,"column":75}},"129":{"start":{"line":243,"column":31},"end":{"line":243,"column":48}},"130":{"start":{"line":244,"column":8},"end":{"line":246,"column":9}},"131":{"start":{"line":245,"column":12},"end":{"line":245,"column":87}},"132":{"start":{"line":247,"column":8},"end":{"line":249,"column":9}},"133":{"start":{"line":248,"column":12},"end":{"line":248,"column":88}},"134":{"start":{"line":251,"column":8},"end":{"line":253,"column":9}},"135":{"start":{"line":252,"column":12},"end":{"line":252,"column":107}},"136":{"start":{"line":258,"column":8},"end":{"line":260,"column":9}},"137":{"start":{"line":259,"column":12},"end":{"line":259,"column":76}},"138":{"start":{"line":261,"column":29},"end":{"line":261,"column":100}},"139":{"start":{"line":262,"column":8},"end":{"line":262,"column":94}},"140":{"start":{"line":265,"column":8},"end":{"line":265,"column":28}},"141":{"start":{"line":266,"column":8},"end":{"line":266,"column":72}},"142":{"start":{"line":270,"column":32},"end":{"line":311,"column":1}},"143":{"start":{"line":271,"column":4},"end":{"line":310,"column":5}},"144":{"start":{"line":272,"column":25},"end":{"line":272,"column":42}},"145":{"start":{"line":273,"column":21},"end":{"line":273,"column":34}},"146":{"start":{"line":274,"column":23},"end":{"line":274,"column":31}},"147":{"start":{"line":275,"column":8},"end":{"line":277,"column":9}},"148":{"start":{"line":276,"column":12},"end":{"line":276,"column":79}},"149":{"start":{"line":278,"column":29},"end":{"line":278,"column":77}},"150":{"start":{"line":279,"column":8},"end":{"line":281,"column":9}},"151":{"start":{"line":280,"column":12},"end":{"line":280,"column":75}},"152":{"start":{"line":283,"column":27},"end":{"line":283,"column":63}},"153":{"start":{"line":285,"column":8},"end":{"line":287,"column":9}},"154":{"start":{"line":286,"column":12},"end":{"line":286,"column":81}},"155":{"start":{"line":290,"column":37},"end":{"line":290,"column":70}},"156":{"start":{"line":291,"column":36},"end":{"line":291,"column":68}},"157":{"start":{"line":294,"column":8},"end":{"line":294,"column":23}},"158":{"start":{"line":295,"column":8},"end":{"line":295,"column":41}},"159":{"start":{"line":296,"column":8},"end":{"line":296,"column":40}},"160":{"start":{"line":298,"column":8},"end":{"line":300,"column":9}},"161":{"start":{"line":299,"column":12},"end":{"line":299,"column":107}},"162":{"start":{"line":301,"column":29},"end":{"line":301,"column":64}},"163":{"start":{"line":302,"column":8},"end":{"line":304,"column":9}},"164":{"start":{"line":303,"column":12},"end":{"line":303,"column":80}},"165":{"start":{"line":306,"column":8},"end":{"line":306,"column":68}},"166":{"start":{"line":308,"column":8},"end":{"line":308,"column":28}},"167":{"start":{"line":309,"column":8},"end":{"line":309,"column":72}},"168":{"start":{"line":313,"column":31},"end":{"line":353,"column":1}},"169":{"start":{"line":314,"column":2},"end":{"line":352,"column":3}},"170":{"start":{"line":315,"column":21},"end":{"line":315,"column":38}},"171":{"start":{"line":318,"column":20},"end":{"line":318,"column":34}},"172":{"start":{"line":319,"column":18},"end":{"line":319,"column":53}},"173":{"start":{"line":320,"column":19},"end":{"line":320,"column":41}},"174":{"start":{"line":323,"column":17},"end":{"line":323,"column":38}},"175":{"start":{"line":324,"column":4},"end":{"line":326,"column":5}},"176":{"start":{"line":325,"column":6},"end":{"line":325,"column":82}},"177":{"start":{"line":329,"column":21},"end":{"line":329,"column":23}},"178":{"start":{"line":330,"column":4},"end":{"line":338,"column":5}},"179":{"start":{"line":331,"column":6},"end":{"line":335,"column":7}},"180":{"start":{"line":332,"column":8},"end":{"line":332,"column":66}},"181":{"start":{"line":332,"column":52},"end":{"line":332,"column":64}},"182":{"start":{"line":334,"column":8},"end":{"line":334,"column":77}},"183":{"start":{"line":334,"column":63},"end":{"line":334,"column":75}},"184":{"start":{"line":337,"column":6},"end":{"line":337,"column":55}},"185":{"start":{"line":337,"column":43},"end":{"line":337,"column":53}},"186":{"start":{"line":341,"column":19},"end":{"line":341,"column":79}},"187":{"start":{"line":343,"column":4},"end":{"line":347,"column":7}},"188":{"start":{"line":350,"column":4},"end":{"line":350,"column":52}},"189":{"start":{"line":351,"column":4},"end":{"line":351,"column":70}}},"fnMap":{"0":{"name":"(anonymous_0)","decl":{"start":{"line":5,"column":28},"end":{"line":5,"column":29}},"loc":{"start":{"line":5,"column":48},"end":{"line":38,"column":1}},"line":5},"1":{"name":"(anonymous_1)","decl":{"start":{"line":40,"column":30},"end":{"line":40,"column":31}},"loc":{"start":{"line":40,"column":50},"end":{"line":72,"column":1}},"line":40},"2":{"name":"(anonymous_2)","decl":{"start":{"line":74,"column":29},"end":{"line":74,"column":30}},"loc":{"start":{"line":74,"column":49},"end":{"line":95,"column":1}},"line":74},"3":{"name":"(anonymous_3)","decl":{"start":{"line":97,"column":27},"end":{"line":97,"column":28}},"loc":{"start":{"line":97,"column":47},"end":{"line":127,"column":1}},"line":97},"4":{"name":"(anonymous_4)","decl":{"start":{"line":129,"column":26},"end":{"line":129,"column":27}},"loc":{"start":{"line":129,"column":46},"end":{"line":159,"column":1}},"line":129},"5":{"name":"(anonymous_5)","decl":{"start":{"line":162,"column":30},"end":{"line":162,"column":31}},"loc":{"start":{"line":162,"column":50},"end":{"line":196,"column":1}},"line":162},"6":{"name":"(anonymous_6)","decl":{"start":{"line":198,"column":29},"end":{"line":198,"column":30}},"loc":{"start":{"line":198,"column":49},"end":{"line":232,"column":1}},"line":198},"7":{"name":"(anonymous_7)","decl":{"start":{"line":234,"column":29},"end":{"line":234,"column":30}},"loc":{"start":{"line":234,"column":49},"end":{"line":268,"column":1}},"line":234},"8":{"name":"(anonymous_8)","decl":{"start":{"line":270,"column":32},"end":{"line":270,"column":33}},"loc":{"start":{"line":270,"column":52},"end":{"line":311,"column":1}},"line":270},"9":{"name":"(anonymous_9)","decl":{"start":{"line":313,"column":31},"end":{"line":313,"column":32}},"loc":{"start":{"line":313,"column":51},"end":{"line":353,"column":1}},"line":313},"10":{"name":"(anonymous_10)","decl":{"start":{"line":332,"column":46},"end":{"line":332,"column":47}},"loc":{"start":{"line":332,"column":52},"end":{"line":332,"column":64}},"line":332},"11":{"name":"(anonymous_11)","decl":{"start":{"line":334,"column":57},"end":{"line":334,"column":58}},"loc":{"start":{"line":334,"column":63},"end":{"line":334,"column":75}},"line":334},"12":{"name":"(anonymous_12)","decl":{"start":{"line":337,"column":37},"end":{"line":337,"column":38}},"loc":{"start":{"line":337,"column":43},"end":{"line":337,"column":53}},"line":337}},"branchMap":{"0":{"loc":{"start":{"line":11,"column":4},"end":{"line":13,"column":5}},"type":"if","locations":[{"start":{"line":11,"column":4},"end":{"line":13,"column":5}},{"start":{},"end":{}}],"line":11},"1":{"loc":{"start":{"line":46,"column":4},"end":{"line":48,"column":5}},"type":"if","locations":[{"start":{"line":46,"column":4},"end":{"line":48,"column":5}},{"start":{},"end":{}}],"line":46},"2":{"loc":{"start":{"line":80,"column":8},"end":{"line":82,"column":9}},"type":"if","locations":[{"start":{"line":80,"column":8},"end":{"line":82,"column":9}},{"start":{},"end":{}}],"line":80},"3":{"loc":{"start":{"line":100,"column":8},"end":{"line":102,"column":9}},"type":"if","locations":[{"start":{"line":100,"column":8},"end":{"line":102,"column":9}},{"start":{},"end":{}}],"line":100},"4":{"loc":{"start":{"line":100,"column":12},"end":{"line":100,"column":45}},"type":"binary-expr","locations":[{"start":{"line":100,"column":12},"end":{"line":100,"column":21}},{"start":{"line":100,"column":25},"end":{"line":100,"column":45}}],"line":100},"5":{"loc":{"start":{"line":107,"column":8},"end":{"line":109,"column":9}},"type":"if","locations":[{"start":{"line":107,"column":8},"end":{"line":109,"column":9}},{"start":{},"end":{}}],"line":107},"6":{"loc":{"start":{"line":133,"column":8},"end":{"line":135,"column":9}},"type":"if","locations":[{"start":{"line":133,"column":8},"end":{"line":135,"column":9}},{"start":{},"end":{}}],"line":133},"7":{"loc":{"start":{"line":133,"column":12},"end":{"line":133,"column":43}},"type":"binary-expr","locations":[{"start":{"line":133,"column":12},"end":{"line":133,"column":20}},{"start":{"line":133,"column":24},"end":{"line":133,"column":43}}],"line":133},"8":{"loc":{"start":{"line":140,"column":8},"end":{"line":142,"column":9}},"type":"if","locations":[{"start":{"line":140,"column":8},"end":{"line":142,"column":9}},{"start":{},"end":{}}],"line":140},"9":{"loc":{"start":{"line":166,"column":8},"end":{"line":168,"column":9}},"type":"if","locations":[{"start":{"line":166,"column":8},"end":{"line":168,"column":9}},{"start":{},"end":{}}],"line":166},"10":{"loc":{"start":{"line":166,"column":12},"end":{"line":166,"column":45}},"type":"binary-expr","locations":[{"start":{"line":166,"column":12},"end":{"line":166,"column":21}},{"start":{"line":166,"column":25},"end":{"line":166,"column":45}}],"line":166},"11":{"loc":{"start":{"line":173,"column":8},"end":{"line":175,"column":9}},"type":"if","locations":[{"start":{"line":173,"column":8},"end":{"line":175,"column":9}},{"start":{},"end":{}}],"line":173},"12":{"loc":{"start":{"line":182,"column":12},"end":{"line":186,"column":13}},"type":"if","locations":[{"start":{"line":182,"column":12},"end":{"line":186,"column":13}},{"start":{"line":184,"column":19},"end":{"line":186,"column":13}}],"line":182},"13":{"loc":{"start":{"line":202,"column":8},"end":{"line":204,"column":9}},"type":"if","locations":[{"start":{"line":202,"column":8},"end":{"line":204,"column":9}},{"start":{},"end":{}}],"line":202},"14":{"loc":{"start":{"line":202,"column":12},"end":{"line":202,"column":43}},"type":"binary-expr","locations":[{"start":{"line":202,"column":12},"end":{"line":202,"column":20}},{"start":{"line":202,"column":24},"end":{"line":202,"column":43}}],"line":202},"15":{"loc":{"start":{"line":209,"column":8},"end":{"line":211,"column":9}},"type":"if","locations":[{"start":{"line":209,"column":8},"end":{"line":211,"column":9}},{"start":{},"end":{}}],"line":209},"16":{"loc":{"start":{"line":218,"column":12},"end":{"line":222,"column":13}},"type":"if","locations":[{"start":{"line":218,"column":12},"end":{"line":222,"column":13}},{"start":{"line":220,"column":19},"end":{"line":222,"column":13}}],"line":218},"17":{"loc":{"start":{"line":240,"column":8},"end":{"line":242,"column":9}},"type":"if","locations":[{"start":{"line":240,"column":8},"end":{"line":242,"column":9}},{"start":{},"end":{}}],"line":240},"18":{"loc":{"start":{"line":244,"column":8},"end":{"line":246,"column":9}},"type":"if","locations":[{"start":{"line":244,"column":8},"end":{"line":246,"column":9}},{"start":{},"end":{}}],"line":244},"19":{"loc":{"start":{"line":247,"column":8},"end":{"line":249,"column":9}},"type":"if","locations":[{"start":{"line":247,"column":8},"end":{"line":249,"column":9}},{"start":{},"end":{}}],"line":247},"20":{"loc":{"start":{"line":251,"column":8},"end":{"line":253,"column":9}},"type":"if","locations":[{"start":{"line":251,"column":8},"end":{"line":253,"column":9}},{"start":{},"end":{}}],"line":251},"21":{"loc":{"start":{"line":258,"column":8},"end":{"line":260,"column":9}},"type":"if","locations":[{"start":{"line":258,"column":8},"end":{"line":260,"column":9}},{"start":{},"end":{}}],"line":258},"22":{"loc":{"start":{"line":275,"column":8},"end":{"line":277,"column":9}},"type":"if","locations":[{"start":{"line":275,"column":8},"end":{"line":277,"column":9}},{"start":{},"end":{}}],"line":275},"23":{"loc":{"start":{"line":279,"column":8},"end":{"line":281,"column":9}},"type":"if","locations":[{"start":{"line":279,"column":8},"end":{"line":281,"column":9}},{"start":{},"end":{}}],"line":279},"24":{"loc":{"start":{"line":285,"column":8},"end":{"line":287,"column":9}},"type":"if","locations":[{"start":{"line":285,"column":8},"end":{"line":287,"column":9}},{"start":{},"end":{}}],"line":285},"25":{"loc":{"start":{"line":298,"column":8},"end":{"line":300,"column":9}},"type":"if","locations":[{"start":{"line":298,"column":8},"end":{"line":300,"column":9}},{"start":{},"end":{}}],"line":298},"26":{"loc":{"start":{"line":298,"column":12},"end":{"line":298,"column":93}},"type":"binary-expr","locations":[{"start":{"line":298,"column":12},"end":{"line":298,"column":51}},{"start":{"line":298,"column":55},"end":{"line":298,"column":93}}],"line":298},"27":{"loc":{"start":{"line":302,"column":8},"end":{"line":304,"column":9}},"type":"if","locations":[{"start":{"line":302,"column":8},"end":{"line":304,"column":9}},{"start":{},"end":{}}],"line":302},"28":{"loc":{"start":{"line":319,"column":18},"end":{"line":319,"column":53}},"type":"binary-expr","locations":[{"start":{"line":319,"column":18},"end":{"line":319,"column":47}},{"start":{"line":319,"column":51},"end":{"line":319,"column":53}}],"line":319},"29":{"loc":{"start":{"line":320,"column":19},"end":{"line":320,"column":41}},"type":"binary-expr","locations":[{"start":{"line":320,"column":19},"end":{"line":320,"column":35}},{"start":{"line":320,"column":39},"end":{"line":320,"column":41}}],"line":320},"30":{"loc":{"start":{"line":324,"column":4},"end":{"line":326,"column":5}},"type":"if","locations":[{"start":{"line":324,"column":4},"end":{"line":326,"column":5}},{"start":{},"end":{}}],"line":324},"31":{"loc":{"start":{"line":324,"column":8},"end":{"line":324,"column":76}},"type":"binary-expr","locations":[{"start":{"line":324,"column":8},"end":{"line":324,"column":19}},{"start":{"line":324,"column":23},"end":{"line":324,"column":31}},{"start":{"line":324,"column":35},"end":{"line":324,"column":76}}],"line":324},"32":{"loc":{"start":{"line":330,"column":4},"end":{"line":338,"column":5}},"type":"if","locations":[{"start":{"line":330,"column":4},"end":{"line":338,"column":5}},{"start":{},"end":{}}],"line":330},"33":{"loc":{"start":{"line":331,"column":6},"end":{"line":335,"column":7}},"type":"if","locations":[{"start":{"line":331,"column":6},"end":{"line":335,"column":7}},{"start":{"line":333,"column":13},"end":{"line":335,"column":7}}],"line":331}},"s":{"0":7,"1":1,"2":1,"3":1,"4":1,"5":0,"6":1,"7":1,"8":1,"9":1,"10":1,"11":1,"12":7,"13":2,"14":2,"15":2,"16":2,"17":2,"18":1,"19":1,"20":1,"21":1,"22":1,"23":1,"24":1,"25":7,"26":2,"27":2,"28":2,"29":2,"30":2,"31":0,"32":2,"33":2,"34":2,"35":1,"36":1,"37":0,"38":7,"39":2,"40":2,"41":2,"42":1,"43":1,"44":1,"45":1,"46":1,"47":0,"48":1,"49":1,"50":1,"51":2,"52":2,"53":2,"54":1,"55":0,"56":0,"57":7,"58":2,"59":2,"60":2,"61":2,"62":1,"63":1,"64":1,"65":1,"66":1,"67":0,"68":1,"69":1,"70":1,"71":2,"72":2,"73":2,"74":1,"75":0,"76":0,"77":7,"78":2,"79":2,"80":2,"81":2,"82":1,"83":1,"84":1,"85":1,"86":1,"87":0,"88":1,"89":1,"90":1,"91":1,"92":1,"93":1,"94":1,"95":0,"96":1,"97":0,"98":0,"99":7,"100":2,"101":2,"102":2,"103":2,"104":1,"105":1,"106":1,"107":1,"108":1,"109":0,"110":1,"111":1,"112":1,"113":1,"114":1,"115":1,"116":1,"117":0,"118":1,"119":0,"120":0,"121":7,"122":2,"123":2,"124":2,"125":2,"126":2,"127":2,"128":0,"129":2,"130":2,"131":0,"132":2,"133":0,"134":2,"135":0,"136":2,"137":1,"138":1,"139":1,"140":0,"141":0,"142":7,"143":2,"144":2,"145":2,"146":2,"147":2,"148":1,"149":1,"150":1,"151":0,"152":1,"153":1,"154":0,"155":1,"156":1,"157":1,"158":1,"159":1,"160":1,"161":0,"162":1,"163":1,"164":0,"165":1,"166":0,"167":0,"168":7,"169":2,"170":2,"171":2,"172":2,"173":2,"174":2,"175":2,"176":1,"177":1,"178":1,"179":0,"180":0,"181":0,"182":0,"183":0,"184":0,"185":0,"186":1,"187":1,"188":0,"189":0},"f":{"0":1,"1":2,"2":2,"3":2,"4":2,"5":2,"6":2,"7":2,"8":2,"9":2,"10":0,"11":0,"12":0},"b":{"0":[0,1],"1":[1,1],"2":[0,2],"3":[1,1],"4":[2,2],"5":[0,1],"6":[1,1],"7":[2,2],"8":[0,1],"9":[1,1],"10":[2,2],"11":[0,1],"12":[1,0],"13":[1,1],"14":[2,2],"15":[0,1],"16":[1,0],"17":[0,2],"18":[0,2],"19":[0,2],"20":[0,2],"21":[1,1],"22":[1,1],"23":[0,1],"24":[0,1],"25":[0,1],"26":[1,0],"27":[0,1],"28":[2,1],"29":[2,2],"30":[1,1],"31":[2,2,1],"32":[0,1],"33":[0,0]},"_coverageSchema":"1a1c01bbd47fc00a2c39e90264f33305004495a9","hash":"606e7f60ff75a08887dd603f4aa02d591ea0be39"}
,"/home/joshua/tia_connect/TIA-WEBSITE/Backend/controllers/caseStudyController.js": {"path":"/home/joshua/tia_connect/TIA-WEBSITE/Backend/controllers/caseStudyController.js","statementMap":{"0":{"start":{"line":5,"column":32},"end":{"line":34,"column":1}},"1":{"start":{"line":6,"column":4},"end":{"line":33,"column":5}},"2":{"start":{"line":7,"column":21},"end":{"line":7,"column":34}},"3":{"start":{"line":8,"column":28},"end":{"line":8,"column":46}},"4":{"start":{"line":9,"column":24},"end":{"line":9,"column":58}},"5":{"start":{"line":10,"column":8},"end":{"line":12,"column":9}},"6":{"start":{"line":11,"column":12},"end":{"line":11,"column":68}},"7":{"start":{"line":13,"column":32},"end":{"line":13,"column":80}},"8":{"start":{"line":14,"column":8},"end":{"line":16,"column":9}},"9":{"start":{"line":15,"column":12},"end":{"line":15,"column":95}},"10":{"start":{"line":17,"column":36},"end":{"line":17,"column":38}},"11":{"start":{"line":18,"column":8},"end":{"line":27,"column":9}},"12":{"start":{"line":19,"column":12},"end":{"line":26,"column":14}},"13":{"start":{"line":28,"column":8},"end":{"line":28,"column":92}},"14":{"start":{"line":31,"column":8},"end":{"line":31,"column":27}},"15":{"start":{"line":32,"column":8},"end":{"line":32,"column":65}},"16":{"start":{"line":36,"column":28},"end":{"line":56,"column":1}},"17":{"start":{"line":37,"column":4},"end":{"line":55,"column":5}},"18":{"start":{"line":38,"column":28},"end":{"line":38,"column":46}},"19":{"start":{"line":39,"column":49},"end":{"line":39,"column":57}},"20":{"start":{"line":40,"column":8},"end":{"line":42,"column":9}},"21":{"start":{"line":41,"column":12},"end":{"line":41,"column":80}},"22":{"start":{"line":43,"column":8},"end":{"line":45,"column":9}},"23":{"start":{"line":44,"column":12},"end":{"line":44,"column":88}},"24":{"start":{"line":46,"column":24},"end":{"line":46,"column":38}},"25":{"start":{"line":47,"column":30},"end":{"line":47,"column":82}},"26":{"start":{"line":48,"column":32},"end":{"line":48,"column":61}},"27":{"start":{"line":49,"column":28},"end":{"line":49,"column":119}},"28":{"start":{"line":50,"column":8},"end":{"line":50,"column":83}},"29":{"start":{"line":53,"column":8},"end":{"line":53,"column":27}},"30":{"start":{"line":54,"column":8},"end":{"line":54,"column":65}},"31":{"start":{"line":58,"column":31},"end":{"line":76,"column":1}},"32":{"start":{"line":59,"column":4},"end":{"line":75,"column":5}},"33":{"start":{"line":60,"column":28},"end":{"line":60,"column":46}},"34":{"start":{"line":61,"column":21},"end":{"line":61,"column":29}},"35":{"start":{"line":62,"column":8},"end":{"line":64,"column":9}},"36":{"start":{"line":63,"column":12},"end":{"line":63,"column":80}},"37":{"start":{"line":65,"column":26},"end":{"line":65,"column":60}},"38":{"start":{"line":66,"column":8},"end":{"line":68,"column":9}},"39":{"start":{"line":67,"column":12},"end":{"line":67,"column":83}},"40":{"start":{"line":69,"column":8},"end":{"line":69,"column":46}},"41":{"start":{"line":70,"column":8},"end":{"line":70,"column":69}},"42":{"start":{"line":73,"column":8},"end":{"line":73,"column":27}},"43":{"start":{"line":74,"column":8},"end":{"line":74,"column":65}},"44":{"start":{"line":78,"column":32},"end":{"line":95,"column":1}},"45":{"start":{"line":79,"column":4},"end":{"line":94,"column":5}},"46":{"start":{"line":80,"column":28},"end":{"line":80,"column":46}},"47":{"start":{"line":81,"column":21},"end":{"line":81,"column":29}},"48":{"start":{"line":82,"column":8},"end":{"line":84,"column":9}},"49":{"start":{"line":83,"column":12},"end":{"line":83,"column":80}},"50":{"start":{"line":85,"column":26},"end":{"line":85,"column":60}},"51":{"start":{"line":86,"column":8},"end":{"line":88,"column":9}},"52":{"start":{"line":87,"column":12},"end":{"line":87,"column":83}},"53":{"start":{"line":89,"column":8},"end":{"line":89,"column":47}},"54":{"start":{"line":90,"column":8},"end":{"line":90,"column":84}},"55":{"start":{"line":92,"column":8},"end":{"line":92,"column":27}},"56":{"start":{"line":93,"column":8},"end":{"line":93,"column":65}},"57":{"start":{"line":97,"column":34},"end":{"line":130,"column":1}},"58":{"start":{"line":98,"column":4},"end":{"line":129,"column":5}},"59":{"start":{"line":99,"column":21},"end":{"line":99,"column":34}},"60":{"start":{"line":100,"column":28},"end":{"line":100,"column":46}},"61":{"start":{"line":101,"column":21},"end":{"line":101,"column":31}},"62":{"start":{"line":102,"column":8},"end":{"line":104,"column":9}},"63":{"start":{"line":103,"column":12},"end":{"line":103,"column":80}},"64":{"start":{"line":105,"column":24},"end":{"line":105,"column":49}},"65":{"start":{"line":106,"column":8},"end":{"line":108,"column":9}},"66":{"start":{"line":107,"column":12},"end":{"line":107,"column":68}},"67":{"start":{"line":110,"column":32},"end":{"line":110,"column":87}},"68":{"start":{"line":111,"column":8},"end":{"line":113,"column":9}},"69":{"start":{"line":112,"column":12},"end":{"line":112,"column":96}},"70":{"start":{"line":114,"column":36},"end":{"line":114,"column":38}},"71":{"start":{"line":115,"column":8},"end":{"line":123,"column":9}},"72":{"start":{"line":116,"column":12},"end":{"line":122,"column":14}},"73":{"start":{"line":124,"column":8},"end":{"line":124,"column":93}},"74":{"start":{"line":127,"column":8},"end":{"line":127,"column":27}},"75":{"start":{"line":128,"column":8},"end":{"line":128,"column":65}}},"fnMap":{"0":{"name":"(anonymous_0)","decl":{"start":{"line":5,"column":32},"end":{"line":5,"column":33}},"loc":{"start":{"line":5,"column":52},"end":{"line":34,"column":1}},"line":5},"1":{"name":"(anonymous_1)","decl":{"start":{"line":36,"column":28},"end":{"line":36,"column":29}},"loc":{"start":{"line":36,"column":48},"end":{"line":56,"column":1}},"line":36},"2":{"name":"(anonymous_2)","decl":{"start":{"line":58,"column":31},"end":{"line":58,"column":32}},"loc":{"start":{"line":58,"column":51},"end":{"line":76,"column":1}},"line":58},"3":{"name":"(anonymous_3)","decl":{"start":{"line":78,"column":32},"end":{"line":78,"column":33}},"loc":{"start":{"line":78,"column":52},"end":{"line":95,"column":1}},"line":78},"4":{"name":"(anonymous_4)","decl":{"start":{"line":97,"column":34},"end":{"line":97,"column":35}},"loc":{"start":{"line":97,"column":54},"end":{"line":130,"column":1}},"line":97}},"branchMap":{"0":{"loc":{"start":{"line":10,"column":8},"end":{"line":12,"column":9}},"type":"if","locations":[{"start":{"line":10,"column":8},"end":{"line":12,"column":9}},{"start":{},"end":{}}],"line":10},"1":{"loc":{"start":{"line":14,"column":8},"end":{"line":16,"column":9}},"type":"if","locations":[{"start":{"line":14,"column":8},"end":{"line":16,"column":9}},{"start":{},"end":{}}],"line":14},"2":{"loc":{"start":{"line":25,"column":24},"end":{"line":25,"column":62}},"type":"cond-expr","locations":[{"start":{"line":25,"column":41},"end":{"line":25,"column":52}},{"start":{"line":25,"column":55},"end":{"line":25,"column":62}}],"line":25},"3":{"loc":{"start":{"line":40,"column":8},"end":{"line":42,"column":9}},"type":"if","locations":[{"start":{"line":40,"column":8},"end":{"line":42,"column":9}},{"start":{},"end":{}}],"line":40},"4":{"loc":{"start":{"line":40,"column":12},"end":{"line":40,"column":50}},"type":"binary-expr","locations":[{"start":{"line":40,"column":12},"end":{"line":40,"column":18}},{"start":{"line":40,"column":22},"end":{"line":40,"column":27}},{"start":{"line":40,"column":31},"end":{"line":40,"column":39}},{"start":{"line":40,"column":43},"end":{"line":40,"column":50}}],"line":40},"5":{"loc":{"start":{"line":43,"column":8},"end":{"line":45,"column":9}},"type":"if","locations":[{"start":{"line":43,"column":8},"end":{"line":45,"column":9}},{"start":{},"end":{}}],"line":43},"6":{"loc":{"start":{"line":43,"column":12},"end":{"line":43,"column":54}},"type":"binary-expr","locations":[{"start":{"line":43,"column":12},"end":{"line":43,"column":33}},{"start":{"line":43,"column":37},"end":{"line":43,"column":54}}],"line":43},"7":{"loc":{"start":{"line":48,"column":32},"end":{"line":48,"column":61}},"type":"cond-expr","locations":[{"start":{"line":48,"column":56},"end":{"line":48,"column":57}},{"start":{"line":48,"column":60},"end":{"line":48,"column":61}}],"line":48},"8":{"loc":{"start":{"line":62,"column":8},"end":{"line":64,"column":9}},"type":"if","locations":[{"start":{"line":62,"column":8},"end":{"line":64,"column":9}},{"start":{},"end":{}}],"line":62},"9":{"loc":{"start":{"line":66,"column":8},"end":{"line":68,"column":9}},"type":"if","locations":[{"start":{"line":66,"column":8},"end":{"line":68,"column":9}},{"start":{},"end":{}}],"line":66},"10":{"loc":{"start":{"line":66,"column":13},"end":{"line":66,"column":72}},"type":"binary-expr","locations":[{"start":{"line":66,"column":13},"end":{"line":66,"column":30}},{"start":{"line":66,"column":34},"end":{"line":66,"column":72}}],"line":66},"11":{"loc":{"start":{"line":82,"column":8},"end":{"line":84,"column":9}},"type":"if","locations":[{"start":{"line":82,"column":8},"end":{"line":84,"column":9}},{"start":{},"end":{}}],"line":82},"12":{"loc":{"start":{"line":86,"column":8},"end":{"line":88,"column":9}},"type":"if","locations":[{"start":{"line":86,"column":8},"end":{"line":88,"column":9}},{"start":{},"end":{}}],"line":86},"13":{"loc":{"start":{"line":86,"column":13},"end":{"line":86,"column":72}},"type":"binary-expr","locations":[{"start":{"line":86,"column":13},"end":{"line":86,"column":30}},{"start":{"line":86,"column":34},"end":{"line":86,"column":72}}],"line":86},"14":{"loc":{"start":{"line":102,"column":8},"end":{"line":104,"column":9}},"type":"if","locations":[{"start":{"line":102,"column":8},"end":{"line":104,"column":9}},{"start":{},"end":{}}],"line":102},"15":{"loc":{"start":{"line":106,"column":8},"end":{"line":108,"column":9}},"type":"if","locations":[{"start":{"line":106,"column":8},"end":{"line":108,"column":9}},{"start":{},"end":{}}],"line":106},"16":{"loc":{"start":{"line":111,"column":8},"end":{"line":113,"column":9}},"type":"if","locations":[{"start":{"line":111,"column":8},"end":{"line":113,"column":9}},{"start":{},"end":{}}],"line":111},"17":{"loc":{"start":{"line":121,"column":24},"end":{"line":121,"column":62}},"type":"cond-expr","locations":[{"start":{"line":121,"column":41},"end":{"line":121,"column":52}},{"start":{"line":121,"column":55},"end":{"line":121,"column":62}}],"line":121}},"s":{"0":7,"1":1,"2":1,"3":1,"4":1,"5":1,"6":0,"7":1,"8":1,"9":0,"10":1,"11":1,"12":1,"13":1,"14":0,"15":0,"16":7,"17":4,"18":4,"19":4,"20":4,"21":1,"22":3,"23":1,"24":2,"25":2,"26":2,"27":2,"28":2,"29":0,"30":0,"31":7,"32":3,"33":3,"34":3,"35":3,"36":1,"37":2,"38":2,"39":1,"40":1,"41":1,"42":0,"43":0,"44":7,"45":3,"46":3,"47":3,"48":3,"49":1,"50":2,"51":2,"52":1,"53":1,"54":1,"55":0,"56":0,"57":7,"58":2,"59":2,"60":2,"61":2,"62":2,"63":0,"64":2,"65":2,"66":1,"67":1,"68":1,"69":0,"70":1,"71":1,"72":1,"73":1,"74":0,"75":0},"f":{"0":1,"1":4,"2":3,"3":3,"4":2},"b":{"0":[0,1],"1":[0,1],"2":[0,1],"3":[1,3],"4":[4,4,3,3],"5":[1,2],"6":[3,2],"7":[1,1],"8":[1,2],"9":[1,1],"10":[2,1],"11":[1,2],"12":[1,1],"13":[2,1],"14":[0,2],"15":[1,1],"16":[0,1],"17":[1,0]},"_coverageSchema":"1a1c01bbd47fc00a2c39e90264f33305004495a9","hash":"b4ec0802a720aae22aa42eae789066dc7d4140f4"}
,"/home/joshua/tia_connect/TIA-WEBSITE/Backend/controllers/chatBotController.js": {"path":"/home/joshua/tia_connect/TIA-WEBSITE/Backend/controllers/chatBotController.js","statementMap":{"0":{"start":{"line":7,"column":27},"end":{"line":24,"column":1}},"1":{"start":{"line":8,"column":18},"end":{"line":8,"column":34}},"2":{"start":{"line":11,"column":27},"end":{"line":11,"column":65}},"3":{"start":{"line":13,"column":2},"end":{"line":15,"column":3}},"4":{"start":{"line":14,"column":4},"end":{"line":14,"column":62}},"5":{"start":{"line":16,"column":24},"end":{"line":16,"column":88}},"6":{"start":{"line":18,"column":2},"end":{"line":20,"column":3}},"7":{"start":{"line":19,"column":4},"end":{"line":19,"column":71}},"8":{"start":{"line":22,"column":2},"end":{"line":22,"column":116}},"9":{"start":{"line":23,"column":2},"end":{"line":23,"column":74}},"10":{"start":{"line":26,"column":27},"end":{"line":72,"column":1}},"11":{"start":{"line":27,"column":2},"end":{"line":71,"column":3}},"12":{"start":{"line":28,"column":20},"end":{"line":28,"column":31}},"13":{"start":{"line":29,"column":17},"end":{"line":29,"column":30}},"14":{"start":{"line":30,"column":20},"end":{"line":30,"column":50}},"15":{"start":{"line":31,"column":17},"end":{"line":31,"column":35}},"16":{"start":{"line":32,"column":22},"end":{"line":32,"column":53}},"17":{"start":{"line":33,"column":28},"end":{"line":33,"column":71}},"18":{"start":{"line":34,"column":20},"end":{"line":34,"column":36}},"19":{"start":{"line":35,"column":19},"end":{"line":35,"column":42}},"20":{"start":{"line":36,"column":16},"end":{"line":36,"column":40}},"21":{"start":{"line":37,"column":16},"end":{"line":37,"column":40}},"22":{"start":{"line":39,"column":20},"end":{"line":39,"column":36}},"23":{"start":{"line":40,"column":21},"end":{"line":40,"column":59}},"24":{"start":{"line":42,"column":4},"end":{"line":42,"column":75}},"25":{"start":{"line":44,"column":4},"end":{"line":46,"column":5}},"26":{"start":{"line":45,"column":6},"end":{"line":45,"column":89}},"27":{"start":{"line":49,"column":4},"end":{"line":56,"column":5}},"28":{"start":{"line":50,"column":6},"end":{"line":55,"column":7}},"29":{"start":{"line":51,"column":23},"end":{"line":51,"column":62}},"30":{"start":{"line":52,"column":8},"end":{"line":52,"column":32}},"31":{"start":{"line":54,"column":8},"end":{"line":54,"column":67}},"32":{"start":{"line":59,"column":24},"end":{"line":59,"column":130}},"33":{"start":{"line":61,"column":4},"end":{"line":65,"column":5}},"34":{"start":{"line":62,"column":6},"end":{"line":62,"column":69}},"35":{"start":{"line":63,"column":11},"end":{"line":65,"column":5}},"36":{"start":{"line":64,"column":6},"end":{"line":64,"column":42}},"37":{"start":{"line":67,"column":4},"end":{"line":67,"column":35}},"38":{"start":{"line":69,"column":4},"end":{"line":69,"column":62}},"39":{"start":{"line":70,"column":4},"end":{"line":70,"column":92}},"40":{"start":{"line":74,"column":28},"end":{"line":87,"column":1}},"41":{"start":{"line":75,"column":2},"end":{"line":86,"column":3}},"42":{"start":{"line":76,"column":20},"end":{"line":76,"column":31}},"43":{"start":{"line":77,"column":17},"end":{"line":77,"column":30}},"44":{"start":{"line":78,"column":20},"end":{"line":78,"column":50}},"45":{"start":{"line":79,"column":17},"end":{"line":79,"column":35}},"46":{"start":{"line":81,"column":19},"end":{"line":81,"column":58}},"47":{"start":{"line":82,"column":4},"end":{"line":82,"column":28}},"48":{"start":{"line":84,"column":4},"end":{"line":84,"column":49}},"49":{"start":{"line":85,"column":4},"end":{"line":85,"column":79}}},"fnMap":{"0":{"name":"(anonymous_0)","decl":{"start":{"line":7,"column":27},"end":{"line":7,"column":28}},"loc":{"start":{"line":7,"column":52},"end":{"line":24,"column":1}},"line":7},"1":{"name":"(anonymous_1)","decl":{"start":{"line":26,"column":27},"end":{"line":26,"column":28}},"loc":{"start":{"line":26,"column":47},"end":{"line":72,"column":1}},"line":26},"2":{"name":"(anonymous_2)","decl":{"start":{"line":74,"column":28},"end":{"line":74,"column":29}},"loc":{"start":{"line":74,"column":48},"end":{"line":87,"column":1}},"line":74}},"branchMap":{"0":{"loc":{"start":{"line":13,"column":2},"end":{"line":15,"column":3}},"type":"if","locations":[{"start":{"line":13,"column":2},"end":{"line":15,"column":3}},{"start":{},"end":{}}],"line":13},"1":{"loc":{"start":{"line":18,"column":2},"end":{"line":20,"column":3}},"type":"if","locations":[{"start":{"line":18,"column":2},"end":{"line":20,"column":3}},{"start":{},"end":{}}],"line":18},"2":{"loc":{"start":{"line":22,"column":52},"end":{"line":22,"column":69}},"type":"binary-expr","locations":[{"start":{"line":22,"column":52},"end":{"line":22,"column":56}},{"start":{"line":22,"column":60},"end":{"line":22,"column":69}}],"line":22},"3":{"loc":{"start":{"line":32,"column":22},"end":{"line":32,"column":53}},"type":"binary-expr","locations":[{"start":{"line":32,"column":22},"end":{"line":32,"column":40}},{"start":{"line":32,"column":44},"end":{"line":32,"column":53}}],"line":32},"4":{"loc":{"start":{"line":33,"column":28},"end":{"line":33,"column":71}},"type":"binary-expr","locations":[{"start":{"line":33,"column":28},"end":{"line":33,"column":52}},{"start":{"line":33,"column":56},"end":{"line":33,"column":71}}],"line":33},"5":{"loc":{"start":{"line":35,"column":19},"end":{"line":35,"column":42}},"type":"binary-expr","locations":[{"start":{"line":35,"column":19},"end":{"line":35,"column":34}},{"start":{"line":35,"column":38},"end":{"line":35,"column":42}}],"line":35},"6":{"loc":{"start":{"line":36,"column":16},"end":{"line":36,"column":40}},"type":"binary-expr","locations":[{"start":{"line":36,"column":16},"end":{"line":36,"column":28}},{"start":{"line":36,"column":32},"end":{"line":36,"column":40}}],"line":36},"7":{"loc":{"start":{"line":37,"column":16},"end":{"line":37,"column":40}},"type":"binary-expr","locations":[{"start":{"line":37,"column":16},"end":{"line":37,"column":28}},{"start":{"line":37,"column":32},"end":{"line":37,"column":40}}],"line":37},"8":{"loc":{"start":{"line":44,"column":4},"end":{"line":46,"column":5}},"type":"if","locations":[{"start":{"line":44,"column":4},"end":{"line":46,"column":5}},{"start":{},"end":{}}],"line":44},"9":{"loc":{"start":{"line":49,"column":4},"end":{"line":56,"column":5}},"type":"if","locations":[{"start":{"line":49,"column":4},"end":{"line":56,"column":5}},{"start":{},"end":{}}],"line":49},"10":{"loc":{"start":{"line":61,"column":4},"end":{"line":65,"column":5}},"type":"if","locations":[{"start":{"line":61,"column":4},"end":{"line":65,"column":5}},{"start":{"line":63,"column":11},"end":{"line":65,"column":5}}],"line":61},"11":{"loc":{"start":{"line":63,"column":11},"end":{"line":65,"column":5}},"type":"if","locations":[{"start":{"line":63,"column":11},"end":{"line":65,"column":5}},{"start":{},"end":{}}],"line":63},"12":{"loc":{"start":{"line":70,"column":34},"end":{"line":70,"column":88}},"type":"binary-expr","locations":[{"start":{"line":70,"column":34},"end":{"line":70,"column":45}},{"start":{"line":70,"column":49},"end":{"line":70,"column":88}}],"line":70},"13":{"loc":{"start":{"line":85,"column":34},"end":{"line":85,"column":75}},"type":"binary-expr","locations":[{"start":{"line":85,"column":34},"end":{"line":85,"column":45}},{"start":{"line":85,"column":49},"end":{"line":85,"column":75}}],"line":85}},"s":{"0":7,"1":0,"2":0,"3":0,"4":0,"5":0,"6":0,"7":0,"8":0,"9":0,"10":7,"11":0,"12":0,"13":0,"14":0,"15":0,"16":0,"17":0,"18":0,"19":0,"20":0,"21":0,"22":0,"23":0,"24":0,"25":0,"26":0,"27":0,"28":0,"29":0,"30":0,"31":0,"32":0,"33":0,"34":0,"35":0,"36":0,"37":0,"38":0,"39":0,"40":7,"41":0,"42":0,"43":0,"44":0,"45":0,"46":0,"47":0,"48":0,"49":0},"f":{"0":0,"1":0,"2":0},"b":{"0":[0,0],"1":[0,0],"2":[0,0],"3":[0,0],"4":[0,0],"5":[0,0],"6":[0,0],"7":[0,0],"8":[0,0],"9":[0,0],"10":[0,0],"11":[0,0],"12":[0,0],"13":[0,0]},"_coverageSchema":"1a1c01bbd47fc00a2c39e90264f33305004495a9","hash":"9bdd57decc2b1d38866d0350484c68f2af7b897d"}
,"/home/joshua/tia_connect/TIA-WEBSITE/Backend/controllers/postController.js": {"path":"/home/joshua/tia_connect/TIA-WEBSITE/Backend/controllers/postController.js","statementMap":{"0":{"start":{"line":5,"column":26},"end":{"line":40,"column":1}},"1":{"start":{"line":6,"column":4},"end":{"line":39,"column":13}},"2":{"start":{"line":7,"column":21},"end":{"line":7,"column":34}},"3":{"start":{"line":8,"column":22},"end":{"line":8,"column":35}},"4":{"start":{"line":10,"column":24},"end":{"line":10,"column":58}},"5":{"start":{"line":11,"column":8},"end":{"line":13,"column":9}},"6":{"start":{"line":12,"column":12},"end":{"line":12,"column":68}},"7":{"start":{"line":15,"column":26},"end":{"line":15,"column":62}},"8":{"start":{"line":16,"column":8},"end":{"line":16,"column":31}},"9":{"start":{"line":18,"column":8},"end":{"line":20,"column":9}},"10":{"start":{"line":19,"column":12},"end":{"line":19,"column":82}},"11":{"start":{"line":22,"column":30},"end":{"line":22,"column":32}},"12":{"start":{"line":23,"column":8},"end":{"line":32,"column":9}},"13":{"start":{"line":24,"column":12},"end":{"line":31,"column":14}},"14":{"start":{"line":34,"column":8},"end":{"line":34,"column":80}},"15":{"start":{"line":37,"column":16},"end":{"line":37,"column":35}},"16":{"start":{"line":38,"column":16},"end":{"line":38,"column":73}},"17":{"start":{"line":42,"column":23},"end":{"line":68,"column":1}},"18":{"start":{"line":43,"column":4},"end":{"line":66,"column":9}},"19":{"start":{"line":44,"column":22},"end":{"line":44,"column":35}},"20":{"start":{"line":45,"column":49},"end":{"line":45,"column":57}},"21":{"start":{"line":46,"column":8},"end":{"line":48,"column":9}},"22":{"start":{"line":47,"column":12},"end":{"line":47,"column":80}},"23":{"start":{"line":50,"column":8},"end":{"line":52,"column":9}},"24":{"start":{"line":51,"column":12},"end":{"line":51,"column":88}},"25":{"start":{"line":54,"column":24},"end":{"line":54,"column":38}},"26":{"start":{"line":55,"column":30},"end":{"line":55,"column":82}},"27":{"start":{"line":57,"column":27},"end":{"line":57,"column":56}},"28":{"start":{"line":59,"column":23},"end":{"line":59,"column":98}},"29":{"start":{"line":61,"column":8},"end":{"line":61,"column":73}},"30":{"start":{"line":64,"column":12},"end":{"line":64,"column":31}},"31":{"start":{"line":65,"column":12},"end":{"line":65,"column":69}},"32":{"start":{"line":70,"column":26},"end":{"line":91,"column":1}},"33":{"start":{"line":71,"column":4},"end":{"line":90,"column":9}},"34":{"start":{"line":72,"column":22},"end":{"line":72,"column":35}},"35":{"start":{"line":73,"column":21},"end":{"line":73,"column":29}},"36":{"start":{"line":74,"column":8},"end":{"line":76,"column":9}},"37":{"start":{"line":75,"column":12},"end":{"line":75,"column":80}},"38":{"start":{"line":78,"column":21},"end":{"line":78,"column":44}},"39":{"start":{"line":79,"column":8},"end":{"line":81,"column":9}},"40":{"start":{"line":80,"column":12},"end":{"line":80,"column":77}},"41":{"start":{"line":83,"column":8},"end":{"line":83,"column":35}},"42":{"start":{"line":85,"column":8},"end":{"line":85,"column":63}},"43":{"start":{"line":88,"column":12},"end":{"line":88,"column":31}},"44":{"start":{"line":89,"column":12},"end":{"line":89,"column":69}},"45":{"start":{"line":93,"column":27},"end":{"line":113,"column":1}},"46":{"start":{"line":94,"column":4},"end":{"line":112,"column":5}},"47":{"start":{"line":95,"column":22},"end":{"line":95,"column":35}},"48":{"start":{"line":96,"column":21},"end":{"line":96,"column":29}},"49":{"start":{"line":97,"column":8},"end":{"line":99,"column":9}},"50":{"start":{"line":98,"column":12},"end":{"line":98,"column":80}},"51":{"start":{"line":101,"column":21},"end":{"line":101,"column":44}},"52":{"start":{"line":102,"column":8},"end":{"line":104,"column":9}},"53":{"start":{"line":103,"column":12},"end":{"line":103,"column":77}},"54":{"start":{"line":106,"column":8},"end":{"line":106,"column":36}},"55":{"start":{"line":108,"column":8},"end":{"line":108,"column":78}},"56":{"start":{"line":110,"column":8},"end":{"line":110,"column":27}},"57":{"start":{"line":111,"column":8},"end":{"line":111,"column":65}},"58":{"start":{"line":115,"column":28},"end":{"line":155,"column":1}},"59":{"start":{"line":116,"column":4},"end":{"line":154,"column":5}},"60":{"start":{"line":117,"column":21},"end":{"line":117,"column":34}},"61":{"start":{"line":118,"column":22},"end":{"line":118,"column":35}},"62":{"start":{"line":120,"column":21},"end":{"line":120,"column":31}},"63":{"start":{"line":121,"column":8},"end":{"line":123,"column":9}},"64":{"start":{"line":122,"column":12},"end":{"line":122,"column":80}},"65":{"start":{"line":125,"column":24},"end":{"line":125,"column":49}},"66":{"start":{"line":126,"column":8},"end":{"line":128,"column":9}},"67":{"start":{"line":127,"column":12},"end":{"line":127,"column":68}},"68":{"start":{"line":130,"column":26},"end":{"line":130,"column":69}},"69":{"start":{"line":132,"column":8},"end":{"line":134,"column":9}},"70":{"start":{"line":133,"column":12},"end":{"line":133,"column":83}},"71":{"start":{"line":136,"column":30},"end":{"line":136,"column":32}},"72":{"start":{"line":138,"column":8},"end":{"line":146,"column":9}},"73":{"start":{"line":139,"column":12},"end":{"line":145,"column":14}},"74":{"start":{"line":149,"column":8},"end":{"line":149,"column":81}},"75":{"start":{"line":152,"column":8},"end":{"line":152,"column":27}},"76":{"start":{"line":153,"column":8},"end":{"line":153,"column":65}}},"fnMap":{"0":{"name":"(anonymous_0)","decl":{"start":{"line":5,"column":26},"end":{"line":5,"column":27}},"loc":{"start":{"line":5,"column":46},"end":{"line":40,"column":1}},"line":5},"1":{"name":"(anonymous_1)","decl":{"start":{"line":42,"column":23},"end":{"line":42,"column":24}},"loc":{"start":{"line":42,"column":43},"end":{"line":68,"column":1}},"line":42},"2":{"name":"(anonymous_2)","decl":{"start":{"line":70,"column":26},"end":{"line":70,"column":27}},"loc":{"start":{"line":70,"column":46},"end":{"line":91,"column":1}},"line":70},"3":{"name":"(anonymous_3)","decl":{"start":{"line":93,"column":27},"end":{"line":93,"column":28}},"loc":{"start":{"line":93,"column":47},"end":{"line":113,"column":1}},"line":93},"4":{"name":"(anonymous_4)","decl":{"start":{"line":115,"column":28},"end":{"line":115,"column":29}},"loc":{"start":{"line":115,"column":48},"end":{"line":155,"column":1}},"line":115}},"branchMap":{"0":{"loc":{"start":{"line":11,"column":8},"end":{"line":13,"column":9}},"type":"if","locations":[{"start":{"line":11,"column":8},"end":{"line":13,"column":9}},{"start":{},"end":{}}],"line":11},"1":{"loc":{"start":{"line":18,"column":8},"end":{"line":20,"column":9}},"type":"if","locations":[{"start":{"line":18,"column":8},"end":{"line":20,"column":9}},{"start":{},"end":{}}],"line":18},"2":{"loc":{"start":{"line":30,"column":24},"end":{"line":30,"column":62}},"type":"cond-expr","locations":[{"start":{"line":30,"column":41},"end":{"line":30,"column":52}},{"start":{"line":30,"column":55},"end":{"line":30,"column":62}}],"line":30},"3":{"loc":{"start":{"line":46,"column":8},"end":{"line":48,"column":9}},"type":"if","locations":[{"start":{"line":46,"column":8},"end":{"line":48,"column":9}},{"start":{},"end":{}}],"line":46},"4":{"loc":{"start":{"line":46,"column":12},"end":{"line":46,"column":50}},"type":"binary-expr","locations":[{"start":{"line":46,"column":12},"end":{"line":46,"column":18}},{"start":{"line":46,"column":22},"end":{"line":46,"column":27}},{"start":{"line":46,"column":31},"end":{"line":46,"column":39}},{"start":{"line":46,"column":43},"end":{"line":46,"column":50}}],"line":46},"5":{"loc":{"start":{"line":50,"column":8},"end":{"line":52,"column":9}},"type":"if","locations":[{"start":{"line":50,"column":8},"end":{"line":52,"column":9}},{"start":{},"end":{}}],"line":50},"6":{"loc":{"start":{"line":50,"column":12},"end":{"line":50,"column":54}},"type":"binary-expr","locations":[{"start":{"line":50,"column":12},"end":{"line":50,"column":33}},{"start":{"line":50,"column":37},"end":{"line":50,"column":54}}],"line":50},"7":{"loc":{"start":{"line":57,"column":27},"end":{"line":57,"column":56}},"type":"cond-expr","locations":[{"start":{"line":57,"column":51},"end":{"line":57,"column":52}},{"start":{"line":57,"column":55},"end":{"line":57,"column":56}}],"line":57},"8":{"loc":{"start":{"line":74,"column":8},"end":{"line":76,"column":9}},"type":"if","locations":[{"start":{"line":74,"column":8},"end":{"line":76,"column":9}},{"start":{},"end":{}}],"line":74},"9":{"loc":{"start":{"line":79,"column":8},"end":{"line":81,"column":9}},"type":"if","locations":[{"start":{"line":79,"column":8},"end":{"line":81,"column":9}},{"start":{},"end":{}}],"line":79},"10":{"loc":{"start":{"line":79,"column":13},"end":{"line":79,"column":63}},"type":"binary-expr","locations":[{"start":{"line":79,"column":13},"end":{"line":79,"column":25}},{"start":{"line":79,"column":29},"end":{"line":79,"column":63}}],"line":79},"11":{"loc":{"start":{"line":97,"column":8},"end":{"line":99,"column":9}},"type":"if","locations":[{"start":{"line":97,"column":8},"end":{"line":99,"column":9}},{"start":{},"end":{}}],"line":97},"12":{"loc":{"start":{"line":102,"column":8},"end":{"line":104,"column":9}},"type":"if","locations":[{"start":{"line":102,"column":8},"end":{"line":104,"column":9}},{"start":{},"end":{}}],"line":102},"13":{"loc":{"start":{"line":102,"column":13},"end":{"line":102,"column":63}},"type":"binary-expr","locations":[{"start":{"line":102,"column":13},"end":{"line":102,"column":25}},{"start":{"line":102,"column":29},"end":{"line":102,"column":63}}],"line":102},"14":{"loc":{"start":{"line":121,"column":8},"end":{"line":123,"column":9}},"type":"if","locations":[{"start":{"line":121,"column":8},"end":{"line":123,"column":9}},{"start":{},"end":{}}],"line":121},"15":{"loc":{"start":{"line":126,"column":8},"end":{"line":128,"column":9}},"type":"if","locations":[{"start":{"line":126,"column":8},"end":{"line":128,"column":9}},{"start":{},"end":{}}],"line":126},"16":{"loc":{"start":{"line":132,"column":8},"end":{"line":134,"column":9}},"type":"if","locations":[{"start":{"line":132,"column":8},"end":{"line":134,"column":9}},{"start":{},"end":{}}],"line":132},"17":{"loc":{"start":{"line":144,"column":24},"end":{"line":144,"column":62}},"type":"cond-expr","locations":[{"start":{"line":144,"column":41},"end":{"line":144,"column":52}},{"start":{"line":144,"column":55},"end":{"line":144,"column":62}}],"line":144}},"s":{"0":7,"1":1,"2":1,"3":1,"4":1,"5":1,"6":0,"7":1,"8":1,"9":1,"10":0,"11":1,"12":1,"13":1,"14":1,"15":0,"16":0,"17":7,"18":4,"19":4,"20":4,"21":4,"22":1,"23":3,"24":1,"25":2,"26":2,"27":2,"28":2,"29":2,"30":0,"31":0,"32":7,"33":3,"34":3,"35":3,"36":3,"37":1,"38":2,"39":2,"40":1,"41":1,"42":1,"43":0,"44":0,"45":7,"46":3,"47":3,"48":3,"49":3,"50":1,"51":2,"52":2,"53":1,"54":1,"55":1,"56":0,"57":0,"58":7,"59":2,"60":2,"61":2,"62":2,"63":2,"64":0,"65":2,"66":2,"67":1,"68":1,"69":1,"70":0,"71":1,"72":1,"73":1,"74":1,"75":0,"76":0},"f":{"0":1,"1":4,"2":3,"3":3,"4":2},"b":{"0":[0,1],"1":[0,1],"2":[0,1],"3":[1,3],"4":[4,4,3,3],"5":[1,2],"6":[3,2],"7":[1,1],"8":[1,2],"9":[1,1],"10":[2,1],"11":[1,2],"12":[1,1],"13":[2,1],"14":[0,2],"15":[1,1],"16":[0,1],"17":[1,0]},"_coverageSchema":"1a1c01bbd47fc00a2c39e90264f33305004495a9","hash":"44ec120112417f0b2b882743e841f2889f4bd5e4"}
,"/home/joshua/tia_connect/TIA-WEBSITE/Backend/controllers/testimonialController.js": {"path":"/home/joshua/tia_connect/TIA-WEBSITE/Backend/controllers/testimonialController.js","statementMap":{"0":{"start":{"line":5,"column":33},"end":{"line":34,"column":1}},"1":{"start":{"line":6,"column":4},"end":{"line":33,"column":5}},"2":{"start":{"line":7,"column":21},"end":{"line":7,"column":34}},"3":{"start":{"line":8,"column":29},"end":{"line":8,"column":49}},"4":{"start":{"line":9,"column":24},"end":{"line":9,"column":58}},"5":{"start":{"line":10,"column":8},"end":{"line":12,"column":9}},"6":{"start":{"line":11,"column":12},"end":{"line":11,"column":68}},"7":{"start":{"line":13,"column":33},"end":{"line":13,"column":83}},"8":{"start":{"line":14,"column":8},"end":{"line":16,"column":9}},"9":{"start":{"line":15,"column":12},"end":{"line":15,"column":96}},"10":{"start":{"line":17,"column":37},"end":{"line":17,"column":39}},"11":{"start":{"line":18,"column":8},"end":{"line":27,"column":9}},"12":{"start":{"line":19,"column":12},"end":{"line":26,"column":14}},"13":{"start":{"line":28,"column":8},"end":{"line":28,"column":94}},"14":{"start":{"line":31,"column":8},"end":{"line":31,"column":27}},"15":{"start":{"line":32,"column":8},"end":{"line":32,"column":65}},"16":{"start":{"line":36,"column":30},"end":{"line":56,"column":1}},"17":{"start":{"line":37,"column":4},"end":{"line":55,"column":5}},"18":{"start":{"line":38,"column":29},"end":{"line":38,"column":49}},"19":{"start":{"line":39,"column":49},"end":{"line":39,"column":57}},"20":{"start":{"line":40,"column":8},"end":{"line":42,"column":9}},"21":{"start":{"line":41,"column":12},"end":{"line":41,"column":80}},"22":{"start":{"line":43,"column":8},"end":{"line":45,"column":9}},"23":{"start":{"line":44,"column":12},"end":{"line":44,"column":88}},"24":{"start":{"line":46,"column":24},"end":{"line":46,"column":38}},"25":{"start":{"line":47,"column":30},"end":{"line":47,"column":82}},"26":{"start":{"line":48,"column":34},"end":{"line":48,"column":63}},"27":{"start":{"line":49,"column":30},"end":{"line":49,"column":126}},"28":{"start":{"line":50,"column":8},"end":{"line":50,"column":87}},"29":{"start":{"line":53,"column":8},"end":{"line":53,"column":27}},"30":{"start":{"line":54,"column":8},"end":{"line":54,"column":65}},"31":{"start":{"line":58,"column":33},"end":{"line":76,"column":1}},"32":{"start":{"line":59,"column":4},"end":{"line":75,"column":5}},"33":{"start":{"line":60,"column":29},"end":{"line":60,"column":49}},"34":{"start":{"line":61,"column":21},"end":{"line":61,"column":29}},"35":{"start":{"line":62,"column":8},"end":{"line":64,"column":9}},"36":{"start":{"line":63,"column":12},"end":{"line":63,"column":80}},"37":{"start":{"line":65,"column":28},"end":{"line":65,"column":65}},"38":{"start":{"line":66,"column":8},"end":{"line":68,"column":9}},"39":{"start":{"line":67,"column":12},"end":{"line":67,"column":84}},"40":{"start":{"line":69,"column":8},"end":{"line":69,"column":49}},"41":{"start":{"line":70,"column":8},"end":{"line":70,"column":70}},"42":{"start":{"line":73,"column":8},"end":{"line":73,"column":27}},"43":{"start":{"line":74,"column":8},"end":{"line":74,"column":65}},"44":{"start":{"line":78,"column":34},"end":{"line":95,"column":1}},"45":{"start":{"line":79,"column":4},"end":{"line":94,"column":5}},"46":{"start":{"line":80,"column":29},"end":{"line":80,"column":49}},"47":{"start":{"line":81,"column":21},"end":{"line":81,"column":29}},"48":{"start":{"line":82,"column":8},"end":{"line":84,"column":9}},"49":{"start":{"line":83,"column":12},"end":{"line":83,"column":80}},"50":{"start":{"line":85,"column":28},"end":{"line":85,"column":65}},"51":{"start":{"line":86,"column":8},"end":{"line":88,"column":9}},"52":{"start":{"line":87,"column":12},"end":{"line":87,"column":84}},"53":{"start":{"line":89,"column":8},"end":{"line":89,"column":50}},"54":{"start":{"line":90,"column":8},"end":{"line":90,"column":85}},"55":{"start":{"line":92,"column":8},"end":{"line":92,"column":27}},"56":{"start":{"line":93,"column":8},"end":{"line":93,"column":65}},"57":{"start":{"line":97,"column":35},"end":{"line":130,"column":1}},"58":{"start":{"line":98,"column":4},"end":{"line":129,"column":5}},"59":{"start":{"line":99,"column":21},"end":{"line":99,"column":34}},"60":{"start":{"line":100,"column":29},"end":{"line":100,"column":49}},"61":{"start":{"line":101,"column":21},"end":{"line":101,"column":31}},"62":{"start":{"line":102,"column":8},"end":{"line":104,"column":9}},"63":{"start":{"line":103,"column":12},"end":{"line":103,"column":80}},"64":{"start":{"line":105,"column":24},"end":{"line":105,"column":49}},"65":{"start":{"line":106,"column":8},"end":{"line":108,"column":9}},"66":{"start":{"line":107,"column":12},"end":{"line":107,"column":68}},"67":{"start":{"line":110,"column":33},"end":{"line":110,"column":90}},"68":{"start":{"line":111,"column":8},"end":{"line":113,"column":9}},"69":{"start":{"line":112,"column":12},"end":{"line":112,"column":97}},"70":{"start":{"line":114,"column":37},"end":{"line":114,"column":39}},"71":{"start":{"line":115,"column":8},"end":{"line":123,"column":9}},"72":{"start":{"line":116,"column":12},"end":{"line":122,"column":14}},"73":{"start":{"line":124,"column":8},"end":{"line":124,"column":95}},"74":{"start":{"line":127,"column":8},"end":{"line":127,"column":27}},"75":{"start":{"line":128,"column":8},"end":{"line":128,"column":65}}},"fnMap":{"0":{"name":"(anonymous_0)","decl":{"start":{"line":5,"column":33},"end":{"line":5,"column":34}},"loc":{"start":{"line":5,"column":53},"end":{"line":34,"column":1}},"line":5},"1":{"name":"(anonymous_1)","decl":{"start":{"line":36,"column":30},"end":{"line":36,"column":31}},"loc":{"start":{"line":36,"column":50},"end":{"line":56,"column":1}},"line":36},"2":{"name":"(anonymous_2)","decl":{"start":{"line":58,"column":33},"end":{"line":58,"column":34}},"loc":{"start":{"line":58,"column":53},"end":{"line":76,"column":1}},"line":58},"3":{"name":"(anonymous_3)","decl":{"start":{"line":78,"column":34},"end":{"line":78,"column":35}},"loc":{"start":{"line":78,"column":54},"end":{"line":95,"column":1}},"line":78},"4":{"name":"(anonymous_4)","decl":{"start":{"line":97,"column":35},"end":{"line":97,"column":36}},"loc":{"start":{"line":97,"column":55},"end":{"line":130,"column":1}},"line":97}},"branchMap":{"0":{"loc":{"start":{"line":10,"column":8},"end":{"line":12,"column":9}},"type":"if","locations":[{"start":{"line":10,"column":8},"end":{"line":12,"column":9}},{"start":{},"end":{}}],"line":10},"1":{"loc":{"start":{"line":14,"column":8},"end":{"line":16,"column":9}},"type":"if","locations":[{"start":{"line":14,"column":8},"end":{"line":16,"column":9}},{"start":{},"end":{}}],"line":14},"2":{"loc":{"start":{"line":25,"column":24},"end":{"line":25,"column":62}},"type":"cond-expr","locations":[{"start":{"line":25,"column":41},"end":{"line":25,"column":52}},{"start":{"line":25,"column":55},"end":{"line":25,"column":62}}],"line":25},"3":{"loc":{"start":{"line":40,"column":8},"end":{"line":42,"column":9}},"type":"if","locations":[{"start":{"line":40,"column":8},"end":{"line":42,"column":9}},{"start":{},"end":{}}],"line":40},"4":{"loc":{"start":{"line":40,"column":12},"end":{"line":40,"column":50}},"type":"binary-expr","locations":[{"start":{"line":40,"column":12},"end":{"line":40,"column":18}},{"start":{"line":40,"column":22},"end":{"line":40,"column":27}},{"start":{"line":40,"column":31},"end":{"line":40,"column":39}},{"start":{"line":40,"column":43},"end":{"line":40,"column":50}}],"line":40},"5":{"loc":{"start":{"line":43,"column":8},"end":{"line":45,"column":9}},"type":"if","locations":[{"start":{"line":43,"column":8},"end":{"line":45,"column":9}},{"start":{},"end":{}}],"line":43},"6":{"loc":{"start":{"line":43,"column":12},"end":{"line":43,"column":54}},"type":"binary-expr","locations":[{"start":{"line":43,"column":12},"end":{"line":43,"column":33}},{"start":{"line":43,"column":37},"end":{"line":43,"column":54}}],"line":43},"7":{"loc":{"start":{"line":48,"column":34},"end":{"line":48,"column":63}},"type":"cond-expr","locations":[{"start":{"line":48,"column":58},"end":{"line":48,"column":59}},{"start":{"line":48,"column":62},"end":{"line":48,"column":63}}],"line":48},"8":{"loc":{"start":{"line":62,"column":8},"end":{"line":64,"column":9}},"type":"if","locations":[{"start":{"line":62,"column":8},"end":{"line":64,"column":9}},{"start":{},"end":{}}],"line":62},"9":{"loc":{"start":{"line":66,"column":8},"end":{"line":68,"column":9}},"type":"if","locations":[{"start":{"line":66,"column":8},"end":{"line":68,"column":9}},{"start":{},"end":{}}],"line":66},"10":{"loc":{"start":{"line":66,"column":13},"end":{"line":66,"column":77}},"type":"binary-expr","locations":[{"start":{"line":66,"column":13},"end":{"line":66,"column":32}},{"start":{"line":66,"column":36},"end":{"line":66,"column":77}}],"line":66},"11":{"loc":{"start":{"line":82,"column":8},"end":{"line":84,"column":9}},"type":"if","locations":[{"start":{"line":82,"column":8},"end":{"line":84,"column":9}},{"start":{},"end":{}}],"line":82},"12":{"loc":{"start":{"line":86,"column":8},"end":{"line":88,"column":9}},"type":"if","locations":[{"start":{"line":86,"column":8},"end":{"line":88,"column":9}},{"start":{},"end":{}}],"line":86},"13":{"loc":{"start":{"line":86,"column":13},"end":{"line":86,"column":77}},"type":"binary-expr","locations":[{"start":{"line":86,"column":13},"end":{"line":86,"column":32}},{"start":{"line":86,"column":36},"end":{"line":86,"column":77}}],"line":86},"14":{"loc":{"start":{"line":102,"column":8},"end":{"line":104,"column":9}},"type":"if","locations":[{"start":{"line":102,"column":8},"end":{"line":104,"column":9}},{"start":{},"end":{}}],"line":102},"15":{"loc":{"start":{"line":106,"column":8},"end":{"line":10
[...]
,"/home/joshua/tia_connect/TIA-WEBSITE/Backend/routes/authRoutes.js": {"path":"/home/joshua/tia_connect/TIA-WEBSITE/Backend/routes/authRoutes.js","statementMap":{"0":{"start":{"line":5,"column":15},"end":{"line":5,"column":23}},"1":{"start":{"line":83,"column":0},"end":{"line":83,"column":31}},"2":{"start":{"line":135,"column":0},"end":{"line":135,"column":29}},"3":{"start":{"line":198,"column":0},"end":{"line":198,"column":52}},"4":{"start":{"line":255,"column":0},"end":{"line":255,"column":51}},"5":{"start":{"line":257,"column":0},"end":{"line":257,"column":41}},"6":{"start":{"line":259,"column":0},"end":{"line":259,"column":55}},"7":{"start":{"line":261,"column":0},"end":{"line":261,"column":47}},"8":{"start":{"line":263,"column":0},"end":{"line":263,"column":45}}},"fnMap":{},"branchMap":{},"s":{"0":7,"1":7,"2":7,"3":7,"4":7,"5":7,"6":7,"7":7,"8":7},"f":{},"b":{},"_coverageSchema":"1a1c01bbd47fc00a2c39e90264f33305004495a9","hash":"50d4acf3681f7ebf867cf03242ce566847b43010"}
,"/home/joshua/tia_connect/TIA-WEBSITE/Backend/routes/businessRoutes.js": {"path":"/home/joshua/tia_connect/TIA-WEBSITE/Backend/routes/businessRoutes.js","statementMap":{"0":{"start":{"line":5,"column":15},"end":{"line":5,"column":23}},"1":{"start":{"line":118,"column":0},"end":{"line":118,"column":51}},"2":{"start":{"line":214,"column":0},"end":{"line":214,"column":49}},"3":{"start":{"line":332,"column":0},"end":{"line":332,"column":51}},"4":{"start":{"line":406,"column":0},"end":{"line":406,"column":52}},"5":{"start":{"line":480,"column":0},"end":{"line":480,"column":51}},"6":{"start":{"line":554,"column":0},"end":{"line":554,"column":60}},"7":{"start":{"line":628,"column":0},"end":{"line":628,"column":59}},"8":{"start":{"line":716,"column":0},"end":{"line":716,"column":58}},"9":{"start":{"line":796,"column":0},"end":{"line":796,"column":66}},"10":{"start":{"line":900,"column":0},"end":{"line":900,"column":48}}},"fnMap":{},"branchMap":{},"s":{"0":7,"1":7,"2":7,"3":7,"4":7,"5":7,"6":7,"7":7,"8":7,"9":7,"10":7},"f":{},"b":{},"_coverageSchema":"1a1c01bbd47fc00a2c39e90264f33305004495a9","hash":"52b90c018a73d4707adf07a6c8fc90f994d022cb"}
,"/home/joshua/tia_connect/TIA-WEBSITE/Backend/routes/chatBotRoutes.js": {"path":"/home/joshua/tia_connect/TIA-WEBSITE/Backend/routes/chatBotRoutes.js","statementMap":{"0":{"start":{"line":5,"column":15},"end":{"line":5,"column":23}},"1":{"start":{"line":158,"column":0},"end":{"line":158,"column":50}},"2":{"start":{"line":182,"column":0},"end":{"line":182,"column":49}}},"fnMap":{},"branchMap":{},"s":{"0":7,"1":7,"2":7},"f":{},"b":{},"_coverageSchema":"1a1c01bbd47fc00a2c39e90264f33305004495a9","hash":"4758d6ba4eed28c05c655dee2132d76b0601b94b"}
,"/home/joshua/tia_connect/TIA-WEBSITE/Backend/routes/index.js": {"path":"/home/joshua/tia_connect/TIA-WEBSITE/Backend/routes/index.js","statementMap":{"0":{"start":{"line":8,"column":15},"end":{"line":8,"column":31}},"1":{"start":{"line":11,"column":0},"end":{"line":11,"column":32}},"2":{"start":{"line":12,"column":0},"end":{"line":12,"column":33}},"3":{"start":{"line":13,"column":0},"end":{"line":13,"column":40}},"4":{"start":{"line":15,"column":0},"end":{"line":15,"column":38}},"5":{"start":{"line":22,"column":0},"end":{"line":36,"column":1}},"6":{"start":{"line":23,"column":24},"end":{"line":23,"column":63}},"7":{"start":{"line":24,"column":4},"end":{"line":31,"column":7}},"8":{"start":{"line":25,"column":8},"end":{"line":30,"column":11}},"9":{"start":{"line":32,"column":7},"end":{"line":36,"column":1}},"10":{"start":{"line":33,"column":4},"end":{"line":35,"column":7}},"11":{"start":{"line":34,"column":8},"end":{"line":34,"column":48}}},"fnMap":{"0":{"name":"(anonymous_0)","decl":{"start":{"line":24,"column":20},"end":{"line":24,"column":21}},"loc":{"start":{"line":24,"column":34},"end":{"line":31,"column":5}},"line":24},"1":{"name":"(anonymous_1)","decl":{"start":{"line":33,"column":20},"end":{"line":33,"column":21}},"loc":{"start":{"line":33,"column":34},"end":{"line":35,"column":5}},"line":33}},"branchMap":{"0":{"loc":{"start":{"line":22,"column":0},"end":{"line":36,"column":1}},"type":"if","locations":[{"start":{"line":22,"column":0},"end":{"line":36,"column":1}},{"start":{"line":32,"column":7},"end":{"line":36,"column":1}}],"line":22},"1":{"loc":{"start":{"line":32,"column":7},"end":{"line":36,"column":1}},"type":"if","locations":[{"start":{"line":32,"column":7},"end":{"line":36,"column":1}},{"start":{},"end":{}}],"line":32},"2":{"loc":{"start":{"line":32,"column":11},"end":{"line":32,"column":64}},"type":"binary-expr","locations":[{"start":{"line":32,"column":11},"end":{"line":32,"column":39}},{"start":{"line":32,"column":43},"end":{"line":32,"column":64}}],"line":32}},"s":{"0":7,"1":7,"2":7,"3":7,"4":7,"5":7,"6":0,"7":0,"8":0,"9":7,"10":7,"11":1},"f":{"0":0,"1":1},"b":{"0":[0,7],"1":[7,0],"2":[7,7]},"_coverageSchema":"1a1c01bbd47fc00a2c39e90264f33305004495a9","hash":"6231974b9cd71104a5535d6d2cf3bd9badb038fa"}
,"/home/joshua/tia_connect/TIA-WEBSITE/Backend/routes/userRoutes.js": {"path":"/home/joshua/tia_connect/TIA-WEBSITE/Backend/routes/userRoutes.js","statementMap":{"0":{"start":{"line":8,"column":15},"end":{"line":8,"column":23}},"1":{"start":{"line":64,"column":0},"end":{"line":64,"column":46}},"2":{"start":{"line":136,"column":0},"end":{"line":136,"column":38}},"3":{"start":{"line":179,"column":0},"end":{"line":179,"column":48}},"4":{"start":{"line":223,"column":0},"end":{"line":223,"column":62}},"5":{"start":{"line":275,"column":0},"end":{"line":275,"column":60}},"6":{"start":{"line":317,"column":0},"end":{"line":317,"column":68}},"7":{"start":{"line":359,"column":0},"end":{"line":359,"column":68}},"8":{"start":{"line":412,"column":0},"end":{"line":412,"column":66}},"9":{"start":{"line":456,"column":0},"end":{"line":456,"column":60}},"10":{"start":{"line":508,"column":0},"end":{"line":508,"column":56}},"11":{"start":{"line":550,"column":0},"end":{"line":550,"column":64}},"12":{"start":{"line":592,"column":0},"end":{"line":592,"column":64}},"13":{"start":{"line":645,"column":0},"end":{"line":645,"column":64}},"14":{"start":{"line":698,"column":0},"end":{"line":698,"column":46}},"15":{"start":{"line":741,"column":0},"end":{"line":741,"column":53}},"16":{"start":{"line":784,"column":0},"end":{"line":784,"column":54}},"17":{"start":{"line":859,"column":0},"end":{"line":859,"column":48}},"18":{"start":{"line":913,"column":0},"end":{"line":913,"column":51}}},"fnMap":{},"branchMap":{},"s":{"0":7,"1":7,"2":7,"3":7,"4":7,"5":7,"6":7,"7":7,"8":7,"9":7,"10":7,"11":7,"12":7,"13":7,"14":7,"15":7,"16":7,"17":7,"18":7},"f":{},"b":{},"_coverageSchema":"1a1c01bbd47fc00a2c39e90264f33305004495a9","hash":"79d9b472a3419e2c3aa98c77ef3b58a7e6a3f5af"}
,"/home/joshua/tia_connect/TIA-WEBSITE/Backend/services/adkServices.js": {"path":"/home/joshua/tia_connect/TIA-WEBSITE/Backend/services/adkServices.js","statementMap":{"0":{"start":{"line":3,"column":20},"end":{"line":3,"column":43}},"1":{"start":{"line":4,"column":20},"end":{"line":4,"column":56}},"2":{"start":{"line":8,"column":2},"end":{"line":37,"column":3}},"3":{"start":{"line":9,"column":24},"end":{"line":19,"column":5}},"4":{"start":{"line":22,"column":4},"end":{"line":24,"column":5}},"5":{"start":{"line":23,"column":6},"end":{"line":23,"column":43}},"6":{"start":{"line":26,"column":21},"end":{"line":26,"column":77}},"7":{"start":{"line":27,"column":4},"end":{"line":27,"column":31}},"8":{"start":{"line":30,"column":4},"end":{"line":32,"column":5}},"9":{"start":{"line":31,"column":6},"end":{"line":31,"column":75}},"10":{"start":{"line":34,"column":4},"end":{"line":34,"column":25}},"11":{"start":{"line":36,"column":4},"end":{"line":36,"column":60}},"12":{"start":{"line":42,"column":2},"end":{"line":53,"column":3}},"13":{"start":{"line":43,"column":24},"end":{"line":46,"column":5}},"14":{"start":{"line":48,"column":21},"end":{"line":48,"column":82}},"15":{"start":{"line":49,"column":4},"end":{"line":49,"column":58}},"16":{"start":{"line":50,"column":4},"end":{"line":50,"column":25}},"17":{"start":{"line":52,"column":4},"end":{"line":52,"column":60}},"18":{"start":{"line":58,"column":2},"end":{"line":64,"column":3}},"19":{"start":{"line":59,"column":21},"end":{"line":59,"column":79}},"20":{"start":{"line":60,"column":4},"end":{"line":60,"column":54}},"21":{"start":{"line":61,"column":4},"end":{"line":61,"column":25}},"22":{"start":{"line":63,"column":4},"end":{"line":63,"column":60}}},"fnMap":{"0":{"name":"sendToAdkAgent","decl":{"start":{"line":7,"column":22},"end":{"line":7,"column":36}},"loc":{"start":{"line":7,"column":133},"end":{"line":38,"column":1}},"line":7},"1":{"name":"resetAdkSession","decl":{"start":{"line":41,"column":22},"end":{"line":41,"column":37}},"loc":{"start":{"line":41,"column":63},"end":{"line":54,"column":1}},"line":41},"2":{"name":"sendToAdkTestEval","decl":{"start":{"line":57,"column":22},"end":{"line":57,"column":39}},"loc":{"start":{"line":57,"column":54},"end":{"line":65,"column":1}},"line":57}},"branchMap":{"0":{"loc":{"start":{"line":4,"column":20},"end":{"line":4,"column":56}},"type":"binary-expr","locations":[{"start":{"line":4,"column":20},"end":{"line":4,"column":47}},{"start":{"line":4,"column":51},"end":{"line":4,"column":56}}],"line":4},"1":{"loc":{"start":{"line":22,"column":4},"end":{"line":24,"column":5}},"type":"if","locations":[{"start":{"line":22,"column":4},"end":{"line":24,"column":5}},{"start":{},"end":{}}],"line":22},"2":{"loc":{"start":{"line":30,"column":4},"end":{"line":32,"column":5}},"type":"if","locations":[{"start":{"line":30,"column":4},"end":{"line":32,"column":5}},{"start":{},"end":{}}],"line":30},"3":{"loc":{"start":{"line":30,"column":8},"end":{"line":30,"column":45}},"type":"binary-expr","locations":[{"start":{"line":30,"column":8},"end":{"line":30,"column":19}},{"start":{"line":30,"column":23},"end":{"line":30,"column":45}}],"line":30},"4":{"loc":{"start":{"line":36,"column":20},"end":{"line":36,"column":57}},"type":"binary-expr","locations":[{"start":{"line":36,"column":20},"end":{"line":36,"column":40}},{"start":{"line":36,"column":44},"end":{"line":36,"column":57}}],"line":36},"5":{"loc":{"start":{"line":52,"column":20},"end":{"line":52,"column":57}},"type":"binary-expr","locations":[{"start":{"line":52,"column":20},"end":{"line":52,"column":40}},{"start":{"line":52,"column":44},"end":{"line":52,"column":57}}],"line":52},"6":{"loc":{"start":{"line":63,"column":20},"end":{"line":63,"column":57}},"type":"binary-expr","locations":[{"start":{"line":63,"column":20},"end":{"line":63,"column":40}},{"start":{"line":63,"column":44},"end":{"line":63,"column":57}}],"line":63}},"s":{"0":7,"1":7,"2":0,"3":0,"4":0,"5":0,"6":0,"7":0,"8":0,"9":0,"10":0,"11":0,"12":0,"13":0,"14":0,"15":0,"16":0,"17":0,"18":0,"19":0,"20":0,"21":0,"22":0},"f":{"0":0,"1":0,"2":0},"b":{"0":[7,0],"1":[0,0],"2":[0,0],"3":[0,0],"4":[0,0],"5":[0,0],"6":[0,0]},"_coverageSchema":"1a1c01bbd47fc00a2c39e90264f33305004495a9","hash":"5988de5b3eca9201b152b8ff410a7f1263ca8557"}
,"/home/joshua/tia_connect/TIA-WEBSITE/Backend/tests/testUtils.js": {"path":"/home/joshua/tia_connect/TIA-WEBSITE/Backend/tests/testUtils.js","statementMap":{"0":{"start":{"line":5,"column":16},"end":{"line":5,"column":20}},"1":{"start":{"line":6,"column":13},"end":{"line":6,"column":37}},"2":{"start":{"line":9,"column":26},"end":{"line":11,"column":1}},"3":{"start":{"line":10,"column":2},"end":{"line":10,"column":70}},"4":{"start":{"line":13,"column":25},"end":{"line":23,"column":1}},"5":{"start":{"line":14,"column":2},"end":{"line":21,"column":3}},"6":{"start":{"line":15,"column":4},"end":{"line":20,"column":6}},"7":{"start":{"line":22,"column":2},"end":{"line":22,"column":18}},"8":{"start":{"line":25,"column":27},"end":{"line":25,"column":51}},"9":{"start":{"line":25,"column":33},"end":{"line":25,"column":51}},"10":{"start":{"line":27,"column":28},"end":{"line":33,"column":1}},"11":{"start":{"line":28,"column":15},"end":{"line":28,"column":28}},"12":{"start":{"line":29,"column":14},"end":{"line":31,"column":15}},"13":{"start":{"line":32,"column":2},"end":{"line":32,"column":13}},"14":{"start":{"line":35,"column":29},"end":{"line":52,"column":1}},"15":{"start":{"line":36,"column":2},"end":{"line":36,"column":23}},"16":{"start":{"line":39,"column":19},"end":{"line":44,"column":6}},"17":{"start":{"line":45,"column":2},"end":{"line":47,"column":3}},"18":{"start":{"line":46,"column":4},"end":{"line":46,"column":36}},"19":{"start":{"line":49,"column":21},"end":{"line":49,"column":40}},"20":{"start":{"line":51,"column":2},"end":{"line":51,"column":24}},"21":{"start":{"line":54,"column":29},"end":{"line":89,"column":1}},"22":{"start":{"line":55,"column":2},"end":{"line":55,"column":23}},"23":{"start":{"line":58,"column":19},"end":{"line":63,"column":6}},"24":{"start":{"line":64,"column":2},"end":{"line":66,"column":3}},"25":{"start":{"line":65,"column":4},"end":{"line":65,"column":36}},"26":{"start":{"line":68,"column":21},"end":{"line":68,"column":40}},"27":{"start":{"line":71,"column":18},"end":{"line":73,"column":49}},"28":{"start":{"line":74,"column":17},"end":{"line":74,"column":37}},"29":{"start":{"line":77,"column":21},"end":{"line":85,"column":6}},"30":{"start":{"line":86,"column":17},"end":{"line":86,"column":74}},"31":{"start":{"line":88,"column":2},"end":{"line":88,"column":40}},"32":{"start":{"line":91,"column":36},"end":{"line":126,"column":1}},"33":{"start":{"line":92,"column":2},"end":{"line":92,"column":23}},"34":{"start":{"line":95,"column":19},"end":{"line":100,"column":6}},"35":{"start":{"line":101,"column":2},"end":{"line":103,"column":3}},"36":{"start":{"line":102,"column":4},"end":{"line":102,"column":36}},"37":{"start":{"line":105,"column":21},"end":{"line":105,"column":40}},"38":{"start":{"line":108,"column":18},"end":{"line":110,"column":49}},"39":{"start":{"line":111,"column":17},"end":{"line":111,"column":37}},"40":{"start":{"line":114,"column":28},"end":{"line":122,"column":6}},"41":{"start":{"line":123,"column":24},"end":{"line":123,"column":102}},"42":{"start":{"line":125,"column":2},"end":{"line":125,"column":47}},"43":{"start":{"line":128,"column":34},"end":{"line":163,"column":1}},"44":{"start":{"line":129,"column":2},"end":{"line":129,"column":23}},"45":{"start":{"line":132,"column":19},"end":{"line":137,"column":6}},"46":{"start":{"line":138,"column":2},"end":{"line":140,"column":3}},"47":{"start":{"line":139,"column":4},"end":{"line":139,"column":36}},"48":{"start":{"line":142,"column":21},"end":{"line":142,"column":40}},"49":{"start":{"line":145,"column":18},"end":{"line":147,"column":49}},"50":{"start":{"line":148,"column":17},"end":{"line":148,"column":37}},"51":{"start":{"line":151,"column":26},"end":{"line":159,"column":6}},"52":{"start":{"line":160,"column":22},"end":{"line":160,"column":94}},"53":{"start":{"line":162,"column":2},"end":{"line":162,"column":45}}},"fnMap":{"0":{"name":"(anonymous_0)","decl":{"start":{"line":9,"column":26},"end":{"line":9,"column":27}},"loc":{"start":{"line":9,"column":32},"end":{"line":11,"column":1}},"line":9},"1":{"name":"(anonymous_1)","decl":{"start":{"line":13,"column":25},"end":{"line":13,"column":26}},"loc":{"start":{"line":13,"column":31},"end":{"line":23,"column":1}},"line":13},"2":{"name":"(anonymous_2)","decl":{"start":{"line":25,"column":27},"end":{"line":25,"column":28}},"loc":{"start":{"line":25,"column":33},"end":{"line":25,"column":51}},"line":25},"3":{"name":"(anonymous_3)","decl":{"start":{"line":27,"column":28},"end":{"line":27,"column":29}},"loc":{"start":{"line":27,"column":40},"end":{"line":33,"column":1}},"line":27},"4":{"name":"(anonymous_4)","decl":{"start":{"line":35,"column":29},"end":{"line":35,"column":30}},"loc":{"start":{"line":35,"column":41},"end":{"line":52,"column":1}},"line":35},"5":{"name":"(anonymous_5)","decl":{"start":{"line":54,"column":29},"end":{"line":54,"column":30}},"loc":{"start":{"line":54,"column":41},"end":{"line":89,"column":1}},"line":54},"6":{"name":"(anonymous_6)","decl":{"start":{"line":91,"column":36},"end":{"line":91,"column":37}},"loc":{"start":{"line":91,"column":48},"end":{"line":126,"column":1}},"line":91},"7":{"name":"(anonymous_7)","decl":{"start":{"line":128,"column":34},"end":{"line":128,"column":35}},"loc":{"start":{"line":128,"column":46},"end":{"line":163,"column":1}},"line":128}},"branchMap":{"0":{"loc":{"start":{"line":6,"column":13},"end":{"line":6,"column":37}},"type":"binary-expr","locations":[{"start":{"line":6,"column":13},"end":{"line":6,"column":29}},{"start":{"line":6,"column":33},"end":{"line":6,"column":37}}],"line":6},"1":{"loc":{"start":{"line":10,"column":9},"end":{"line":10,"column":69}},"type":"cond-expr","locations":[{"start":{"line":10,"column":19},"end":{"line":10,"column":31}},{"start":{"line":10,"column":34},"end":{"line":10,"column":69}}],"line":10},"2":{"loc":{"start":{"line":14,"column":2},"end":{"line":21,"column":3}},"type":"if","locations":[{"start":{"line":14,"column":2},"end":{"line":21,"column":3}},{"start":{},"end":{}}],"line":14},"3":{"loc":{"start":{"line":45,"column":2},"end":{"line":47,"column":3}},"type":"if","locations":[{"start":{"line":45,"column":2},"end":{"line":47,"column":3}},{"start":{},"end":{}}],"line":45},"4":{"loc":{"start":{"line":64,"column":2},"end":{"line":66,"column":3}},"type":"if","locations":[{"start":{"line":64,"column":2},"end":{"line":66,"column":3}},{"start":{},"end":{}}],"line":64},"5":{"loc":{"start":{"line":86,"column":17},"end":{"line":86,"column":74}},"type":"cond-expr","locations":[{"start":{"line":86,"column":45},"end":{"line":86,"column":67}},{"start":{"line":86,"column":70},"end":{"line":86,"column":74}}],"line":86},"6":{"loc":{"start":{"line":101,"column":2},"end":{"line":103,"column":3}},"type":"if","locations":[{"start":{"line":101,"column":2},"end":{"line":103,"column":3}},{"start":{},"end":{}}],"line":101},"7":{"loc":{"start":{"line":123,"column":24},"end":{"line":123,"column":102}},"type":"cond-expr","locations":[{"start":{"line":123,"column":59},"end":{"line":123,"column":95}},{"start":{"line":123,"column":98},"end":{"line":123,"column":102}}],"line":123},"8":{"loc":{"start":{"line":138,"column":2},"end":{"line":140,"column":3}},"type":"if","locations":[{"start":{"line":138,"column":2},"end":{"line":140,"column":3}},{"start":{},"end":{}}],"line":138},"9":{"loc":{"start":{"line":160,"column":22},"end":{"line":160,"column":94}},"type":"cond-expr","locations":[{"start":{"line":160,"column":55},"end":{"line":160,"column":87}},{"start":{"line":160,"column":90},"end":{"line":160,"column":94}}],"line":160}},"s":{"0":7,"1":7,"2":7,"3":111,"4":7,"5":21,"6":6,"7":21,"8":7,"9":21,"10":7,"11":6,"12":6,"13":6,"14":7,"15":2,"16":2,"17":2,"18":0,"19":2,"20":2,"21":7,"22":1,"23":1,"24":1,"25":0,"26":1,"27":1,"28":1,"29":1,"30":1,"31":1,"32":7,"33":1,"34":1,"35":1,"36":0,"37":1,"38":1,"39":1,"40":1,"41":1,"42":1,"43":7,"44":1,"45":1,"46":1,"47":0,"48":1,"49":1,"50":1,"51":1,"52":1,"53":1},"f":{"0":111,"1":21,"2":21,"3":6,"4":2,"5":1,"6":1,"7":1},"b":{"0":[7,0],"1":[111,0],"2":[6,15],"3":[0,2],"4":[0,1],"5":[1,0],"6":[0,1],"7":[1,0],"8":[0,1],"9":[1,0]},"_coverageSchema":"1a1c01bbd47fc00a2c39e90264f33305004495a9","hash":"c6f364b56d0dc4ec70c76bcc3e9ebbd16f7f569a"}
}
