{"/home/joshua/tia_connect/TIA-WEBSITE/Backend/app.js": {"path":"/home/joshua/tia_connect/TIA-WEBSITE/Backend/app.js","statementMap":{"0":{"start":{"line":14,"column":12},"end":{"line":14,"column":21}},"1":{"start":{"line":15,"column":0},"end":{"line":15,"column":24}},"2":{"start":{"line":16,"column":0},"end":{"line":19,"column":3}},"3":{"start":{"line":22,"column":23},"end":{"line":35,"column":1}},"4":{"start":{"line":36,"column":20},"end":{"line":36,"column":48}},"5":{"start":{"line":40,"column":0},"end":{"line":46,"column":1}},"6":{"start":{"line":41,"column":2},"end":{"line":41,"column":18}},"7":{"start":{"line":42,"column":2},"end":{"line":42,"column":24}},"8":{"start":{"line":43,"column":2},"end":{"line":43,"column":29}},"9":{"start":{"line":44,"column":2},"end":{"line":44,"column":26}},"10":{"start":{"line":45,"column":2},"end":{"line":45,"column":25}},"11":{"start":{"line":50,"column":0},"end":{"line":50,"column":24}},"12":{"start":{"line":51,"column":0},"end":{"line":51,"column":68}},"13":{"start":{"line":56,"column":0},"end":{"line":73,"column":1}},"14":{"start":{"line":57,"column":22},"end":{"line":57,"column":63}},"15":{"start":{"line":58,"column":2},"end":{"line":65,"column":5}},"16":{"start":{"line":59,"column":4},"end":{"line":64,"column":7}},"17":{"start":{"line":66,"column":7},"end":{"line":73,"column":1}},"18":{"start":{"line":67,"column":2},"end":{"line":72,"column":5}},"19":{"start":{"line":68,"column":4},"end":{"line":71,"column":7}}},"fnMap":{"0":{"name":"(anonymous_0)","decl":{"start":{"line":58,"column":10},"end":{"line":58,"column":11}},"loc":{"start":{"line":58,"column":30},"end":{"line":65,"column":3}},"line":58},"1":{"name":"(anonymous_1)","decl":{"start":{"line":67,"column":10},"end":{"line":67,"column":11}},"loc":{"start":{"line":67,"column":30},"end":{"line":72,"column":3}},"line":67}},"branchMap":{"0":{"loc":{"start":{"line":40,"column":0},"end":{"line":46,"column":1}},"type":"if","locations":[{"start":{"line":40,"column":0},"end":{"line":46,"column":1}},{"start":{},"end":{}}],"line":40},"1":{"loc":{"start":{"line":56,"column":0},"end":{"line":73,"column":1}},"type":"if","locations":[{"start":{"line":56,"column":0},"end":{"line":73,"column":1}},{"start":{"line":66,"column":7},"end":{"line":73,"column":1}}],"line":56},"2":{"loc":{"start":{"line":66,"column":7},"end":{"line":73,"column":1}},"type":"if","locations":[{"start":{"line":66,"column":7},"end":{"line":73,"column":1}},{"start":{},"end":{}}],"line":66}},"s":{"0":1,"1":1,"2":1,"3":1,"4":1,"5":1,"6":0,"7":0,"8":0,"9":0,"10":0,"11":1,"12":1,"13":1,"14":0,"15":0,"16":0,"17":1,"18":0,"19":0},"f":{"0":0,"1":0},"b":{"0":[0,1],"1":[0,1],"2":[0,1]},"_coverageSchema":"1a1c01bbd47fc00a2c39e90264f33305004495a9","hash":"2fc0e80db97e57ea99150bdba1ece94b15da579f"}
,"/home/joshua/tia_connect/TIA-WEBSITE/Backend/config/config.js": {"path":"/home/joshua/tia_connect/TIA-WEBSITE/Backend/config/config.js","statementMap":{"0":{"start":{"line":4,"column":17},"end":{"line":8,"column":1}},"1":{"start":{"line":5,"column":16},"end":{"line":5,"column":32}},"2":{"start":{"line":6,"column":2},"end":{"line":6,"column":66}},"3":{"start":{"line":6,"column":14},"end":{"line":6,"column":66}},"4":{"start":{"line":7,"column":2},"end":{"line":7,"column":15}},"5":{"start":{"line":10,"column":15},"end":{"line":21,"column":1}},"6":{"start":{"line":23,"column":12},"end":{"line":56,"column":1}}},"fnMap":{"0":{"name":"(anonymous_0)","decl":{"start":{"line":4,"column":17},"end":{"line":4,"column":18}},"loc":{"start":{"line":4,"column":26},"end":{"line":8,"column":1}},"line":4}},"branchMap":{"0":{"loc":{"start":{"line":6,"column":2},"end":{"line":6,"column":66}},"type":"if","locations":[{"start":{"line":6,"column":2},"end":{"line":6,"column":66}},{"start":{},"end":{}}],"line":6},"1":{"loc":{"start":{"line":11,"column":12},"end":{"line":11,"column":49}},"type":"binary-expr","locations":[{"start":{"line":11,"column":12},"end":{"line":11,"column":32}},{"start":{"line":11,"column":36},"end":{"line":11,"column":49}}],"line":11}},"s":{"0":1,"1":9,"2":9,"3":0,"4":9,"5":1,"6":1},"f":{"0":9},"b":{"0":[0,9],"1":[1,0]},"_coverageSchema":"1a1c01bbd47fc00a2c39e90264f33305004495a9","hash":"a884ed3563c0d33cc37035d5a0a39f9d5534aa57"}
,"/home/joshua/tia_connect/TIA-WEBSITE/Backend/config/db.js": {"path":"/home/joshua/tia_connect/TIA-WEBSITE/Backend/config/db.js","statementMap":{"0":{"start":{"line":4,"column":13},"end":{"line":4,"column":40}}},"fnMap":{},"branchMap":{},"s":{"0":1},"f":{},"b":{},"_coverageSchema":"1a1c01bbd47fc00a2c39e90264f33305004495a9","hash":"b10a58fca740e55bc2e6bbd9e22d09fe60378971"}
,"/home/joshua/tia_connect/TIA-WEBSITE/Backend/config/index.js": {"path":"/home/joshua/tia_connect/TIA-WEBSITE/Backend/config/index.js","statementMap":{"0":{"start":{"line":3,"column":18},"end":{"line":3,"column":55}},"1":{"start":{"line":4,"column":19},"end":{"line":4,"column":56}},"2":{"start":{"line":6,"column":0},"end":{"line":8,"column":1}},"3":{"start":{"line":7,"column":2},"end":{"line":7,"column":96}},"4":{"start":{"line":9,"column":13},"end":{"line":9,"column":16}},"5":{"start":{"line":10,"column":0},"end":{"line":10,"column":31}},"6":{"start":{"line":11,"column":0},"end":{"line":11,"column":24}},"7":{"start":{"line":13,"column":0},"end":{"line":13,"column":56}}},"fnMap":{},"branchMap":{"0":{"loc":{"start":{"line":4,"column":19},"end":{"line":4,"column":56}},"type":"binary-expr","locations":[{"start":{"line":4,"column":19},"end":{"line":4,"column":39}},{"start":{"line":4,"column":43},"end":{"line":4,"column":56}}],"line":4},"1":{"loc":{"start":{"line":6,"column":0},"end":{"line":8,"column":1}},"type":"if","locations":[{"start":{"line":6,"column":0},"end":{"line":8,"column":1}},{"start":{},"end":{}}],"line":6}},"s":{"0":1,"1":1,"2":1,"3":0,"4":1,"5":1,"6":1,"7":1},"f":{},"b":{"0":[1,0],"1":[0,1]},"_coverageSchema":"1a1c01bbd47fc00a2c39e90264f33305004495a9","hash":"a38363855d1ec7c4a34722bd83287d59ac575722"}
,"/home/joshua/tia_connect/TIA-WEBSITE/Backend/controllers/authController.js": {"path":"/home/joshua/tia_connect/TIA-WEBSITE/Backend/controllers/authController.js","statementMap":{"0":{"start":{"line":9,"column":22},"end":{"line":35,"column":1}},"1":{"start":{"line":10,"column":2},"end":{"line":34,"column":3}},"2":{"start":{"line":11,"column":17},"end":{"line":11,"column":30}},"3":{"start":{"line":12,"column":53},"end":{"line":12,"column":61}},"4":{"start":{"line":15,"column":25},"end":{"line":15,"column":59}},"5":{"start":{"line":16,"column":4},"end":{"line":20,"column":5}},"6":{"start":{"line":17,"column":6},"end":{"line":19,"column":8}},"7":{"start":{"line":22,"column":15},"end":{"line":22,"column":42}},"8":{"start":{"line":23,"column":17},"end":{"line":23,"column":74}},"9":{"start":{"line":25,"column":4},"end":{"line":30,"column":7}},"10":{"start":{"line":32,"column":4},"end":{"line":32,"column":40}},"11":{"start":{"line":33,"column":4},"end":{"line":33,"column":70}},"12":{"start":{"line":37,"column":27},"end":{"line":45,"column":1}},"13":{"start":{"line":38,"column":2},"end":{"line":44,"column":3}},"14":{"start":{"line":41,"column":4},"end":{"line":41,"column":84}},"15":{"start":{"line":43,"column":4},"end":{"line":43,"column":73}},"16":{"start":{"line":47,"column":34},"end":{"line":55,"column":1}},"17":{"start":{"line":48,"column":2},"end":{"line":54,"column":3}},"18":{"start":{"line":49,"column":22},"end":{"line":49,"column":30}},"19":{"start":{"line":51,"column":4},"end":{"line":51,"column":95}},"20":{"start":{"line":53,"column":4},"end":{"line":53,"column":70}},"21":{"start":{"line":58,"column":23},"end":{"line":83,"column":1}},"22":{"start":{"line":59,"column":2},"end":{"line":82,"column":3}},"23":{"start":{"line":60,"column":17},"end":{"line":60,"column":30}},"24":{"start":{"line":61,"column":25},"end":{"line":61,"column":72}},"25":{"start":{"line":62,"column":4},"end":{"line":62,"column":93}},"26":{"start":{"line":62,"column":30},"end":{"line":62,"column":93}},"27":{"start":{"line":63,"column":20},"end":{"line":63,"column":74}},"28":{"start":{"line":64,"column":18},"end":{"line":64,"column":75}},"29":{"start":{"line":67,"column":25},"end":{"line":67,"column":63}},"30":{"start":{"line":68,"column":29},"end":{"line":68,"column":91}},"31":{"start":{"line":69,"column":41},"end":{"line":69,"column":106}},"32":{"start":{"line":71,"column":4},"end":{"line":71,"column":137}},"33":{"start":{"line":73,"column":4},"end":{"line":73,"column":45}},"34":{"start":{"line":74,"column":4},"end":{"line":77,"column":7}},"35":{"start":{"line":81,"column":4},"end":{"line":81,"column":70}},"36":{"start":{"line":85,"column":21},"end":{"line":135,"column":1}},"37":{"start":{"line":86,"column":2},"end":{"line":134,"column":3}},"38":{"start":{"line":87,"column":17},"end":{"line":87,"column":30}},"39":{"start":{"line":88,"column":32},"end":{"line":88,"column":40}},"40":{"start":{"line":90,"column":25},"end":{"line":90,"column":59}},"41":{"start":{"line":92,"column":4},"end":{"line":94,"column":5}},"42":{"start":{"line":93,"column":6},"end":{"line":93,"column":74}},"43":{"start":{"line":96,"column":24},"end":{"line":96,"column":81}},"44":{"start":{"line":98,"column":4},"end":{"line":100,"column":5}},"45":{"start":{"line":99,"column":6},"end":{"line":99,"column":74}},"46":{"start":{"line":102,"column":20},"end":{"line":102,"column":79}},"47":{"start":{"line":104,"column":18},"end":{"line":104,"column":75}},"48":{"start":{"line":106,"column":25},"end":{"line":106,"column":63}},"49":{"start":{"line":107,"column":29},"end":{"line":107,"column":91}},"50":{"start":{"line":109,"column":33},"end":{"line":109,"column":57}},"51":{"start":{"line":110,"column":41},"end":{"line":110,"column":106}},"52":{"start":{"line":111,"column":31},"end":{"line":111,"column":121}},"53":{"start":{"line":113,"column":4},"end":{"line":118,"column":6}},"54":{"start":{"line":120,"column":4},"end":{"line":125,"column":7}},"55":{"start":{"line":127,"column":4},"end":{"line":130,"column":7}},"56":{"start":{"line":132,"column":4},"end":{"line":132,"column":39}},"57":{"start":{"line":133,"column":4},"end":{"line":133,"column":70}},"58":{"start":{"line":137,"column":22},"end":{"line":148,"column":1}},"59":{"start":{"line":138,"column":2},"end":{"line":147,"column":3}},"60":{"start":{"line":140,"column":17},"end":{"line":140,"column":30}},"61":{"start":{"line":141,"column":4},"end":{"line":141,"column":43}},"62":{"start":{"line":142,"column":4},"end":{"line":142,"column":36}},"63":{"start":{"line":143,"column":4},"end":{"line":143,"column":69}},"64":{"start":{"line":145,"column":4},"end":{"line":145,"column":40}},"65":{"start":{"line":146,"column":4},"end":{"line":146,"column":67}},"66":{"start":{"line":150,"column":30},"end":{"line":158,"column":1}},"67":{"start":{"line":151,"column":2},"end":{"line":157,"column":3}},"68":{"start":{"line":152,"column":22},"end":{"line":152,"column":30}},"69":{"start":{"line":154,"column":4},"end":{"line":154,"column":85}},"70":{"start":{"line":156,"column":4},"end":{"line":156,"column":70}},"71":{"start":{"line":160,"column":29},"end":{"line":169,"column":1}},"72":{"start":{"line":161,"column":2},"end":{"line":168,"column":3}},"73":{"start":{"line":163,"column":28},"end":{"line":163,"column":45}},"74":{"start":{"line":165,"column":4},"end":{"line":165,"column":84}},"75":{"start":{"line":167,"column":4},"end":{"line":167,"column":73}}},"fnMap":{"0":{"name":"(anonymous_0)","decl":{"start":{"line":9,"column":22},"end":{"line":9,"column":23}},"loc":{"start":{"line":9,"column":42},"end":{"line":35,"column":1}},"line":9},"1":{"name":"(anonymous_1)","decl":{"start":{"line":37,"column":27},"end":{"line":37,"column":28}},"loc":{"start":{"line":37,"column":47},"end":{"line":45,"column":1}},"line":37},"2":{"name":"(anonymous_2)","decl":{"start":{"line":47,"column":34},"end":{"line":47,"column":35}},"loc":{"start":{"line":47,"column":54},"end":{"line":55,"column":1}},"line":47},"3":{"name":"(anonymous_3)","decl":{"start":{"line":58,"column":23},"end":{"line":58,"column":24}},"loc":{"start":{"line":58,"column":43},"end":{"line":83,"column":1}},"line":58},"4":{"name":"(anonymous_4)","decl":{"start":{"line":85,"column":21},"end":{"line":85,"column":22}},"loc":{"start":{"line":85,"column":41},"end":{"line":135,"column":1}},"line":85},"5":{"name":"(anonymous_5)","decl":{"start":{"line":137,"column":22},"end":{"line":137,"column":23}},"loc":{"start":{"line":137,"column":42},"end":{"line":148,"column":1}},"line":137},"6":{"name":"(anonymous_6)","decl":{"start":{"line":150,"column":30},"end":{"line":150,"column":31}},"loc":{"start":{"line":150,"column":50},"end":{"line":158,"column":1}},"line":150},"7":{"name":"(anonymous_7)","decl":{"start":{"line":160,"column":29},"end":{"line":160,"column":30}},"loc":{"start":{"line":160,"column":49},"end":{"line":169,"column":1}},"line":160}},"branchMap":{"0":{"loc":{"start":{"line":16,"column":4},"end":{"line":20,"column":5}},"type":"if","locations":[{"start":{"line":16,"column":4},"end":{"line":20,"column":5}},{"start":{},"end":{}}],"line":16},"1":{"loc":{"start":{"line":62,"column":4},"end":{"line":62,"column":93}},"type":"if","locations":[{"start":{"line":62,"column":4},"end":{"line":62,"column":93}},{"start":{},"end":{}}],"line":62},"2":{"loc":{"start":{"line":92,"column":4},"end":{"line":94,"column":5}},"type":"if","locations":[{"start":{"line":92,"column":4},"end":{"line":94,"column":5}},{"start":{},"end":{}}],"line":92},"3":{"loc":{"start":{"line":98,"column":4},"end":{"line":100,"column":5}},"type":"if","locations":[{"start":{"line":98,"column":4},"end":{"line":100,"column":5}},{"start":{},"end":{}}],"line":98}},"s":{"0":1,"1":0,"2":0,"3":0,"4":0,"5":0,"6":0,"7":0,"8":0,"9":0,"10":0,"11":0,"12":1,"13":0,"14":0,"15":0,"16":1,"17":0,"18":0,"19":0,"20":0,"21":1,"22":0,"23":0,"24":0,"25":0,"26":0,"27":0,"28":0,"29":0,"30":0,"31":0,"32":0,"33":0,"34":0,"35":0,"36":1,"37":0,"38":0,"39":0,"40":0,"41":0,"42":0,"43":0,"44":0,"45":0,"46":0,"47":0,"48":0,"49":0,"50":0,"51":0,"52":0,"53":0,"54":0,"55":0,"56":0,"57":0,"58":1,"59":0,"60":0,"61":0,"62":0,"63":0,"64":0,"65":0,"66":1,"67":0,"68":0,"69":0,"70":0,"71":1,"72":0,"73":0,"74":0,"75":0},"f":{"0":0,"1":0,"2":0,"3":0,"4":0,"5":0,"6":0,"7":0},"b":{"0":[0,0],"1":[0,0],"2":[0,0],"3":[0,0]},"_coverageSchema":"1a1c01bbd47fc00a2c39e90264f33305004495a9","hash":"2506262e739e2887c227d594472fd002a2bc9936"}
,"/home/joshua/tia_connect/TIA-WEBSITE/Backend/controllers/businessController.js": {"path":"/home/joshua/tia_connect/TIA-WEBSITE/Backend/controllers/businessController.js","statementMap":{"0":{"start":{"line":5,"column":28},"end":{"line":38,"column":1}},"1":{"start":{"line":6,"column":17},"end":{"line":6,"column":30}},"2":{"start":{"line":7,"column":21},"end":{"line":7,"column":38}},"3":{"start":{"line":9,"column":27},"end":{"line":9,"column":75}},"4":{"start":{"line":11,"column":4},"end":{"line":13,"column":5}},"5":{"start":{"line":12,"column":8},"end":{"line":12,"column":71}},"6":{"start":{"line":15,"column":23},"end":{"line":15,"column":40}},"7":{"start":{"line":16,"column":15},"end":{"line":16,"column":52}},"8":{"start":{"line":17,"column":24},"end":{"line":17,"column":65}},"9":{"start":{"line":18,"column":21},"end":{"line":18,"column":59}},"10":{"start":{"line":19,"column":20},"end":{"line":19,"column":57}},"11":{"start":{"line":22,"column":4},"end":{"line":37,"column":6}},"12":{"start":{"line":40,"column":30},"end":{"line":73,"column":1}},"13":{"start":{"line":41,"column":17},"end":{"line":41,"column":30}},"14":{"start":{"line":42,"column":21},"end":{"line":42,"column":38}},"15":{"start":{"line":43,"column":19},"end":{"line":43,"column":29}},"16":{"start":{"line":45,"column":27},"end":{"line":45,"column":37}},"17":{"start":{"line":47,"column":4},"end":{"line":49,"column":5}},"18":{"start":{"line":48,"column":8},"end":{"line":48,"column":78}},"19":{"start":{"line":51,"column":23},"end":{"line":51,"column":40}},"20":{"start":{"line":52,"column":15},"end":{"line":52,"column":52}},"21":{"start":{"line":53,"column":24},"end":{"line":53,"column":65}},"22":{"start":{"line":54,"column":21},"end":{"line":54,"column":59}},"23":{"start":{"line":55,"column":20},"end":{"line":55,"column":57}},"24":{"start":{"line":58,"column":4},"end":{"line":72,"column":6}},"25":{"start":{"line":75,"column":29},"end":{"line":96,"column":1}},"26":{"start":{"line":76,"column":4},"end":{"line":95,"column":5}},"27":{"start":{"line":77,"column":25},"end":{"line":77,"column":42}},"28":{"start":{"line":78,"column":21},"end":{"line":78,"column":34}},"29":{"start":{"line":79,"column":31},"end":{"line":79,"column":79}},"30":{"start":{"line":81,"column":8},"end":{"line":83,"column":9}},"31":{"start":{"line":82,"column":12},"end":{"line":82,"column":75}},"32":{"start":{"line":84,"column":27},"end":{"line":84,"column":44}},"33":{"start":{"line":86,"column":8},"end":{"line":90,"column":9}},"34":{"start":{"line":87,"column":12},"end":{"line":87,"column":64}},"35":{"start":{"line":89,"column":12},"end":{"line":89,"column":66}},"36":{"start":{"line":92,"column":8},"end":{"line":92,"column":67}},"37":{"start":{"line":94,"column":8},"end":{"line":94,"column":72}},"38":{"start":{"line":98,"column":27},"end":{"line":128,"column":1}},"39":{"start":{"line":99,"column":4},"end":{"line":127,"column":5}},"40":{"start":{"line":100,"column":29},"end":{"line":100,"column":37}},"41":{"start":{"line":101,"column":8},"end":{"line":103,"column":9}},"42":{"start":{"line":102,"column":12},"end":{"line":102,"column":74}},"43":{"start":{"line":104,"column":25},"end":{"line":104,"column":42}},"44":{"start":{"line":105,"column":21},"end":{"line":105,"column":34}},"45":{"start":{"line":106,"column":31},"end":{"line":106,"column":79}},"46":{"start":{"line":108,"column":8},"end":{"line":110,"column":9}},"47":{"start":{"line":109,"column":12},"end":{"line":109,"column":75}},"48":{"start":{"line":111,"column":27},"end":{"line":111,"column":44}},"49":{"start":{"line":113,"column":26},"end":{"line":113,"column":28}},"50":{"start":{"line":114,"column":8},"end":{"line":119,"column":9}},"51":{"start":{"line":115,"column":32},"end":{"line":115,"column":47}},"52":{"start":{"line":116,"column":23},"end":{"line":116,"column":73}},"53":{"start":{"line":117,"column":12},"end":{"line":117,"column":42}},"54":{"start":{"line":121,"column":8},"end":{"line":121,"column":83}},"55":{"start":{"line":125,"column":8},"end":{"line":125,"column":28}},"56":{"start":{"line":126,"column":8},"end":{"line":126,"column":72}},"57":{"start":{"line":130,"column":26},"end":{"line":160,"column":1}},"58":{"start":{"line":131,"column":4},"end":{"line":159,"column":5}},"59":{"start":{"line":132,"column":28},"end":{"line":132,"column":36}},"60":{"start":{"line":133,"column":8},"end":{"line":133,"column":29}},"61":{"start":{"line":134,"column":8},"end":{"line":136,"column":9}},"62":{"start":{"line":135,"column":12},"end":{"line":135,"column":73}},"63":{"start":{"line":137,"column":25},"end":{"line":137,"column":42}},"64":{"start":{"line":138,"column":21},"end":{"line":138,"column":34}},"65":{"start":{"line":139,"column":31},"end":{"line":139,"column":79}},"66":{"start":{"line":141,"column":8},"end":{"line":143,"column":9}},"67":{"start":{"line":142,"column":12},"end":{"line":142,"column":75}},"68":{"start":{"line":144,"column":27},"end":{"line":144,"column":44}},"69":{"start":{"line":146,"column":25},"end":{"line":146,"column":27}},"70":{"start":{"line":147,"column":8},"end":{"line":151,"column":9}},"71":{"start":{"line":148,"column":31},"end":{"line":148,"column":45}},"72":{"start":{"line":149,"column":23},"end":{"line":149,"column":71}},"73":{"start":{"line":150,"column":12},"end":{"line":150,"column":40}},"74":{"start":{"line":153,"column":8},"end":{"line":153,"column":81}},"75":{"start":{"line":157,"column":8},"end":{"line":157,"column":28}},"76":{"start":{"line":158,"column":8},"end":{"line":158,"column":72}},"77":{"start":{"line":163,"column":30},"end":{"line":197,"column":1}},"78":{"start":{"line":164,"column":4},"end":{"line":196,"column":5}},"79":{"start":{"line":165,"column":29},"end":{"line":165,"column":37}},"80":{"start":{"line":166,"column":8},"end":{"line":166,"column":30}},"81":{"start":{"line":167,"column":8},"end":{"line":169,"column":9}},"82":{"start":{"line":168,"column":12},"end":{"line":168,"column":74}},"83":{"start":{"line":170,"column":25},"end":{"line":170,"column":42}},"84":{"start":{"line":171,"column":21},"end":{"line":171,"column":34}},"85":{"start":{"line":172,"column":31},"end":{"line":172,"column":79}},"86":{"start":{"line":174,"column":8},"end":{"line":176,"column":9}},"87":{"start":{"line":175,"column":12},"end":{"line":175,"column":75}},"88":{"start":{"line":177,"column":27},"end":{"line":177,"column":44}},"89":{"start":{"line":179,"column":23},"end":{"line":179,"column":25}},"90":{"start":{"line":180,"column":8},"end":{"line":188,"column":9}},"91":{"start":{"line":181,"column":30},"end":{"line":181,"column":45}},"92":{"start":{"line":182,"column":33},"end":{"line":182,"column":84}},"93":{"start":{"line":183,"column":12},"end":{"line":187,"column":13}},"94":{"start":{"line":184,"column":16},"end":{"line":184,"column":48}},"95":{"start":{"line":186,"column":16},"end":{"line":186,"column":82}},"96":{"start":{"line":190,"column":8},"end":{"line":190,"column":77}},"97":{"start":{"line":194,"column":8},"end":{"line":194,"column":28}},"98":{"start":{"line":195,"column":8},"end":{"line":195,"column":72}},"99":{"start":{"line":199,"column":29},"end":{"line":233,"column":1}},"100":{"start":{"line":200,"column":4},"end":{"line":232,"column":5}},"101":{"start":{"line":201,"column":28},"end":{"line":201,"column":36}},"102":{"start":{"line":202,"column":8},"end":{"line":202,"column":29}},"103":{"start":{"line":203,"column":8},"end":{"line":205,"column":9}},"104":{"start":{"line":204,"column":12},"end":{"line":204,"column":73}},"105":{"start":{"line":206,"column":25},"end":{"line":206,"column":42}},"106":{"start":{"line":207,"column":21},"end":{"line":207,"column":34}},"107":{"start":{"line":208,"column":31},"end":{"line":208,"column":79}},"108":{"start":{"line":210,"column":8},"end":{"line":212,"column":9}},"109":{"start":{"line":211,"column":12},"end":{"line":211,"column":75}},"110":{"start":{"line":213,"column":27},"end":{"line":213,"column":44}},"111":{"start":{"line":215,"column":23},"end":{"line":215,"column":25}},"112":{"start":{"line":216,"column":8},"end":{"line":224,"column":9}},"113":{"start":{"line":217,"column":29},"end":{"line":217,"column":43}},"114":{"start":{"line":218,"column":33},"end":{"line":218,"column":82}},"115":{"start":{"line":219,"column":12},"end":{"line":223,"column":13}},"116":{"start":{"line":220,"column":16},"end":{"line":220,"column":47}},"117":{"start":{"line":222,"column":16},"end":{"line":222,"column":80}},"118":{"start":{"line":226,"column":8},"end":{"line":226,"column":77}},"119":{"start":{"line":230,"column":8},"end":{"line":230,"column":28}},"120":{"start":{"line":231,"column":8},"end":{"line":231,"column":72}},"121":{"start":{"line":235,"column":29},"end":{"line":269,"column":1}},"122":{"start":{"line":236,"column":4},"end":{"line":268,"column":5}},"123":{"start":{"line":237,"column":25},"end":{"line":237,"column":42}},"124":{"start":{"line":238,"column":21},"end":{"line":238,"column":34}},"125":{"start":{"line":239,"column":62},"end":{"line":239,"column":70}},"126":{"start":{"line":240,"column":31},"end":{"line":240,"column":79}},"127":{"start":{"line":241,"column":8},"end":{"line":243,"column":9}},"128":{"start":{"line":242,"column":12},"end":{"line":242,"column":75}},"129":{"start":{"line":244,"column":31},"end":{"line":244,"column":48}},"130":{"start":{"line":245,"column":8},"end":{"line":247,"column":9}},"131":{"start":{"line":246,"column":12},"end":{"line":246,"column":87}},"132":{"start":{"line":248,"column":8},"end":{"line":250,"column":9}},"133":{"start":{"line":249,"column":12},"end":{"line":249,"column":88}},"134":{"start":{"line":252,"column":8},"end":{"line":254,"column":9}},"135":{"start":{"line":253,"column":12},"end":{"line":253,"column":107}},"136":{"start":{"line":259,"column":8},"end":{"line":261,"column":9}},"137":{"start":{"line":260,"column":12},"end":{"line":260,"column":76}},"138":{"start":{"line":262,"column":29},"end":{"line":262,"column":100}},"139":{"start":{"line":263,"column":8},"end":{"line":263,"column":94}},"140":{"start":{"line":266,"column":8},"end":{"line":266,"column":28}},"141":{"start":{"line":267,"column":8},"end":{"line":267,"column":72}},"142":{"start":{"line":271,"column":32},"end":{"line":312,"column":1}},"143":{"start":{"line":272,"column":4},"end":{"line":311,"column":5}},"144":{"start":{"line":273,"column":25},"end":{"line":273,"column":42}},"145":{"start":{"line":274,"column":21},"end":{"line":274,"column":34}},"146":{"start":{"line":275,"column":23},"end":{"line":275,"column":31}},"147":{"start":{"line":276,"column":8},"end":{"line":278,"column":9}},"148":{"start":{"line":277,"column":12},"end":{"line":277,"column":79}},"149":{"start":{"line":279,"column":29},"end":{"line":279,"column":77}},"150":{"start":{"line":280,"column":8},"end":{"line":282,"column":9}},"151":{"start":{"line":281,"column":12},"end":{"line":281,"column":75}},"152":{"start":{"line":284,"column":27},"end":{"line":284,"column":63}},"153":{"start":{"line":286,"column":8},"end":{"line":288,"column":9}},"154":{"start":{"line":287,"column":12},"end":{"line":287,"column":81}},"155":{"start":{"line":291,"column":37},"end":{"line":291,"column":70}},"156":{"start":{"line":292,"column":36},"end":{"line":292,"column":68}},"157":{"start":{"line":295,"column":8},"end":{"line":295,"column":23}},"158":{"start":{"line":296,"column":8},"end":{"line":296,"column":41}},"159":{"start":{"line":297,"column":8},"end":{"line":297,"column":40}},"160":{"start":{"line":299,"column":8},"end":{"line":301,"column":9}},"161":{"start":{"line":300,"column":12},"end":{"line":300,"column":107}},"162":{"start":{"line":302,"column":29},"end":{"line":302,"column":64}},"163":{"start":{"line":303,"column":8},"end":{"line":305,"column":9}},"164":{"start":{"line":304,"column":12},"end":{"line":304,"column":80}},"165":{"start":{"line":307,"column":8},"end":{"line":307,"column":68}},"166":{"start":{"line":309,"column":8},"end":{"line":309,"column":28}},"167":{"start":{"line":310,"column":8},"end":{"line":310,"column":72}},"168":{"start":{"line":314,"column":31},"end":{"line":352,"column":1}},"169":{"start":{"line":315,"column":2},"end":{"line":351,"column":3}},"170":{"start":{"line":316,"column":21},"end":{"line":316,"column":38}},"171":{"start":{"line":319,"column":17},"end":{"line":319,"column":46}},"172":{"start":{"line":320,"column":18},"end":{"line":320,"column":49}},"173":{"start":{"line":321,"column":19},"end":{"line":321,"column":41}},"174":{"start":{"line":324,"column":15},"end":{"line":324,"column":17}},"175":{"start":{"line":325,"column":4},"end":{"line":329,"column":5}},"176":{"start":{"line":326,"column":6},"end":{"line":328,"column":37}},"177":{"start":{"line":327,"column":36},"end":{"line":327,"column":49}},"178":{"start":{"line":332,"column":4},"end":{"line":334,"column":5}},"179":{"start":{"line":333,"column":6},"end":{"line":333,"column":74}},"180":{"start":{"line":335,"column":4},"end":{"line":337,"column":5}},"181":{"start":{"line":336,"column":6},"end":{"line":336,"column":82}},"182":{"start":{"line":340,"column":19},"end":{"line":340,"column":73}},"183":{"start":{"line":342,"column":4},"end":{"line":346,"column":7}},"184":{"start":{"line":349,"column":4},"end":{"line":349,"column":52}},"185":{"start":{"line":350,"column":4},"end":{"line":350,"column":70}}},"fnMap":{"0":{"name":"(anonymous_0)","decl":{"start":{"line":5,"column":28},"end":{"line":5,"column":29}},"loc":{"start":{"line":5,"column":48},"end":{"line":38,"column":1}},"line":5},"1":{"name":"(anonymous_1)","decl":{"start":{"line":40,"column":30},"end":{"line":40,"column":31}},"loc":{"start":{"line":40,"column":50},"end":{"line":73,"column":1}},"line":40},"2":{"name":"(anonymous_2)","decl":{"start":{"line":75,"column":29},"end":{"line":75,"column":30}},"loc":{"start":{"line":75,"column":49},"end":{"line":96,"column":1}},"line":75},"3":{"name":"(anonymous_3)","decl":{"start":{"line":98,"column":27},"end":{"line":98,"column":28}},"loc":{"start":{"line":98,"column":47},"end":{"line":128,"column":1}},"line":98},"4":{"name":"(anonymous_4)","decl":{"start":{"line":130,"column":26},"end":{"line":130,"column":27}},"loc":{"start":{"line":130,"column":46},"end":{"line":160,"column":1}},"line":130},"5":{"name":"(anonymous_5)","decl":{"start":{"line":163,"column":30},"end":{"line":163,"column":31}},"loc":{"start":{"line":163,"column":50},"end":{"line":197,"column":1}},"line":163},"6":{"name":"(anonymous_6)","decl":{"start":{"line":199,"column":29},"end":{"line":199,"column":30}},"loc":{"start":{"line":199,"column":49},"end":{"line":233,"column":1}},"line":199},"7":{"name":"(anonymous_7)","decl":{"start":{"line":235,"column":29},"end":{"line":235,"column":30}},"loc":{"start":{"line":235,"column":49},"end":{"line":269,"column":1}},"line":235},"8":{"name":"(anonymous_8)","decl":{"start":{"line":271,"column":32},"end":{"line":271,"column":33}},"loc":{"start":{"line":271,"column":52},"end":{"line":312,"column":1}},"line":271},"9":{"name":"(anonymous_9)","decl":{"start":{"line":314,"column":31},"end":{"line":314,"column":32}},"loc":{"start":{"line":314,"column":51},"end":{"line":352,"column":1}},"line":314},"10":{"name":"(anonymous_10)","decl":{"start":{"line":327,"column":29},"end":{"line":327,"column":30}},"loc":{"start":{"line":327,"column":36},"end":{"line":327,"column":49}},"line":327}},"branchMap":{"0":{"loc":{"start":{"line":11,"column":4},"end":{"line":13,"column":5}},"type":"if","locations":[{"start":{"line":11,"column":4},"end":{"line":13,"column":5}},{"start":{},"end":{}}],"line":11},"1":{"loc":{"start":{"line":47,"column":4},"end":{"line":49,"column":5}},"type":"if","locations":[{"start":{"line":47,"column":4},"end":{"line":49,"column":5}},{"start":{},"end":{}}],"line":47},"2":{"loc":{"start":{"line":81,"column":8},"end":{"line":83,"column":9}},"type":"if","locations":[{"start":{"line":81,"column":8},"end":{"line":83,"column":9}},{"start":{},"end":{}}],"line":81},"3":{"loc":{"start":{"line":101,"column":8},"end":{"line":103,"column":9}},"type":"if","locations":[{"start":{"line":101,"column":8},"end":{"line":103,"column":9}},{"start":{},"end":{}}],"line":101},"4":{"loc":{"start":{"line":101,"column":12},"end":{"line":101,"column":45}},"type":"binary-expr","locations":[{"start":{"line":101,"column":12},"end":{"line":101,"column":21}},{"start":{"line":101,"column":25},"end":{"line":101,"column":45}}],"line":101},"5":{"loc":{"start":{"line":108,"column":8},"end":{"line":110,"column":9}},"type":"if","locations":[{"start":{"line":108,"column":8},"end":{"line":110,"column":9}},{"start":{},"end":{}}],"line":108},"6":{"loc":{"start":{"line":134,"column":8},"end":{"line":136,"column":9}},"type":"if","locations":[{"start":{"line":134,"column":8},"end":{"line":136,"column":9}},{"start":{},"end":{}}],"line":134},"7":{"loc":{"start":{"line":134,"column":12},"end":{"line":134,"column":43}},"type":"binary-expr","locations":[{"start":{"line":134,"column":12},"end":{"line":134,"column":20}},{"start":{"line":134,"column":24},"end":{"line":134,"column":43}}],"line":134},"8":{"loc":{"start":{"line":141,"column":8},"end":{"line":143,"column":9}},"type":"if","locations":[{"start":{"line":141,"column":8},"end":{"line":143,"column":9}},{"start":{},"end":{}}],"line":141},"9":{"loc":{"start":{"line":167,"column":8},"end":{"line":169,"column":9}},"type":"if","locations":[{"start":{"line":167,"column":8},"end":{"line":169,"column":9}},{"start":{},"end":{}}],"line":167},"10":{"loc":{"start":{"line":167,"column":12},"end":{"line":167,"column":45}},"type":"binary-expr","locations":[{"start":{"line":167,"column":12},"end":{"line":167,"column":21}},{"start":{"line":167,"column":25},"end":{"line":167,"column":45}}],"line":167},"11":{"loc":{"start":{"line":174,"column":8},"end":{"line":176,"column":9}},"type":"if","locations":[{"start":{"line":174,"column":8},"end":{"line":176,"column":9}},{"start":{},"end":{}}],"line":174},"12":{"loc":{"start":{"line":183,"column":12},"end":{"line":187,"column":13}},"type":"if","locations":[{"start":{"line":183,"column":12},"end":{"line":187,"column":13}},{"start":{"line":185,"column":19},"end":{"line":187,"column":13}}],"line":183},"13":{"loc":{"start":{"line":203,"column":8},"end":{"line":205,"column":9}},"type":"if","locations":[{"start":{"line":203,"column":8},"end":{"line":205,"column":9}},{"start":{},"end":{}}],"line":203},"14":{"loc":{"start":{"line":203,"column":12},"end":{"line":203,"column":43}},"type":"binary-expr","locations":[{"start":{"line":203,"column":12},"end":{"line":203,"column":20}},{"start":{"line":203,"column":24},"end":{"line":203,"column":43}}],"line":203},"15":{"loc":{"start":{"line":210,"column":8},"end":{"line":212,"column":9}},"type":"if","locations":[{"start":{"line":210,"column":8},"end":{"line":212,"column":9}},{"start":{},"end":{}}],"line":210},"16":{"loc":{"start":{"line":219,"column":12},"end":{"line":223,"column":13}},"type":"if","locations":[{"start":{"line":219,"column":12},"end":{"line":223,"column":13}},{"start":{"line":221,"column":19},"end":{"line":223,"column":13}}],"line":219},"17":{"loc":{"start":{"line":241,"column":8},"end":{"line":243,"column":9}},"type":"if","locations":[{"start":{"line":241,"column":8},"end":{"line":243,"column":9}},{"start":{},"end":{}}],"line":241},"18":{"loc":{"start":{"line":245,"column":8},"end":{"line":247,"column":9}},"type":"if","locations":[{"start":{"line":245,"column":8},"end":{"line":247,"column":9}},{"start":{},"end":{}}],"line":245},"19":{"loc":{"start":{"line":248,"column":8},"end":{"line":250,"column":9}},"type":"if","locations":[{"start":{"line":248,"column":8},"end":{"line":250,"column":9}},{"start":{},"end":{}}],"line":248},"20":{"loc":{"start":{"line":252,"column":8},"end":{"line":254,"column":9}},"type":"if","locations":[{"start":{"line":252,"column":8},"end":{"line":254,"column":9}},{"start":{},"end":{}}],"line":252},"21":{"loc":{"start":{"line":259,"column":8},"end":{"line":261,"column":9}},"type":"if","locations":[{"start":{"line":259,"column":8},"end":{"line":261,"column":9}},{"start":{},"end":{}}],"line":259},"22":{"loc":{"start":{"line":276,"column":8},"end":{"line":278,"column":9}},"type":"if","locations":[{"start":{"line":276,"column":8},"end":{"line":278,"column":9}},{"start":{},"end":{}}],"line":276},"23":{"loc":{"start":{"line":280,"column":8},"end":{"line":282,"column":9}},"type":"if","locations":[{"start":{"line":280,"column":8},"end":{"line":282,"column":9}},{"start":{},"end":{}}],"line":280},"24":{"loc":{"start":{"line":286,"column":8},"end":{"line":288,"column":9}},"type":"if","locations":[{"start":{"line":286,"column":8},"end":{"line":288,"column":9}},{"start":{},"end":{}}],"line":286},"25":{"loc":{"start":{"line":299,"column":8},"end":{"line":301,"column":9}},"type":"if","locations":[{"start":{"line":299,"column":8},"end":{"line":301,"column":9}},{"start":{},"end":{}}],"line":299},"26":{"loc":{"start":{"line":299,"column":12},"end":{"line":299,"column":93}},"type":"binary-expr","locations":[{"start":{"line":299,"column":12},"end":{"line":299,"column":51}},{"start":{"line":299,"column":55},"end":{"line":299,"column":93}}],"line":299},"27":{"loc":{"start":{"line":303,"column":8},"end":{"line":305,"column":9}},"type":"if","locations":[{"start":{"line":303,"column":8},"end":{"line":305,"column":9}},{"start":{},"end":{}}],"line":303},"28":{"loc":{"start":{"line":319,"column":17},"end":{"line":319,"column":46}},"type":"binary-expr","locations":[{"start":{"line":319,"column":17},"end":{"line":319,"column":41}},{"start":{"line":319,"column":45},"end":{"line":319,"column":46}}],"line":319},"29":{"loc":{"start":{"line":320,"column":18},"end":{"line":320,"column":49}},"type":"binary-expr","locations":[{"start":{"line":320,"column":18},"end":{"line":320,"column":43}},{"start":{"line":320,"column":47},"end":{"line":320,"column":49}}],"line":320},"30":{"loc":{"start":{"line":321,"column":19},"end":{"line":321,"column":41}},"type":"binary-expr","locations":[{"start":{"line":321,"column":19},"end":{"line":321,"column":35}},{"start":{"line":321,"column":39},"end":{"line":321,"column":41}}],"line":321},"31":{"loc":{"start":{"line":325,"column":4},"end":{"line":329,"column":5}},"type":"if","locations":[{"start":{"line":325,"column":4},"end":{"line":329,"column":5}},{"start":{},"end":{}}],"line":325},"32":{"loc":{"start":{"line":326,"column":13},"end":{"line":328,"column":36}},"type":"cond-expr","locations":[{"start":{"line":327,"column":10},"end":{"line":327,"column":50}},{"start":{"line":328,"column":10},"end":{"line":328,"column":36}}],"line":326},"33":{"loc":{"start":{"line":332,"column":4},"end":{"line":334,"column":5}},"type":"if","locations":[{"start":{"line":332,"column":4},"end":{"line":334,"column":5}},{"start":{},"end":{}}],"line":332},"34":{"loc":{"start":{"line":335,"column":4},"end":{"line":337,"column":5}},"type":"if","locations":[{"start":{"line":335,"column":4},"end":{"line":337,"column":5}},{"start":{},"end":{}}],"line":335},"35":{"loc":{"start":{"line":335,"column":8},"end":{"line":335,"column":32}},"type":"binary-expr","locations":[{"start":{"line":335,"column":8},"end":{"line":335,"column":17}},{"start":{"line":335,"column":21},"end":{"line":335,"column":32}}],"line":335}},"s":{"0":1,"1":0,"2":0,"3":0,"4":0,"5":0,"6":0,"7":0,"8":0,"9":0,"10":0,"11":0,"12":1,"13":0,"14":0,"15":0,"16":0,"17":0,"18":0,"19":0,"20":0,"21":0,"22":0,"23":0,"24":0,"25":1,"26":0,"27":0,"28":0,"29":0,"30":0,"31":0,"32":0,"33":0,"34":0,"35":0,"36":0,"37":0,"38":1,"39":0,"40":0,"41":0,"42":0,"43":0,"44":0,"45":0,"46":0,"47":0,"48":0,"49":0,"50":0,"51":0,"52":0,"53":0,"54":0,"55":0,"56":0,"57":1,"58":0,"59":0,"60":0,"61":0,"62":0,"63":0,"64":0,"65":0,"66":0,"67":0,"68":0,"69":0,"70":0,"71":0,"72":0,"73":0,"74":0,"75":0,"76":0,"77":1,"78":0,"79":0,"80":0,"81":0,"82":0,"83":0,"84":0,"85":0,"86":0,"87":0,"88":0,"89":0,"90":0,"91":0,"92":0,"93":0,"94":0,"95":0,"96":0,"97":0,"98":0,"99":1,"100":0,"101":0,"102":0,"103":0,"104":0,"105":0,"106":0,"107":0,"108":0,"109":0,"110":0,"111":0,"112":0,"113":0,"114":0,"115":0,"116":0,"117":0,"118":0,"119":0,"120":0,"121":1,"122":0,"123":0,"124":0,"125":0,"126":0,"127":0,"128":0,"129":0,"130":0,"131":0,"132":0,"133":0,"134":0,"135":0,"136":0,"137":0,"138":0,"139":0,"140":0,"141":0,"142":1,"143":0,"144":0,"145":0,"146":0,"147":0,"148":0,"149":0,"150":0,"151":0,"152":0,"153":0,"154":0,"155":0,"156":0,"157":0,"158":0,"159":0,"160":0,"161":0,"162":0,"163":0,"164":0,"165":0,"166":0,"167":0,"168":1,"169":0,"170":0,"171":0,"172":0,"173":0,"174":0,"175":0,"176":0,"177":0,"178":0,"179":0,"180":0,"181":0,"182":0,"183":0,"184":0,"185":0},"f":{"0":0,"1":0,"2":0,"3":0,"4":0,"5":0,"6":0,"7":0,"8":0,"9":0,"10":0},"b":{"0":[0,0],"1":[0,0],"2":[0,0],"3":[0,0],"4":[0,0],"5":[0,0],"6":[0,0],"7":[0,0],"8":[0,0],"9":[0,0],"10":[0,0],"11":[0,0],"12":[0,0],"13":[0,0],"14":[0,0],"15":[0,0],"16":[0,0],"17":[0,0],"18":[0,0],"19":[0,0],"20":[0,0],"21":[0,0],"22":[0,0],"23":[0,0],"24":[0,0],"25":[0,0],"26":[0,0],"27":[0,0],"28":[0,0],"29":[0,0],"30":[0,0],"31":[0,0],"32":[0,0],"33":[0,0],"34":[0,0],"35":[0,0]},"_coverageSchema":"1a1c01bbd47fc00a2c39e90264f33305004495a9","hash":"4fa01a36b020cc12bf7130a7427de725f7793bdb"}
,"/home/joshua/tia_connect/TIA-WEBSITE/Backend/controllers/caseStudyController.js": {"path":"/home/joshua/tia_connect/TIA-WEBSITE/Backend/controllers/caseStudyController.js","statementMap":{"0":{"start":{"line":5,"column":32},"end":{"line":34,"column":1}},"1":{"start":{"line":6,"column":4},"end":{"line":33,"column":5}},"2":{"start":{"line":7,"column":21},"end":{"line":7,"column":34}},"3":{"start":{"line":8,"column":28},"end":{"line":8,"column":46}},"4":{"start":{"line":9,"column":24},"end":{"line":9,"column":58}},"5":{"start":{"line":10,"column":8},"end":{"line":12,"column":9}},"6":{"start":{"line":11,"column":12},"end":{"line":11,"column":68}},"7":{"start":{"line":13,"column":32},"end":{"line":13,"column":80}},"8":{"start":{"line":14,"column":8},"end":{"line":16,"column":9}},"9":{"start":{"line":15,"column":12},"end":{"line":15,"column":95}},"10":{"start":{"line":17,"column":36},"end":{"line":17,"column":38}},"11":{"start":{"line":18,"column":8},"end":{"line":27,"column":9}},"12":{"start":{"line":19,"column":12},"end":{"line":26,"column":14}},"13":{"start":{"line":28,"column":8},"end":{"line":28,"column":92}},"14":{"start":{"line":31,"column":8},"end":{"line":31,"column":27}},"15":{"start":{"line":32,"column":8},"end":{"line":32,"column":65}},"16":{"start":{"line":36,"column":28},"end":{"line":56,"column":1}},"17":{"start":{"line":37,"column":4},"end":{"line":55,"column":5}},"18":{"start":{"line":38,"column":28},"end":{"line":38,"column":46}},"19":{"start":{"line":39,"column":49},"end":{"line":39,"column":57}},"20":{"start":{"line":40,"column":8},"end":{"line":42,"column":9}},"21":{"start":{"line":41,"column":12},"end":{"line":41,"column":80}},"22":{"start":{"line":43,"column":8},"end":{"line":45,"column":9}},"23":{"start":{"line":44,"column":12},"end":{"line":44,"column":88}},"24":{"start":{"line":46,"column":24},"end":{"line":46,"column":38}},"25":{"start":{"line":47,"column":30},"end":{"line":47,"column":82}},"26":{"start":{"line":48,"column":32},"end":{"line":48,"column":61}},"27":{"start":{"line":49,"column":28},"end":{"line":49,"column":119}},"28":{"start":{"line":50,"column":8},"end":{"line":50,"column":83}},"29":{"start":{"line":53,"column":8},"end":{"line":53,"column":27}},"30":{"start":{"line":54,"column":8},"end":{"line":54,"column":65}},"31":{"start":{"line":58,"column":31},"end":{"line":76,"column":1}},"32":{"start":{"line":59,"column":4},"end":{"line":75,"column":5}},"33":{"start":{"line":60,"column":28},"end":{"line":60,"column":46}},"34":{"start":{"line":61,"column":21},"end":{"line":61,"column":29}},"35":{"start":{"line":62,"column":8},"end":{"line":64,"column":9}},"36":{"start":{"line":63,"column":12},"end":{"line":63,"column":80}},"37":{"start":{"line":65,"column":26},"end":{"line":65,"column":60}},"38":{"start":{"line":66,"column":8},"end":{"line":68,"column":9}},"39":{"start":{"line":67,"column":12},"end":{"line":67,"column":83}},"40":{"start":{"line":69,"column":8},"end":{"line":69,"column":46}},"41":{"start":{"line":70,"column":8},"end":{"line":70,"column":69}},"42":{"start":{"line":73,"column":8},"end":{"line":73,"column":27}},"43":{"start":{"line":74,"column":8},"end":{"line":74,"column":65}},"44":{"start":{"line":78,"column":32},"end":{"line":95,"column":1}},"45":{"start":{"line":79,"column":4},"end":{"line":94,"column":5}},"46":{"start":{"line":80,"column":28},"end":{"line":80,"column":46}},"47":{"start":{"line":81,"column":21},"end":{"line":81,"column":29}},"48":{"start":{"line":82,"column":8},"end":{"line":84,"column":9}},"49":{"start":{"line":83,"column":12},"end":{"line":83,"column":80}},"50":{"start":{"line":85,"column":26},"end":{"line":85,"column":60}},"51":{"start":{"line":86,"column":8},"end":{"line":88,"column":9}},"52":{"start":{"line":87,"column":12},"end":{"line":87,"column":83}},"53":{"start":{"line":89,"column":8},"end":{"line":89,"column":47}},"54":{"start":{"line":90,"column":8},"end":{"line":90,"column":84}},"55":{"start":{"line":92,"column":8},"end":{"line":92,"column":27}},"56":{"start":{"line":93,"column":8},"end":{"line":93,"column":65}},"57":{"start":{"line":97,"column":34},"end":{"line":130,"column":1}},"58":{"start":{"line":98,"column":4},"end":{"line":129,"column":5}},"59":{"start":{"line":99,"column":21},"end":{"line":99,"column":34}},"60":{"start":{"line":100,"column":28},"end":{"line":100,"column":46}},"61":{"start":{"line":101,"column":21},"end":{"line":101,"column":31}},"62":{"start":{"line":102,"column":8},"end":{"line":104,"column":9}},"63":{"start":{"line":103,"column":12},"end":{"line":103,"column":80}},"64":{"start":{"line":105,"column":24},"end":{"line":105,"column":49}},"65":{"start":{"line":106,"column":8},"end":{"line":108,"column":9}},"66":{"start":{"line":107,"column":12},"end":{"line":107,"column":68}},"67":{"start":{"line":110,"column":32},"end":{"line":110,"column":87}},"68":{"start":{"line":111,"column":8},"end":{"line":113,"column":9}},"69":{"start":{"line":112,"column":12},"end":{"line":112,"column":96}},"70":{"start":{"line":114,"column":36},"end":{"line":114,"column":38}},"71":{"start":{"line":115,"column":8},"end":{"line":123,"column":9}},"72":{"start":{"line":116,"column":12},"end":{"line":122,"column":14}},"73":{"start":{"line":124,"column":8},"end":{"line":124,"column":93}},"74":{"start":{"line":127,"column":8},"end":{"line":127,"column":27}},"75":{"start":{"line":128,"column":8},"end":{"line":128,"column":65}}},"fnMap":{"0":{"name":"(anonymous_0)","decl":{"start":{"line":5,"column":32},"end":{"line":5,"column":33}},"loc":{"start":{"line":5,"column":52},"end":{"line":34,"column":1}},"line":5},"1":{"name":"(anonymous_1)","decl":{"start":{"line":36,"column":28},"end":{"line":36,"column":29}},"loc":{"start":{"line":36,"column":48},"end":{"line":56,"column":1}},"line":36},"2":{"name":"(anonymous_2)","decl":{"start":{"line":58,"column":31},"end":{"line":58,"column":32}},"loc":{"start":{"line":58,"column":51},"end":{"line":76,"column":1}},"line":58},"3":{"name":"(anonymous_3)","decl":{"start":{"line":78,"column":32},"end":{"line":78,"column":33}},"loc":{"start":{"line":78,"column":52},"end":{"line":95,"column":1}},"line":78},"4":{"name":"(anonymous_4)","decl":{"start":{"line":97,"column":34},"end":{"line":97,"column":35}},"loc":{"start":{"line":97,"column":54},"end":{"line":130,"column":1}},"line":97}},"branchMap":{"0":{"loc":{"start":{"line":10,"column":8},"end":{"line":12,"column":9}},"type":"if","locations":[{"start":{"line":10,"column":8},"end":{"line":12,"column":9}},{"start":{},"end":{}}],"line":10},"1":{"loc":{"start":{"line":14,"column":8},"end":{"line":16,"column":9}},"type":"if","locations":[{"start":{"line":14,"column":8},"end":{"line":16,"column":9}},{"start":{},"end":{}}],"line":14},"2":{"loc":{"start":{"line":25,"column":24},"end":{"line":25,"column":62}},"type":"cond-expr","locations":[{"start":{"line":25,"column":41},"end":{"line":25,"column":52}},{"start":{"line":25,"column":55},"end":{"line":25,"column":62}}],"line":25},"3":{"loc":{"start":{"line":40,"column":8},"end":{"line":42,"column":9}},"type":"if","locations":[{"start":{"line":40,"column":8},"end":{"line":42,"column":9}},{"start":{},"end":{}}],"line":40},"4":{"loc":{"start":{"line":40,"column":12},"end":{"line":40,"column":50}},"type":"binary-expr","locations":[{"start":{"line":40,"column":12},"end":{"line":40,"column":18}},{"start":{"line":40,"column":22},"end":{"line":40,"column":27}},{"start":{"line":40,"column":31},"end":{"line":40,"column":39}},{"start":{"line":40,"column":43},"end":{"line":40,"column":50}}],"line":40},"5":{"loc":{"start":{"line":43,"column":8},"end":{"line":45,"column":9}},"type":"if","locations":[{"start":{"line":43,"column":8},"end":{"line":45,"column":9}},{"start":{},"end":{}}],"line":43},"6":{"loc":{"start":{"line":43,"column":12},"end":{"line":43,"column":54}},"type":"binary-expr","locations":[{"start":{"line":43,"column":12},"end":{"line":43,"column":33}},{"start":{"line":43,"column":37},"end":{"line":43,"column":54}}],"line":43},"7":{"loc":{"start":{"line":48,"column":32},"end":{"line":48,"column":61}},"type":"cond-expr","locations":[{"start":{"line":48,"column":56},"end":{"line":48,"column":57}},{"start":{"line":48,"column":60},"end":{"line":48,"column":61}}],"line":48},"8":{"loc":{"start":{"line":62,"column":8},"end":{"line":64,"column":9}},"type":"if","locations":[{"start":{"line":62,"column":8},"end":{"line":64,"column":9}},{"start":{},"end":{}}],"line":62},"9":{"loc":{"start":{"line":66,"column":8},"end":{"line":68,"column":9}},"type":"if","locations":[{"start":{"line":66,"column":8},"end":{"line":68,"column":9}},{"start":{},"end":{}}],"line":66},"10":{"loc":{"start":{"line":66,"column":13},"end":{"line":66,"column":72}},"type":"binary-expr","locations":[{"start":{"line":66,"column":13},"end":{"line":66,"column":30}},{"start":{"line":66,"column":34},"end":{"line":66,"column":72}}],"line":66},"11":{"loc":{"start":{"line":82,"column":8},"end":{"line":84,"column":9}},"type":"if","locations":[{"start":{"line":82,"column":8},"end":{"line":84,"column":9}},{"start":{},"end":{}}],"line":82},"12":{"loc":{"start":{"line":86,"column":8},"end":{"line":88,"column":9}},"type":"if","locations":[{"start":{"line":86,"column":8},"end":{"line":88,"column":9}},{"start":{},"end":{}}],"line":86},"13":{"loc":{"start":{"line":86,"column":13},"end":{"line":86,"column":72}},"type":"binary-expr","locations":[{"start":{"line":86,"column":13},"end":{"line":86,"column":30}},{"start":{"line":86,"column":34},"end":{"line":86,"column":72}}],"line":86},"14":{"loc":{"start":{"line":102,"column":8},"end":{"line":104,"column":9}},"type":"if","locations":[{"start":{"line":102,"column":8},"end":{"line":104,"column":9}},{"start":{},"end":{}}],"line":102},"15":{"loc":{"start":{"line":106,"column":8},"end":{"line":108,"column":9}},"type":"if","locations":[{"start":{"line":106,"column":8},"end":{"line":108,"column":9}},{"start":{},"end":{}}],"line":106},"16":{"loc":{"start":{"line":111,"column":8},"end":{"line":113,"column":9}},"type":"if","locations":[{"start":{"line":111,"column":8},"end":{"line":113,"column":9}},{"start":{},"end":{}}],"line":111},"17":{"loc":{"start":{"line":121,"column":24},"end":{"line":121,"column":62}},"type":"cond-expr","locations":[{"start":{"line":121,"column":41},"end":{"line":121,"column":52}},{"start":{"line":121,"column":55},"end":{"line":121,"column":62}}],"line":121}},"s":{"0":1,"1":0,"2":0,"3":0,"4":0,"5":0,"6":0,"7":0,"8":0,"9":0,"10":0,"11":0,"12":0,"13":0,"14":0,"15":0,"16":1,"17":0,"18":0,"19":0,"20":0,"21":0,"22":0,"23":0,"24":0,"25":0,"26":0,"27":0,"28":0,"29":0,"30":0,"31":1,"32":0,"33":0,"34":0,"35":0,"36":0,"37":0,"38":0,"39":0,"40":0,"41":0,"42":0,"43":0,"44":1,"45":0,"46":0,"47":0,"48":0,"49":0,"50":0,"51":0,"52":0,"53":0,"54":0,"55":0,"56":0,"57":1,"58":0,"59":0,"60":0,"61":0,"62":0,"63":0,"64":0,"65":0,"66":0,"67":0,"68":0,"69":0,"70":0,"71":0,"72":0,"73":0,"74":0,"75":0},"f":{"0":0,"1":0,"2":0,"3":0,"4":0},"b":{"0":[0,0],"1":[0,0],"2":[0,0],"3":[0,0],"4":[0,0,0,0],"5":[0,0],"6":[0,0],"7":[0,0],"8":[0,0],"9":[0,0],"10":[0,0],"11":[0,0],"12":[0,0],"13":[0,0],"14":[0,0],"15":[0,0],"16":[0,0],"17":[0,0]},"_coverageSchema":"1a1c01bbd47fc00a2c39e90264f33305004495a9","hash":"b4ec0802a720aae22aa42eae789066dc7d4140f4"}
,"/home/joshua/tia_connect/TIA-WEBSITE/Backend/controllers/chatBotController.js": {"path":"/home/joshua/tia_connect/TIA-WEBSITE/Backend/controllers/chatBotController.js","statementMap":{"0":{"start":{"line":8,"column":27},"end":{"line":41,"column":1}},"1":{"start":{"line":9,"column":2},"end":{"line":40,"column":3}},"2":{"start":{"line":10,"column":20},"end":{"line":10,"column":31}},"3":{"start":{"line":11,"column":17},"end":{"line":11,"column":30}},"4":{"start":{"line":12,"column":20},"end":{"line":12,"column":50}},"5":{"start":{"line":13,"column":17},"end":{"line":13,"column":35}},"6":{"start":{"line":14,"column":28},"end":{"line":14,"column":71}},"7":{"start":{"line":15,"column":20},"end":{"line":15,"column":36}},"8":{"start":{"line":16,"column":19},"end":{"line":16,"column":42}},"9":{"start":{"line":17,"column":16},"end":{"line":17,"column":40}},"10":{"start":{"line":18,"column":16},"end":{"line":18,"column":40}},"11":{"start":{"line":20,"column":20},"end":{"line":20,"column":36}},"12":{"start":{"line":21,"column":21},"end":{"line":21,"column":59}},"13":{"start":{"line":23,"column":4},"end":{"line":23,"column":75}},"14":{"start":{"line":25,"column":4},"end":{"line":27,"column":5}},"15":{"start":{"line":26,"column":6},"end":{"line":26,"column":89}},"16":{"start":{"line":28,"column":24},"end":{"line":28,"column":119}},"17":{"start":{"line":30,"column":4},"end":{"line":34,"column":5}},"18":{"start":{"line":31,"column":6},"end":{"line":31,"column":69}},"19":{"start":{"line":32,"column":11},"end":{"line":34,"column":5}},"20":{"start":{"line":33,"column":6},"end":{"line":33,"column":42}},"21":{"start":{"line":36,"column":4},"end":{"line":36,"column":35}},"22":{"start":{"line":38,"column":4},"end":{"line":38,"column":62}},"23":{"start":{"line":39,"column":4},"end":{"line":39,"column":77}}},"fnMap":{"0":{"name":"(anonymous_0)","decl":{"start":{"line":8,"column":27},"end":{"line":8,"column":28}},"loc":{"start":{"line":8,"column":47},"end":{"line":41,"column":1}},"line":8}},"branchMap":{"0":{"loc":{"start":{"line":14,"column":28},"end":{"line":14,"column":71}},"type":"binary-expr","locations":[{"start":{"line":14,"column":28},"end":{"line":14,"column":52}},{"start":{"line":14,"column":56},"end":{"line":14,"column":71}}],"line":14},"1":{"loc":{"start":{"line":16,"column":19},"end":{"line":16,"column":42}},"type":"binary-expr","locations":[{"start":{"line":16,"column":19},"end":{"line":16,"column":34}},{"start":{"line":16,"column":38},"end":{"line":16,"column":42}}],"line":16},"2":{"loc":{"start":{"line":17,"column":16},"end":{"line":17,"column":40}},"type":"binary-expr","locations":[{"start":{"line":17,"column":16},"end":{"line":17,"column":28}},{"start":{"line":17,"column":32},"end":{"line":17,"column":40}}],"line":17},"3":{"loc":{"start":{"line":18,"column":16},"end":{"line":18,"column":40}},"type":"binary-expr","locations":[{"start":{"line":18,"column":16},"end":{"line":18,"column":28}},{"start":{"line":18,"column":32},"end":{"line":18,"column":40}}],"line":18},"4":{"loc":{"start":{"line":25,"column":4},"end":{"line":27,"column":5}},"type":"if","locations":[{"start":{"line":25,"column":4},"end":{"line":27,"column":5}},{"start":{},"end":{}}],"line":25},"5":{"loc":{"start":{"line":30,"column":4},"end":{"line":34,"column":5}},"type":"if","locations":[{"start":{"line":30,"column":4},"end":{"line":34,"column":5}},{"start":{"line":32,"column":11},"end":{"line":34,"column":5}}],"line":30},"6":{"loc":{"start":{"line":32,"column":11},"end":{"line":34,"column":5}},"type":"if","locations":[{"start":{"line":32,"column":11},"end":{"line":34,"column":5}},{"start":{},"end":{}}],"line":32}},"s":{"0":1,"1":0,"2":0,"3":0,"4":0,"5":0,"6":0,"7":0,"8":0,"9":0,"10":0,"11":0,"12":0,"13":0,"14":0,"15":0,"16":0,"17":0,"18":0,"19":0,"20":0,"21":0,"22":0,"23":0},"f":{"0":0},"b":{"0":[0,0],"1":[0,0],"2":[0,0],"3":[0,0],"4":[0,0],"5":[0,0],"6":[0,0]},"_coverageSchema":"1a1c01bbd47fc00a2c39e90264f33305004495a9","hash":"c2247d1df268c544fc0482a7d95542f0f3b8193d"}
,"/home/joshua/tia_connect/TIA-WEBSITE/Backend/controllers/postController.js": {"path":"/home/joshua/tia_connect/TIA-WEBSITE/Backend/controllers/postController.js","statementMap":{"0":{"start":{"line":5,"column":26},"end":{"line":40,"column":1}},"1":{"start":{"line":6,"column":4},"end":{"line":39,"column":13}},"2":{"start":{"line":7,"column":21},"end":{"line":7,"column":34}},"3":{"start":{"line":8,"column":22},"end":{"line":8,"column":35}},"4":{"start":{"line":10,"column":24},"end":{"line":10,"column":58}},"5":{"start":{"line":11,"column":8},"end":{"line":13,"column":9}},"6":{"start":{"line":12,"column":12},"end":{"line":12,"column":68}},"7":{"start":{"line":15,"column":26},"end":{"line":15,"column":62}},"8":{"start":{"line":16,"column":8},"end":{"line":16,"column":31}},"9":{"start":{"line":18,"column":8},"end":{"line":20,"column":9}},"10":{"start":{"line":19,"column":12},"end":{"line":19,"column":82}},"11":{"start":{"line":22,"column":30},"end":{"line":22,"column":32}},"12":{"start":{"line":23,"column":8},"end":{"line":32,"column":9}},"13":{"start":{"line":24,"column":12},"end":{"line":31,"column":14}},"14":{"start":{"line":34,"column":8},"end":{"line":34,"column":80}},"15":{"start":{"line":37,"column":16},"end":{"line":37,"column":35}},"16":{"start":{"line":38,"column":16},"end":{"line":38,"column":73}},"17":{"start":{"line":42,"column":23},"end":{"line":68,"column":1}},"18":{"start":{"line":43,"column":4},"end":{"line":66,"column":9}},"19":{"start":{"line":44,"column":22},"end":{"line":44,"column":35}},"20":{"start":{"line":45,"column":49},"end":{"line":45,"column":57}},"21":{"start":{"line":46,"column":8},"end":{"line":48,"column":9}},"22":{"start":{"line":47,"column":12},"end":{"line":47,"column":80}},"23":{"start":{"line":50,"column":8},"end":{"line":52,"column":9}},"24":{"start":{"line":51,"column":12},"end":{"line":51,"column":88}},"25":{"start":{"line":54,"column":24},"end":{"line":54,"column":38}},"26":{"start":{"line":55,"column":30},"end":{"line":55,"column":82}},"27":{"start":{"line":57,"column":27},"end":{"line":57,"column":56}},"28":{"start":{"line":59,"column":23},"end":{"line":59,"column":98}},"29":{"start":{"line":61,"column":8},"end":{"line":61,"column":73}},"30":{"start":{"line":64,"column":12},"end":{"line":64,"column":31}},"31":{"start":{"line":65,"column":12},"end":{"line":65,"column":69}},"32":{"start":{"line":70,"column":26},"end":{"line":91,"column":1}},"33":{"start":{"line":71,"column":4},"end":{"line":90,"column":9}},"34":{"start":{"line":72,"column":22},"end":{"line":72,"column":35}},"35":{"start":{"line":73,"column":21},"end":{"line":73,"column":29}},"36":{"start":{"line":74,"column":8},"end":{"line":76,"column":9}},"37":{"start":{"line":75,"column":12},"end":{"line":75,"column":80}},"38":{"start":{"line":78,"column":21},"end":{"line":78,"column":44}},"39":{"start":{"line":79,"column":8},"end":{"line":81,"column":9}},"40":{"start":{"line":80,"column":12},"end":{"line":80,"column":77}},"41":{"start":{"line":83,"column":8},"end":{"line":83,"column":35}},"42":{"start":{"line":85,"column":8},"end":{"line":85,"column":63}},"43":{"start":{"line":88,"column":12},"end":{"line":88,"column":31}},"44":{"start":{"line":89,"column":12},"end":{"line":89,"column":69}},"45":{"start":{"line":93,"column":27},"end":{"line":113,"column":1}},"46":{"start":{"line":94,"column":4},"end":{"line":112,"column":5}},"47":{"start":{"line":95,"column":22},"end":{"line":95,"column":35}},"48":{"start":{"line":96,"column":21},"end":{"line":96,"column":29}},"49":{"start":{"line":97,"column":8},"end":{"line":99,"column":9}},"50":{"start":{"line":98,"column":12},"end":{"line":98,"column":80}},"51":{"start":{"line":101,"column":21},"end":{"line":101,"column":44}},"52":{"start":{"line":102,"column":8},"end":{"line":104,"column":9}},"53":{"start":{"line":103,"column":12},"end":{"line":103,"column":77}},"54":{"start":{"line":106,"column":8},"end":{"line":106,"column":36}},"55":{"start":{"line":108,"column":8},"end":{"line":108,"column":78}},"56":{"start":{"line":110,"column":8},"end":{"line":110,"column":27}},"57":{"start":{"line":111,"column":8},"end":{"line":111,"column":65}},"58":{"start":{"line":115,"column":28},"end":{"line":155,"column":1}},"59":{"start":{"line":116,"column":4},"end":{"line":154,"column":5}},"60":{"start":{"line":117,"column":21},"end":{"line":117,"column":34}},"61":{"start":{"line":118,"column":22},"end":{"line":118,"column":35}},"62":{"start":{"line":120,"column":21},"end":{"line":120,"column":31}},"63":{"start":{"line":121,"column":8},"end":{"line":123,"column":9}},"64":{"start":{"line":122,"column":12},"end":{"line":122,"column":80}},"65":{"start":{"line":125,"column":24},"end":{"line":125,"column":49}},"66":{"start":{"line":126,"column":8},"end":{"line":128,"column":9}},"67":{"start":{"line":127,"column":12},"end":{"line":127,"column":68}},"68":{"start":{"line":130,"column":26},"end":{"line":130,"column":69}},"69":{"start":{"line":132,"column":8},"end":{"line":134,"column":9}},"70":{"start":{"line":133,"column":12},"end":{"line":133,"column":83}},"71":{"start":{"line":136,"column":30},"end":{"line":136,"column":32}},"72":{"start":{"line":138,"column":8},"end":{"line":146,"column":9}},"73":{"start":{"line":139,"column":12},"end":{"line":145,"column":14}},"74":{"start":{"line":149,"column":8},"end":{"line":149,"column":81}},"75":{"start":{"line":152,"column":8},"end":{"line":152,"column":27}},"76":{"start":{"line":153,"column":8},"end":{"line":153,"column":65}}},"fnMap":{"0":{"name":"(anonymous_0)","decl":{"start":{"line":5,"column":26},"end":{"line":5,"column":27}},"loc":{"start":{"line":5,"column":46},"end":{"line":40,"column":1}},"line":5},"1":{"name":"(anonymous_1)","decl":{"start":{"line":42,"column":23},"end":{"line":42,"column":24}},"loc":{"start":{"line":42,"column":43},"end":{"line":68,"column":1}},"line":42},"2":{"name":"(anonymous_2)","decl":{"start":{"line":70,"column":26},"end":{"line":70,"column":27}},"loc":{"start":{"line":70,"column":46},"end":{"line":91,"column":1}},"line":70},"3":{"name":"(anonymous_3)","decl":{"start":{"line":93,"column":27},"end":{"line":93,"column":28}},"loc":{"start":{"line":93,"column":47},"end":{"line":113,"column":1}},"line":93},"4":{"name":"(anonymous_4)","decl":{"start":{"line":115,"column":28},"end":{"line":115,"column":29}},"loc":{"start":{"line":115,"column":48},"end":{"line":155,"column":1}},"line":115}},"branchMap":{"0":{"loc":{"start":{"line":11,"column":8},"end":{"line":13,"column":9}},"type":"if","locations":[{"start":{"line":11,"column":8},"end":{"line":13,"column":9}},{"start":{},"end":{}}],"line":11},"1":{"loc":{"start":{"line":18,"column":8},"end":{"line":20,"column":9}},"type":"if","locations":[{"start":{"line":18,"column":8},"end":{"line":20,"column":9}},{"start":{},"end":{}}],"line":18},"2":{"loc":{"start":{"line":30,"column":24},"end":{"line":30,"column":62}},"type":"cond-expr","locations":[{"start":{"line":30,"column":41},"end":{"line":30,"column":52}},{"start":{"line":30,"column":55},"end":{"line":30,"column":62}}],"line":30},"3":{"loc":{"start":{"line":46,"column":8},"end":{"line":48,"column":9}},"type":"if","locations":[{"start":{"line":46,"column":8},"end":{"line":48,"column":9}},{"start":{},"end":{}}],"line":46},"4":{"loc":{"start":{"line":46,"column":12},"end":{"line":46,"column":50}},"type":"binary-expr","locations":[{"start":{"line":46,"column":12},"end":{"line":46,"column":18}},{"start":{"line":46,"column":22},"end":{"line":46,"column":27}},{"start":{"line":46,"column":31},"end":{"line":46,"column":39}},{"start":{"line":46,"column":43},"end":{"line":46,"column":50}}],"line":46},"5":{"loc":{"start":{"line":50,"column":8},"end":{"line":52,"column":9}},"type":"if","locations":[{"start":{"line":50,"column":8},"end":{"line":52,"column":9}},{"start":{},"end":{}}],"line":50},"6":{"loc":{"start":{"line":50,"column":12},"end":{"line":50,"column":54}},"type":"binary-expr","locations":[{"start":{"line":50,"column":12},"end":{"line":50,"column":33}},{"start":{"line":50,"column":37},"end":{"line":50,"column":54}}],"line":50},"7":{"loc":{"start":{"line":57,"column":27},"end":{"line":57,"column":56}},"type":"cond-expr","locations":[{"start":{"line":57,"column":51},"end":{"line":57,"column":52}},{"start":{"line":57,"column":55},"end":{"line":57,"column":56}}],"line":57},"8":{"loc":{"start":{"line":74,"column":8},"end":{"line":76,"column":9}},"type":"if","locations":[{"start":{"line":74,"column":8},"end":{"line":76,"column":9}},{"start":{},"end":{}}],"line":74},"9":{"loc":{"start":{"line":79,"column":8},"end":{"line":81,"column":9}},"type":"if","locations":[{"start":{"line":79,"column":8},"end":{"line":81,"column":9}},{"start":{},"end":{}}],"line":79},"10":{"loc":{"start":{"line":79,"column":13},"end":{"line":79,"column":63}},"type":"binary-expr","locations":[{"start":{"line":79,"column":13},"end":{"line":79,"column":25}},{"start":{"line":79,"column":29},"end":{"line":79,"column":63}}],"line":79},"11":{"loc":{"start":{"line":97,"column":8},"end":{"line":99,"column":9}},"type":"if","locations":[{"start":{"line":97,"column":8},"end":{"line":99,"column":9}},{"start":{},"end":{}}],"line":97},"12":{"loc":{"start":{"line":102,"column":8},"end":{"line":104,"column":9}},"type":"if","locations":[{"start":{"line":102,"column":8},"end":{"line":104,"column":9}},{"start":{},"end":{}}],"line":102},"13":{"loc":{"start":{"line":102,"column":13},"end":{"line":102,"column":63}},"type":"binary-expr","locations":[{"start":{"line":102,"column":13},"end":{"line":102,"column":25}},{"start":{"line":102,"column":29},"end":{"line":102,"column":63}}],"line":102},"14":{"loc":{"start":{"line":121,"column":8},"end":{"line":123,"column":9}},"type":"if","locations":[{"start":{"line":121,"column":8},"end":{"line":123,"column":9}},{"start":{},"end":{}}],"line":121},"15":{"loc":{"start":{"line":126,"column":8},"end":{"line":128,"column":9}},"type":"if","locations":[{"start":{"line":126,"column":8},"end":{"line":128,"column":9}},{"start":{},"end":{}}],"line":126},"16":{"loc":{"start":{"line":132,"column":8},"end":{"line":134,"column":9}},"type":"if","locations":[{"start":{"line":132,"column":8},"end":{"line":134,"column":9}},{"start":{},"end":{}}],"line":132},"17":{"loc":{"start":{"line":144,"column":24},"end":{"line":144,"column":62}},"type":"cond-expr","locations":[{"start":{"line":144,"column":41},"end":{"line":144,"column":52}},{"start":{"line":144,"column":55},"end":{"line":144,"column":62}}],"line":144}},"s":{"0":1,"1":0,"2":0,"3":0,"4":0,"5":0,"6":0,"7":0,"8":0,"9":0,"10":0,"11":0,"12":0,"13":0,"14":0,"15":0,"16":0,"17":1,"18":0,"19":0,"20":0,"21":0,"22":0,"23":0,"24":0,"25":0,"26":0,"27":0,"28":0,"29":0,"30":0,"31":0,"32":1,"33":0,"34":0,"35":0,"36":0,"37":0,"38":0,"39":0,"40":0,"41":0,"42":0,"43":0,"44":0,"45":1,"46":0,"47":0,"48":0,"49":0,"50":0,"51":0,"52":0,"53":0,"54":0,"55":0,"56":0,"57":0,"58":1,"59":0,"60":0,"61":0,"62":0,"63":0,"64":0,"65":0,"66":0,"67":0,"68":0,"69":0,"70":0,"71":0,"72":0,"73":0,"74":0,"75":0,"76":0},"f":{"0":0,"1":0,"2":0,"3":0,"4":0},"b":{"0":[0,0],"1":[0,0],"2":[0,0],"3":[0,0],"4":[0,0,0,0],"5":[0,0],"6":[0,0],"7":[0,0],"8":[0,0],"9":[0,0],"10":[0,0],"11":[0,0],"12":[0,0],"13":[0,0],"14":[0,0],"15":[0,0],"16":[0,0],"17":[0,0]},"_coverageSchema":"1a1c01bbd47fc00a2c39e90264f33305004495a9","hash":"44ec120112417f0b2b882743e841f2889f4bd5e4"}
,"/home/joshua/tia_connect/TIA-WEBSITE/Backend/controllers/testimonialController.js": {"path":"/home/joshua/tia_connect/TIA-WEBSITE/Backend/controllers/testimonialController.js","statementMap":{"0":{"start":{"line":5,"column":33},"end":{"line":34,"column":1}},"1":{"start":{"line":6,"column":4},"end":{"line":33,"column":5}},"2":{"start":{"line":7,"column":21},"end":{"line":7,"column":34}},"3":{"start":{"line":8,"column":29},"end":{"line":8,"column":49}},"4":{"start":{"line":9,"column":24},"end":{"line":9,"column":58}},"5":{"start":{"line":10,"column":8},"end":{"line":12,"column":9}},"6":{"start":{"line":11,"column":12},"end":{"line":11,"column":68}},"7":{"start":{"line":13,"column":33},"end":{"line":13,"column":83}},"8":{"start":{"line":14,"column":8},"end":{"line":16,"column":9}},"9":{"start":{"line":15,"column":12},"end":{"line":15,"column":96}},"10":{"start":{"line":17,"column":37},"end":{"line":17,"column":39}},"11":{"start":{"line":18,"column":8},"end":{"line":27,"column":9}},"12":{"start":{"line":19,"column":12},"end":{"line":26,"column":14}},"13":{"start":{"line":28,"column":8},"end":{"line":28,"column":94}},"14":{"start":{"line":31,"column":8},"end":{"line":31,"column":27}},"15":{"start":{"line":32,"column":8},"end":{"line":32,"column":65}},"16":{"start":{"line":36,"column":30},"end":{"line":56,"column":1}},"17":{"start":{"line":37,"column":4},"end":{"line":55,"column":5}},"18":{"start":{"line":38,"column":29},"end":{"line":38,"column":49}},"19":{"start":{"line":39,"column":49},"end":{"line":39,"column":57}},"20":{"start":{"line":40,"column":8},"end":{"line":42,"column":9}},"21":{"start":{"line":41,"column":12},"end":{"line":41,"column":80}},"22":{"start":{"line":43,"column":8},"end":{"line":45,"column":9}},"23":{"start":{"line":44,"column":12},"end":{"line":44,"column":88}},"24":{"start":{"line":46,"column":24},"end":{"line":46,"column":38}},"25":{"start":{"line":47,"column":30},"end":{"line":47,"column":82}},"26":{"start":{"line":48,"column":34},"end":{"line":48,"column":63}},"27":{"start":{"line":49,"column":30},"end":{"line":49,"column":126}},"28":{"start":{"line":50,"column":8},"end":{"line":50,"column":87}},"29":{"start":{"line":53,"column":8},"end":{"line":53,"column":27}},"30":{"start":{"line":54,"column":8},"end":{"line":54,"column":65}},"31":{"start":{"line":58,"column":33},"end":{"line":76,"column":1}},"32":{"start":{"line":59,"column":4},"end":{"line":75,"column":5}},"33":{"start":{"line":60,"column":29},"end":{"line":60,"column":49}},"34":{"start":{"line":61,"column":21},"end":{"line":61,"column":29}},"35":{"start":{"line":62,"column":8},"end":{"line":64,"column":9}},"36":{"start":{"line":63,"column":12},"end":{"line":63,"column":80}},"37":{"start":{"line":65,"column":28},"end":{"line":65,"column":65}},"38":{"start":{"line":66,"column":8},"end":{"line":68,"column":9}},"39":{"start":{"line":67,"column":12},"end":{"line":67,"column":84}},"40":{"start":{"line":69,"column":8},"end":{"line":69,"column":49}},"41":{"start":{"line":70,"column":8},"end":{"line":70,"column":70}},"42":{"start":{"line":73,"column":8},"end":{"line":73,"column":27}},"43":{"start":{"line":74,"column":8},"end":{"line":74,"column":65}},"44":{"start":{"line":78,"column":34},"end":{"line":95,"column":1}},"45":{"start":{"line":79,"column":4},"end":{"line":94,"column":5}},"46":{"start":{"line":80,"column":29},"end":{"line":80,"column":49}},"47":{"start":{"line":81,"column":21},"end":{"line":81,"column":29}},"48":{"start":{"line":82,"column":8},"end":{"line":84,"column":9}},"49":{"start":{"line":83,"column":12},"end":{"line":83,"column":80}},"50":{"start":{"line":85,"column":28},"end":{"line":85,"column":65}},"51":{"start":{"line":86,"column":8},"end":{"line":88,"column":9}},"52":{"start":{"line":87,"column":12},"end":{"line":87,"column":84}},"53":{"start":{"line":89,"column":8},"end":{"line":89,"column":50}},"54":{"start":{"line":90,"column":8},"end":{"line":90,"column":85}},"55":{"start":{"line":92,"column":8},"end":{"line":92,"column":27}},"56":{"start":{"line":93,"column":8},"end":{"line":93,"column":65}},"57":{"start":{"line":97,"column":35},"end":{"line":130,"column":1}},"58":{"start":{"line":98,"column":4},"end":{"line":129,"column":5}},"59":{"start":{"line":99,"column":21},"end":{"line":99,"column":34}},"60":{"start":{"line":100,"column":29},"end":{"line":100,"column":49}},"61":{"start":{"line":101,"column":21},"end":{"line":101,"column":31}},"62":{"start":{"line":102,"column":8},"end":{"line":104,"column":9}},"63":{"start":{"line":103,"column":12},"end":{"line":103,"column":80}},"64":{"start":{"line":105,"column":24},"end":{"line":105,"column":49}},"65":{"start":{"line":106,"column":8},"end":{"line":108,"column":9}},"66":{"start":{"line":107,"column":12},"end":{"line":107,"column":68}},"67":{"start":{"line":110,"column":33},"end":{"line":110,"column":90}},"68":{"start":{"line":111,"column":8},"end":{"line":113,"column":9}},"69":{"start":{"line":112,"column":12},"end":{"line":112,"column":97}},"70":{"start":{"line":114,"column":37},"end":{"line":114,"column":39}},"71":{"start":{"line":115,"column":8},"end":{"line":123,"column":9}},"72":{"start":{"line":116,"column":12},"end":{"line":122,"column":14}},"73":{"start":{"line":124,"column":8},"end":{"line":124,"column":95}},"74":{"start":{"line":127,"column":8},"end":{"line":127,"column":27}},"75":{"start":{"line":128,"column":8},"end":{"line":128,"column":65}}},"fnMap":{"0":{"name":"(anonymous_0)","decl":{"start":{"line":5,"column":33},"end":{"line":5,"column":34}},"loc":{"start":{"line":5,"column":53},"end":{"line":34,"column":1}},"line":5},"1":{"name":"(anonymous_1)","decl":{"start":{"line":36,"column":30},"end":{"line":36,"column":31}},"loc":{"start":{"line":36,"column":50},"end":{"line":56,"column":1}},"line":36},"2":{"name":"(anonymous_2)","decl":{"start":{"line":58,"column":33},"end":{"line":58,"column":34}},"loc":{"start":{"line":58,"column":53},"end":{"line":76,"column":1}},"line":58},"3":{"name":"(anonymous_3)","decl":{"start":{"line":78,"column":34},"end":{"line":78,"column":35}},"loc":{"start":{"line":78,"column":54},"end":{"line":95,"column":1}},"line":78},"4":{"name":"(anonymous_4)","decl":{"start":{"line":97,"column":35},"end":{"line":97,"column":36}},"loc":{"start":{"line":97,"column":55},"end":{"line":130,"column":1}},"line":97}},"branchMap":{"0":{"loc":{"start":{"line":10,"column":8},"end":{"line":12,"column":9}},"type":"if","locations":[{"start":{"line":10,"column":8},"end":{"line":12,"column":9}},{"start":{},"end":{}}],"line":10},"1":{"loc":{"start":{"line":14,"column":8},"end":{"line":16,"column":9}},"type":"if","locations":[{"start":{"line":14,"column":8},"end":{"line":16,"column":9}},{"start":{},"end":{}}],"line":14},"2":{"loc":{"start":{"line":25,"column":24},"end":{"line":25,"column":62}},"type":"cond-expr","locations":[{"start":{"line":25,"column":41},"end":{"line":25,"column":52}},{"start":{"line":25,"column":55},"end":{"line":25,"column":62}}],"line":25},"3":{"loc":{"start":{"line":40,"column":8},"end":{"line":42,"column":9}},"type":"if","locations":[{"start":{"line":40,"column":8},"end":{"line":42,"column":9}},{"start":{},"end":{}}],"line":40},"4":{"loc":{"start":{"line":40,"column":12},"end":{"line":40,"column":50}},"type":"binary-expr","locations":[{"start":{"line":40,"column":12},"end":{"line":40,"column":18}},{"start":{"line":40,"column":22},"end":{"line":40,"column":27}},{"start":{"line":40,"column":31},"end":{"line":40,"column":39}},{"start":{"line":40,"column":43},"end":{"line":40,"column":50}}],"line":40},"5":{"loc":{"start":{"line":43,"column":8},"end":{"line":45,"column":9}},"type":"if","locations":[{"start":{"line":43,"column":8},"end":{"line":45,"column":9}},{"start":{},"end":{}}],"line":43},"6":{"loc":{"start":{"line":43,"column":12},"end":{"line":43,"column":54}},"type":"binary-expr","locations":[{"start":{"line":43,"column":12},"end":{"line":43,"column":33}},{"start":{"line":43,"column":37},"end":{"line":43,"column":54}}],"line":43},"7":{"loc":{"start":{"line":48,"column":34},"end":{"line":48,"column":63}},"type":"cond-expr","locations":[{"start":{"line":48,"column":58},"end":{"line":48,"column":59}},{"start":{"line":48,"column":62},"end":{"line":48,"column":63}}],"line":48},"8":{"loc":{"start":{"line":62,"column":8},"end":{"line":64,"column":9}},"type":"if","locations":[{"start":{"line":62,"column":8},"end":{"line":64,"column":9}},{"start":{},"end":{}}],"line":62},"9":{"loc":{"start":{"line":66,"column":8},"end":{"line":68,"column":9}},"type":"if","locations":[{"start":{"line":66,"column":8},"end":{"line":68,"column":9}},{"start":{},"end":{}}],"line":66},"10":{"loc":{"start":{"line":66,"column":13},"end":{"line":66,"column":77}},"type":"binary-expr","locations":[{"start":{"line":66,"column":13},"end":{"line":66,"column":32}},{"start":{"line":66,"column":36},"end":{"line":66,"column":77}}],"line":66},"11":{"loc":{"start":{"line":82,"column":8},"end":{"line":84,"column":9}},"type":"if","locations":[{"start":{"line":82,"column":8},"end":{"line":84,"column":9}},{"start":{},"end":{}}],"line":82},"12":{"loc":{"start":{"line":86,"column":8},"end":{"line":88,"column":9}},"type":"if","locations":[{"start":{"line":86,"column":8},"end":{"line":88,"column":9}},{"start":{},"end":{}}],"line":86},"13":{"loc":{"start":{"line":86,"column":13},"end":{"line":86,"column":77}},"type":"binary-expr","locations":[{"start":{"line":86,"column":13},"end":{"line":86,"column":32}},{"start":{"line":86,"column":36},"end":{"line":86,"column":77}}],"line":86},"14":{"loc":{"start":{"line":102,"column":8},"end":{"line":104,"column":9}},"type":"if","locations":[{"start":{"line":102,"column":8},"end":{"line":104,"column":9}},{"start":{},"end":{}}],"line":102},"15":{"loc":{"start":{"line":106,"column":8},"end":{"line":108,"column":9}},"type":"if","locations":[{"start":{"line":106,"column":8},"end":{"line":108,"column":9}},{"start":{},"end":{}}],"line":106},"16":{"loc":{"start":{"line":111,"column":8},"end":{"line":113,"column":9}},"type":"if","locations":[{"start":{"line":111,"column":8},"end":{"line":113,"column":9}},{"start":{},"end":{}}],"line":111},"17":{"loc":{"start":{"line":121,"column":24},"end":{"line":121,"column":62}},"type":"cond-expr","locations":[{"start":{"line":121,"column":41},"end":{"line":121,"column":52}},{"start":{"line":121,"column":55},"end":{"line":121,"column":62}}],"line":121}},"s":{"0":1,"1":0,"2":0,"3":0,"4":0,"5":0,"6":0,"7":0,"8":0,"9":0,"10":0,"11":0,"12":0,"13":0,"14":0,"15":0,"16":1,"17":0,"18":0,"19":0,"20":0,"21":0,"22":0,"23":0,"24":0,"25":0,"26":0,"27":0,"28":0,"29":0,"30":0,"31":1,"32":0,"33":0,"34":0,"35":0,"36":0,"37":0,"38":0,"39":0,"40":0,"41":0,"42":0,"43":0,"44":1,"45":0,"46":0,"47":0,"48":0,"49":0,"50":0,"51":0,"52":0,"53":0,"54":0,"55":0,"56":0,"57":1,"58":0,"59":0,"60":0,"61":0,"62":0,"63":0,"64":0,"65":0,"66":0,"67":0,"68":0,"69":0,"70":0,"71":0,"72":0,"73":0,"74":0,"75":0},"f":{"0":0,"1":0,"2":0,"3":0,"4":0},"b":{"0":[0,0],"1":[0,0],"2":[0,0],"3":[0,0],"4":[0,0,0,0],"5":[0,0],"6":[0,0],"7":[0,0],"8":[0,0],"9":[0,0],"10":[0,0],"11":[0,0],"12":[0,0],"13":[0,0],"14":[0,0],"15":[0,0],"16":[0,0],"17":[0,0]},"_coverageSchema":"1a1c01bbd47fc00a2c39e90264f33305004495a9","hash":"3efe8518a12d831d97d1e1f5b2dfd8c082848106"}
,"/home/joshua/tia_connect/TIA-WEBSITE/Backend/controllers/userController.js": {"path":"/home/joshua/tia_connect/TIA-WEBSITE/Backend/controllers/userController.js","statementMap":{"0":{"start":{"line":4,"column":31},"end":{"line":25,"column":1}},"1":{"start":{"line":5,"column":4},"end":{"line":24,"column":5}},"2":{"start":{"line":6,"column":21},"end":{"line":6,"column":34}},"3":{"start":{"line":7,"column":24},"end":{"line":7,"column":34}},"4":{"start":{"line":8,"column":29},"end":{"line":8,"column":63}},"5":{"start":{"line":9,"column":8},"end":{"line":14,"column":9}},"6":{"start":{"line":10,"column":12},"end":{"line":13,"column":15}},"7":{"start":{"line":15,"column":8},"end":{"line":18,"column":15}},"8":{"start":{"line":22,"column":8},"end":{"line":22,"column":33}},"9":{"start":{"line":23,"column":8},"end":{"line":23,"column":104}},"10":{"start":{"line":28,"column":30},"end":{"line":61,"column":1}},"11":{"start":{"line":29,"column":4},"end":{"line":60,"column":5}},"12":{"start":{"line":30,"column":21},"end":{"line":30,"column":34}},"13":{"start":{"line":31,"column":21},"end":{"line":31,"column":32}},"14":{"start":{"line":33,"column":25},"end":{"line":33,"column":50}},"15":{"start":{"line":35,"column":8},"end":{"line":41,"column":9}},"16":{"start":{"line":36,"column":12},"end":{"line":40,"column":14}},"17":{"start":{"line":43,"column":8},"end":{"line":55,"column":10}},"18":{"start":{"line":58,"column":8},"end":{"line":58,"column":33}},"19":{"start":{"line":59,"column":8},"end":{"line":59,"column":104}},"20":{"start":{"line":64,"column":21},"end":{"line":86,"column":1}},"21":{"start":{"line":65,"column":4},"end":{"line":85,"column":5}},"22":{"start":{"line":66,"column":21},"end":{"line":66,"column":34}},"23":{"start":{"line":67,"column":25},"end":{"line":67,"column":59}},"24":{"start":{"line":68,"column":8},"end":{"line":80,"column":9}},"25":{"start":{"line":83,"column":8},"end":{"line":83,"column":33}},"26":{"start":{"line":84,"column":8},"end":{"line":84,"column":104}}},"fnMap":{"0":{"name":"(anonymous_0)","decl":{"start":{"line":4,"column":31},"end":{"line":4,"column":32}},"loc":{"start":{"line":4,"column":51},"end":{"line":25,"column":1}},"line":4},"1":{"name":"(anonymous_1)","decl":{"start":{"line":28,"column":30},"end":{"line":28,"column":31}},"loc":{"start":{"line":28,"column":50},"end":{"line":61,"column":1}},"line":28},"2":{"name":"(anonymous_2)","decl":{"start":{"line":64,"column":21},"end":{"line":64,"column":22}},"loc":{"start":{"line":64,"column":41},"end":{"line":86,"column":1}},"line":64}},"branchMap":{"0":{"loc":{"start":{"line":9,"column":8},"end":{"line":14,"column":9}},"type":"if","locations":[{"start":{"line":9,"column":8},"end":{"line":14,"column":9}},{"start":{},"end":{}}],"line":9},"1":{"loc":{"start":{"line":23,"column":56},"en
[...]
,"/home/joshua/tia_connect/TIA-WEBSITE/Backend/models/testimonials.js": {"path":"/home/joshua/tia_connect/TIA-WEBSITE/Backend/models/testimonials.js","statementMap":{"0":{"start":{"line":1,"column":24},"end":{"line":62,"column":1}},"1":{"start":{"line":3,"column":19},"end":{"line":10,"column":42}},"2":{"start":{"line":11,"column":4},"end":{"line":13,"column":5}},"3":{"start":{"line":12,"column":8},"end":{"line":12,"column":20}},"4":{"start":{"line":14,"column":4},"end":{"line":14,"column":16}},"5":{"start":{"line":18,"column":19},"end":{"line":23,"column":27}},"6":{"start":{"line":24,"column":4},"end":{"line":26,"column":5}},"7":{"start":{"line":25,"column":8},"end":{"line":25,"column":20}},"8":{"start":{"line":27,"column":4},"end":{"line":27,"column":19}},"9":{"start":{"line":31,"column":21},"end":{"line":37,"column":5}},"10":{"start":{"line":38,"column":4},"end":{"line":38,"column":27}},"11":{"start":{"line":42,"column":4},"end":{"line":49,"column":5}},"12":{"start":{"line":53,"column":4},"end":{"line":59,"column":6}}},"fnMap":{"0":{"name":"(anonymous_0)","decl":{"start":{"line":1,"column":15},"end":{"line":1,"column":16}},"loc":{"start":{"line":1,"column":24},"end":{"line":62,"column":1}},"line":1},"1":{"name":"(anonymous_1)","decl":{"start":{"line":2,"column":2},"end":{"line":2,"column":3}},"loc":{"start":{"line":2,"column":57},"end":{"line":15,"column":3}},"line":2},"2":{"name":"(anonymous_2)","decl":{"start":{"line":17,"column":2},"end":{"line":17,"column":3}},"loc":{"start":{"line":17,"column":38},"end":{"line":28,"column":3}},"line":17},"3":{"name":"(anonymous_3)","decl":{"start":{"line":30,"column":2},"end":{"line":30,"column":3}},"loc":{"start":{"line":30,"column":66},"end":{"line":39,"column":3}},"line":30},"4":{"name":"(anonymous_4)","decl":{"start":{"line":41,"column":2},"end":{"line":41,"column":3}},"loc":{"start":{"line":41,"column":54},"end":{"line":50,"column":3}},"line":41},"5":{"name":"(anonymous_5)","decl":{"start":{"line":52,"column":2},"end":{"line":52,"column":3}},"loc":{"start":{"line":52,"column":41},"end":{"line":60,"column":3}},"line":52}},"branchMap":{"0":{"loc":{"start":{"line":2,"column":36},"end":{"line":2,"column":55}},"type":"default-arg","locations":[{"start":{"line":2,"column":51},"end":{"line":2,"column":55}}],"line":2},"1":{"loc":{"start":{"line":10,"column":20},"end":{"line":10,"column":40}},"type":"cond-expr","locations":[{"start":{"line":10,"column":35},"end":{"line":10,"column":36}},{"start":{"line":10,"column":39},"end":{"line":10,"column":40}}],"line":10},"2":{"loc":{"start":{"line":11,"column":4},"end":{"line":13,"column":5}},"type":"if","locations":[{"start":{"line":11,"column":4},"end":{"line":13,"column":5}},{"start":{},"end":{}}],"line":11},"3":{"loc":{"start":{"line":24,"column":4},"end":{"line":26,"column":5}},"type":"if","locations":[{"start":{"line":24,"column":4},"end":{"line":26,"column":5}},{"start":{},"end":{}}],"line":24},"4":{"loc":{"start":{"line":41,"column":42},"end":{"line":41,"column":52}},"type":"default-arg","locations":[{"start":{"line":41,"column":51},"end":{"line":41,"column":52}}],"line":41}},"s":{"0":0,"1":0,"2":0,"3":0,"4":0,"5":0,"6":0,"7":0,"8":0,"9":0,"10":0,"11":0,"12":0},"f":{"0":0,"1":0,"2":0,"3":0,"4":0,"5":0},"b":{"0":[0],"1":[0,0],"2":[0,0],"3":[0,0],"4":[0]},"_coverageSchema":"1a1c01bbd47fc00a2c39e90264f33305004495a9","hash":"3915f821afa06f0d75c429f6a059d07362207886"}
,"/home/joshua/tia_connect/TIA-WEBSITE/Backend/models/user.js": {"path":"/home/joshua/tia_connect/TIA-WEBSITE/Backend/models/user.js","statementMap":{"0":{"start":{"line":1,"column":24},"end":{"line":122,"column":1}},"1":{"start":{"line":3,"column":19},"end":{"line":3,"column":63}},"2":{"start":{"line":4,"column":4},"end":{"line":4,"column":16}},"3":{"start":{"line":8,"column":19},"end":{"line":14,"column":13}},"4":{"start":{"line":15,"column":4},"end":{"line":17,"column":5}},"5":{"start":{"line":16,"column":6},"end":{"line":16,"column":18}},"6":{"start":{"line":18,"column":4},"end":{"line":18,"column":19}},"7":{"start":{"line":22,"column":19},"end":{"line":22,"column":93}},"8":{"start":{"line":23,"column":4},"end":{"line":25,"column":5}},"9":{"start":{"line":24,"column":6},"end":{"line":24,"column":18}},"10":{"start":{"line":26,"column":4},"end":{"line":26,"column":19}},"11":{"start":{"line":30,"column":21},"end":{"line":33,"column":5}},"12":{"start":{"line":35,"column":4},"end":{"line":38,"column":6}},"13":{"start":{"line":40,"column":4},"end":{"line":43,"column":5}},"14":{"start":{"line":44,"column":4},"end":{"line":44,"column":27}},"15":{"start":{"line":48,"column":4},"end":{"line":53,"column":5}},"16":{"start":{"line":57,"column":21},"end":{"line":61,"column":5}},"17":{"start":{"line":63,"column":4},"end":{"line":67,"column":44}},"18":{"start":{"line":72,"column":19},"end":{"line":76,"column":21}},"19":{"start":{"line":78,"column":4},"end":{"line":80,"column":5}},"20":{"start":{"line":79,"column":6},"end":{"line":79,"column":18}},"21":{"start":{"line":81,"column":4},"end":{"line":81,"column":19}},"22":{"start":{"line":85,"column":19},"end":{"line":89,"column":14}},"23":{"start":{"line":91,"column":4},"end":{"line":93,"column":5}},"24":{"start":{"line":92,"column":6},"end":{"line":92,"column":18}},"25":{"start":{"line":94,"column":4},"end":{"line":94,"column":19}},"26":{"start":{"line":98,"column":4},"end":{"line":102,"column":14}},"27":{"start":{"line":106,"column":19},"end":{"line":110,"column":14}},"28":{"start":{"line":112,"column":4},"end":{"line":114,"column":5}},"29":{"start":{"line":113,"column":6},"end":{"line":113,"column":18}},"30":{"start":{"line":116,"column":4},"end":{"line":118,"column":5}},"31":{"start":{"line":117,"column":6},"end":{"line":117,"column":55}},"32":{"start":{"line":120,"column":4},"end":{"line":120,"column":19}}},"fnMap":{"0":{"name":"(anonymous_0)","decl":{"start":{"line":1,"column":15},"end":{"line":1,"column":16}},"loc":{"start":{"line":1,"column":24},"end":{"line":122,"column":1}},"line":1},"1":{"name":"(anonymous_1)","decl":{"start":{"line":2,"column":2},"end":{"line":2,"column":3}},"loc":{"start":{"line":2,"column":17},"end":{"line":5,"column":3}},"line":2},"2":{"name":"(anonymous_2)","decl":{"start":{"line":7,"column":2},"end":{"line":7,"column":3}},"loc":{"start":{"line":7,"column":23},"end":{"line":19,"column":3}},"line":7},"3":{"name":"(anonymous_3)","decl":{"start":{"line":21,"column":2},"end":{"line":21,"column":3}},"loc":{"start":{"line":21,"column":32},"end":{"line":27,"column":3}},"line":21},"4":{"name":"(anonymous_4)","decl":{"start":{"line":29,"column":2},"end":{"line":29,"column":3}},"loc":{"start":{"line":29,"column":64},"end":{"line":45,"column":3}},"line":29},"5":{"name":"(anonymous_5)","decl":{"start":{"line":47,"column":2},"end":{"line":47,"column":3}},"loc":{"start":{"line":47,"column":63},"end":{"line":54,"column":3}},"line":47},"6":{"name":"(anonymous_6)","decl":{"start":{"line":56,"column":2},"end":{"line":56,"column":3}},"loc":{"start":{"line":56,"column":80},"end":{"line":68,"column":3}},"line":56},"7":{"name":"(anonymous_7)","decl":{"start":{"line":71,"column":2},"end":{"line":71,"column":3}},"loc":{"start":{"line":71,"column":40},"end":{"line":82,"column":3}},"line":71},"8":{"name":"(anonymous_8)","decl":{"start":{"line":84,"column":2},"end":{"line":84,"column":3}},"loc":{"start":{"line":84,"column":31},"end":{"line":95,"column":3}},"line":84},"9":{"name":"(anonymous_9)","decl":{"start":{"line":97,"column":2},"end":{"line":97,"column":3}},"loc":{"start":{"line":97,"column":26},"end":{"line":103,"column":3}},"line":97},"10":{"name":"(anonymous_10)","decl":{"start":{"line":105,"column":2},"end":{"line":105,"column":3}},"loc":{"start":{"line":105,"column":37},"end":{"line":121,"column":3}},"line":105}},"branchMap":{"0":{"loc":{"start":{"line":15,"column":4},"end":{"line":17,"column":5}},"type":"if","locations":[{"start":{"line":15,"column":4},"end":{"line":17,"column":5}},{"start":{},"end":{}}],"line":15},"1":{"loc":{"start":{"line":23,"column":4},"end":{"line":25,"column":5}},"type":"if","locations":[{"start":{"line":23,"column":4},"end":{"line":25,"column":5}},{"start":{},"end":{}}],"line":23},"2":{"loc":{"start":{"line":78,"column":4},"end":{"line":80,"column":5}},"type":"if","locations":[{"start":{"line":78,"column":4},"end":{"line":80,"column":5}},{"start":{},"end":{}}],"line":78},"3":{"loc":{"start":{"line":91,"column":4},"end":{"line":93,"column":5}},"type":"if","locations":[{"start":{"line":91,"column":4},"end":{"line":93,"column":5}},{"start":{},"end":{}}],"line":91},"4":{"loc":{"start":{"line":112,"column":4},"end":{"line":114,"column":5}},"type":"if","locations":[{"start":{"line":112,"column":4},"end":{"line":114,"column":5}},{"start":{},"end":{}}],"line":112},"5":{"loc":{"start":{"line":116,"column":4},"end":{"line":118,"column":5}},"type":"if","locations":[{"start":{"line":116,"column":4},"end":{"line":118,"column":5}},{"start":{},"end":{}}],"line":116}},"s":{"0":0,"1":0,"2":0,"3":0,"4":0,"5":0,"6":0,"7":0,"8":0,"9":0,"10":0,"11":0,"12":0,"13":0,"14":0,"15":0,"16":0,"17":0,"18":0,"19":0,"20":0,"21":0,"22":0,"23":0,"24":0,"25":0,"26":0,"27":0,"28":0,"29":0,"30":0,"31":0,"32":0},"f":{"0":0,"1":0,"2":0,"3":0,"4":0,"5":0,"6":0,"7":0,"8":0,"9":0,"10":0},"b":{"0":[0,0],"1":[0,0],"2":[0,0],"3":[0,0],"4":[0,0],"5":[0,0]},"_coverageSchema":"1a1c01bbd47fc00a2c39e90264f33305004495a9","hash":"345e66996d54f13652dec2bd459616d560c9c151"}
,"/home/joshua/tia_connect/TIA-WEBSITE/Backend/routes/authRoutes.js": {"path":"/home/joshua/tia_connect/TIA-WEBSITE/Backend/routes/authRoutes.js","statementMap":{"0":{"start":{"line":5,"column":15},"end":{"line":5,"column":23}},"1":{"start":{"line":83,"column":0},"end":{"line":83,"column":31}},"2":{"start":{"line":135,"column":0},"end":{"line":135,"column":29}},"3":{"start":{"line":198,"column":0},"end":{"line":198,"column":52}},"4":{"start":{"line":255,"column":0},"end":{"line":255,"column":51}},"5":{"start":{"line":257,"column":0},"end":{"line":257,"column":41}},"6":{"start":{"line":259,"column":0},"end":{"line":259,"column":55}},"7":{"start":{"line":261,"column":0},"end":{"line":261,"column":47}},"8":{"start":{"line":263,"column":0},"end":{"line":263,"column":45}}},"fnMap":{},"branchMap":{},"s":{"0":1,"1":1,"2":1,"3":1,"4":1,"5":1,"6":1,"7":1,"8":1},"f":{},"b":{},"_coverageSchema":"1a1c01bbd47fc00a2c39e90264f33305004495a9","hash":"50d4acf3681f7ebf867cf03242ce566847b43010"}
,"/home/joshua/tia_connect/TIA-WEBSITE/Backend/routes/businessRoutes.js": {"path":"/home/joshua/tia_connect/TIA-WEBSITE/Backend/routes/businessRoutes.js","statementMap":{"0":{"start":{"line":5,"column":15},"end":{"line":5,"column":23}},"1":{"start":{"line":118,"column":0},"end":{"line":118,"column":51}},"2":{"start":{"line":214,"column":0},"end":{"line":214,"column":49}},"3":{"start":{"line":332,"column":0},"end":{"line":332,"column":51}},"4":{"start":{"line":406,"column":0},"end":{"line":406,"column":52}},"5":{"start":{"line":480,"column":0},"end":{"line":480,"column":51}},"6":{"start":{"line":554,"column":0},"end":{"line":554,"column":60}},"7":{"start":{"line":628,"column":0},"end":{"line":628,"column":59}},"8":{"start":{"line":716,"column":0},"end":{"line":716,"column":58}},"9":{"start":{"line":796,"column":0},"end":{"line":796,"column":66}},"10":{"start":{"line":900,"column":0},"end":{"line":900,"column":48}}},"fnMap":{},"branchMap":{},"s":{"0":1,"1":1,"2":1,"3":1,"4":1,"5":1,"6":1,"7":1,"8":1,"9":1,"10":1},"f":{},"b":{},"_coverageSchema":"1a1c01bbd47fc00a2c39e90264f33305004495a9","hash":"52b90c018a73d4707adf07a6c8fc90f994d022cb"}
,"/home/joshua/tia_connect/TIA-WEBSITE/Backend/routes/chatBotRoutes.js": {"path":"/home/joshua/tia_connect/TIA-WEBSITE/Backend/routes/chatBotRoutes.js","statementMap":{"0":{"start":{"line":5,"column":15},"end":{"line":5,"column":23}},"1":{"start":{"line":9,"column":0},"end":{"line":9,"column":49}}},"fnMap":{},"branchMap":{},"s":{"0":1,"1":1},"f":{},"b":{},"_coverageSchema":"1a1c01bbd47fc00a2c39e90264f33305004495a9","hash":"549312da095b141def69c496698cfbd995086022"}
,"/home/joshua/tia_connect/TIA-WEBSITE/Backend/routes/index.js": {"path":"/home/joshua/tia_connect/TIA-WEBSITE/Backend/routes/index.js","statementMap":{"0":{"start":{"line":8,"column":15},"end":{"line":8,"column":31}},"1":{"start":{"line":11,"column":0},"end":{"line":11,"column":32}},"2":{"start":{"line":12,"column":0},"end":{"line":12,"column":33}},"3":{"start":{"line":13,"column":0},"end":{"line":13,"column":40}},"4":{"start":{"line":15,"column":0},"end":{"line":15,"column":38}},"5":{"start":{"line":22,"column":0},"end":{"line":36,"column":1}},"6":{"start":{"line":23,"column":24},"end":{"line":23,"column":63}},"7":{"start":{"line":24,"column":4},"end":{"line":31,"column":7}},"8":{"start":{"line":25,"column":8},"end":{"line":30,"column":11}},"9":{"start":{"line":32,"column":7},"end":{"line":36,"column":1}},"10":{"start":{"line":33,"column":4},"end":{"line":35,"column":7}},"11":{"start":{"line":34,"column":8},"end":{"line":34,"column":48}}},"fnMap":{"0":{"name":"(anonymous_0)","decl":{"start":{"line":24,"column":20},"end":{"line":24,"column":21}},"loc":{"start":{"line":24,"column":34},"end":{"line":31,"column":5}},"line":24},"1":{"name":"(anonymous_1)","decl":{"start":{"line":33,"column":20},"end":{"line":33,"column":21}},"loc":{"start":{"line":33,"column":34},"end":{"line":35,"column":5}},"line":33}},"branchMap":{"0":{"loc":{"start":{"line":22,"column":0},"end":{"line":36,"column":1}},"type":"if","locations":[{"start":{"line":22,"column":0},"end":{"line":36,"column":1}},{"start":{"line":32,"column":7},"end":{"line":36,"column":1}}],"line":22},"1":{"loc":{"start":{"line":32,"column":7},"end":{"line":36,"column":1}},"type":"if","locations":[{"start":{"line":32,"column":7},"end":{"line":36,"column":1}},{"start":{},"end":{}}],"line":32}},"s":{"0":1,"1":1,"2":1,"3":1,"4":1,"5":1,"6":0,"7":0,"8":0,"9":1,"10":0,"11":0},"f":{"0":0,"1":0},"b":{"0":[0,1],"1":[0,1]},"_coverageSchema":"1a1c01bbd47fc00a2c39e90264f33305004495a9","hash":"3d1435a252f975d235523ac8bbe89e4e8184dd22"}
,"/home/joshua/tia_connect/TIA-WEBSITE/Backend/routes/userRoutes.js": {"path":"/home/joshua/tia_connect/TIA-WEBSITE/Backend/routes/userRoutes.js","statementMap":{"0":{"start":{"line":8,"column":15},"end":{"line":8,"column":23}},"1":{"start":{"line":64,"column":0},"end":{"line":64,"column":46}},"2":{"start":{"line":136,"column":0},"end":{"line":136,"column":38}},"3":{"start":{"line":179,"column":0},"end":{"line":179,"column":48}},"4":{"start":{"line":223,"column":0},"end":{"line":223,"column":62}},"5":{"start":{"line":275,"column":0},"end":{"line":275,"column":60}},"6":{"start":{"line":317,"column":0},"end":{"line":317,"column":68}},"7":{"start":{"line":359,"column":0},"end":{"line":359,"column":68}},"8":{"start":{"line":412,"column":0},"end":{"line":412,"column":66}},"9":{"start":{"line":456,"column":0},"end":{"line":456,"column":60}},"10":{"start":{"line":508,"column":0},"end":{"line":508,"column":56}},"11":{"start":{"line":550,"column":0},"end":{"line":550,"column":64}},"12":{"start":{"line":592,"column":0},"end":{"line":592,"column":64}},"13":{"start":{"line":645,"column":0},"end":{"line":645,"column":64}},"14":{"start":{"line":698,"column":0},"end":{"line":698,"column":46}},"15":{"start":{"line":741,"column":0},"end":{"line":741,"column":53}},"16":{"start":{"line":784,"column":0},"end":{"line":784,"column":54}},"17":{"start":{"line":859,"column":0},"end":{"line":859,"column":48}},"18":{"start":{"line":913,"column":0},"end":{"line":913,"column":51}}},"fnMap":{},"branchMap":{},"s":{"0":1,"1":1,"2":1,"3":1,"4":1,"5":1,"6":1,"7":1,"8":1,"9":1,"10":1,"11":1,"12":1,"13":1,"14":1,"15":1,"16":1,"17":1,"18":1},"f":{},"b":{},"_coverageSchema":"1a1c01bbd47fc00a2c39e90264f33305004495a9","hash":"79d9b472a3419e2c3aa98c77ef3b58a7e6a3f5af"}
,"/home/joshua/tia_connect/TIA-WEBSITE/Backend/services/adkServices.js": {"path":"/home/joshua/tia_connect/TIA-WEBSITE/Backend/services/adkServices.js","statementMap":{"0":{"start":{"line":3,"column":20},"end":{"line":3,"column":43}},"1":{"start":{"line":4,"column":20},"end":{"line":4,"column":56}},"2":{"start":{"line":9,"column":2},"end":{"line":37,"column":3}},"3":{"start":{"line":10,"column":24},"end":{"line":19,"column":5}},"4":{"start":{"line":22,"column":4},"end":{"line":24,"column":5}},"5":{"start":{"line":23,"column":6},"end":{"line":23,"column":43}},"6":{"start":{"line":26,"column":21},"end":{"line":26,"column":77}},"7":{"start":{"line":27,"column":4},"end":{"line":27,"column":31}},"8":{"start":{"line":30,"column":4},"end":{"line":32,"column":5}},"9":{"start":{"line":31,"column":6},"end":{"line":31,"column":75}},"10":{"start":{"line":34,"column":4},"end":{"line":34,"column":25}},"11":{"start":{"line":36,"column":4},"end":{"line":36,"column":60}},"12":{"start":{"line":42,"column":2},"end":{"line":48,"column":3}},"13":{"start":{"line":43,"column":21},"end":{"line":43,"column":84}},"14":{"start":{"line":44,"column":4},"end":{"line":44,"column":54}},"15":{"start":{"line":45,"column":4},"end":{"line":45,"column":25}},"16":{"start":{"line":47,"column":4},"end":{"line":47,"column":60}}},"fnMap":{"0":{"name":"sendToAdkAgent","decl":{"start":{"line":8,"column":22},"end":{"line":8,"column":36}},"loc":{"start":{"line":8,"column":112},"end":{"line":38,"column":1}},"line":8},"1":{"name":"sendToAdkTestEval","decl":{"start":{"line":41,"column":22},"end":{"line":41,"column":39}},"loc":{"start":{"line":41,"column":54},"end":{"line":49,"column":1}},"line":41}},"branchMap":{"0":{"loc":{"start":{"line":4,"column":20},"end":{"line":4,"column":56}},"type":"binary-expr","locations":[{"start":{"line":4,"column":20},"end":{"line":4,"column":47}},{"start":{"line":4,"column":51},"end":{"line":4,"column":56}}],"line":4},"1":{"loc":{"start":{"line":22,"column":4},"end":{"line":24,"column":5}},"type":"if","locations":[{"start":{"line":22,"column":4},"end":{"line":24,"column":5}},{"start":{},"end":{}}],"line":22},"2":{"loc":{"start":{"line":30,"column":4},"end":{"line":32,"column":5}},"type":"if","locations":[{"start":{"line":30,"column":4},"end":{"line":32,"column":5}},{"start":{},"end":{}}],"line":30},"3":{"loc":{"start":{"line":30,"column":8},"end":{"line":30,"column":45}},"type":"binary-expr","locations":[{"start":{"line":30,"column":8},"end":{"line":30,"column":19}},{"start":{"line":30,"column":23},"end":{"line":30,"column":45}}],"line":30},"4":{"loc":{"start":{"line":36,"column":20},"end":{"line":36,"column":57}},"type":"binary-expr","locations":[{"start":{"line":36,"column":20},"end":{"line":36,"column":40}},{"start":{"line":36,"column":44},"end":{"line":36,"column":57}}],"line":36},"5":{"loc":{"start":{"line":47,"column":20},"end":{"line":47,"column":57}},"type":"binary-expr","locations":[{"start":{"line":47,"column":20},"end":{"line":47,"column":40}},{"start":{"line":47,"column":44},"end":{"line":47,"column":57}}],"line":47}},"s":{"0":1,"1":1,"2":0,"3":0,"4":0,"5":0,"6":0,"7":0,"8":0,"9":0,"10":0,"11":0,"12":0,"13":0,"14":0,"15":0,"16":0},"f":{"0":0,"1":0},"b":{"0":[1,0],"1":[0,0],"2":[0,0],"3":[0,0],"4":[0,0],"5":[0,0]},"_coverageSchema":"1a1c01bbd47fc00a2c39e90264f33305004495a9","hash":"99dbb13ba52a302f07d9dee8443eadff6c8155da"}
}
