TN:
SF:app.js
FN:58,(anonymous_0)
FN:67,(anonymous_1)
FNF:2
FNH:0
FNDA:0,(anonymous_0)
FNDA:0,(anonymous_1)
DA:14,7
DA:15,7
DA:16,7
DA:22,7
DA:36,7
DA:40,7
DA:41,7
DA:42,7
DA:43,7
DA:44,7
DA:45,7
DA:50,7
DA:51,7
DA:56,7
DA:57,0
DA:58,0
DA:59,0
DA:66,7
DA:67,0
DA:68,0
LF:20
LH:15
BRDA:40,0,0,7
BRDA:40,0,1,0
BRDA:56,1,0,0
BRDA:56,1,1,7
BRDA:66,2,0,0
BRDA:66,2,1,7
BRF:6
BRH:3
end_of_record
TN:
SF:config/config.js
FN:4,(anonymous_0)
FNF:1
FNH:1
FNDA:63,(anonymous_0)
DA:4,7
DA:5,63
DA:6,63
DA:7,63
DA:10,7
DA:23,7
LF:6
LH:6
BRDA:6,0,0,0
BRDA:6,0,1,63
BRDA:11,1,0,7
BRDA:11,1,1,0
BRF:4
BRH:2
end_of_record
TN:
SF:config/db.js
FNF:0
FNH:0
DA:4,7
LF:1
LH:1
BRF:0
BRH:0
end_of_record
TN:
SF:config/index.js
FNF:0
FNH:0
DA:3,7
DA:4,7
DA:6,7
DA:7,0
DA:9,7
DA:10,7
DA:11,7
DA:13,7
LF:8
LH:7
BRDA:4,0,0,7
BRDA:4,0,1,0
BRDA:6,1,0,0
BRDA:6,1,1,7
BRF:4
BRH:2
end_of_record
TN:
SF:controllers/authController.js
FN:9,(anonymous_0)
FN:37,(anonymous_1)
FN:47,(anonymous_2)
FN:58,(anonymous_3)
FN:85,(anonymous_4)
FN:137,(anonymous_5)
FN:150,(anonymous_6)
FN:160,(anonymous_7)
FNF:8
FNH:4
FNDA:7,(anonymous_0)
FNDA:0,(anonymous_1)
FNDA:0,(anonymous_2)
FNDA:1,(anonymous_3)
FNDA:7,(anonymous_4)
FNDA:1,(anonymous_5)
FNDA:0,(anonymous_6)
FNDA:0,(anonymous_7)
DA:9,7
DA:10,7
DA:11,7
DA:12,7
DA:15,7
DA:16,7
DA:17,1
DA:22,6
DA:23,6
DA:25,6
DA:32,0
DA:33,0
DA:37,7
DA:38,0
DA:41,0
DA:43,0
DA:47,7
DA:48,0
DA:49,0
DA:51,0
DA:53,0
DA:58,7
DA:59,1
DA:60,1
DA:61,1
DA:62,1
DA:63,1
DA:64,1
DA:67,1
DA:68,1
DA:69,1
DA:71,1
DA:73,1
DA:74,1
DA:81,0
DA:85,7
DA:86,7
DA:87,7
DA:88,7
DA:90,7
DA:92,7
DA:93,1
DA:96,6
DA:98,6
DA:99,0
DA:102,6
DA:104,6
DA:106,6
DA:107,6
DA:109,6
DA:110,6
DA:111,6
DA:113,6
DA:120,6
DA:127,6
DA:132,0
DA:133,0
DA:137,7
DA:138,1
DA:140,1
DA:141,1
DA:142,1
DA:143,1
DA:145,0
DA:146,0
DA:150,7
DA:151,0
DA:152,0
DA:154,0
DA:156,0
DA:160,7
DA:161,0
DA:163,0
DA:165,0
DA:167,0
LF:75
LH:52
BRDA:16,0,0,1
BRDA:16,0,1,6
BRDA:62,1,0,0
BRDA:62,1,1,1
BRDA:92,2,0,1
BRDA:92,2,1,6
BRDA:98,3,0,0
BRDA:98,3,1,6
BRF:8
BRH:6
end_of_record
TN:
SF:controllers/businessController.js
FN:5,(anonymous_0)
FN:40,(anonymous_1)
FN:74,(anonymous_2)
FN:97,(anonymous_3)
FN:129,(anonymous_4)
FN:162,(anonymous_5)
FN:198,(anonymous_6)
FN:234,(anonymous_7)
FN:270,(anonymous_8)
FN:313,(anonymous_9)
FN:332,(anonymous_10)
FN:334,(anonymous_11)
FN:337,(anonymous_12)
FNF:13
FNH:10
FNDA:1,(anonymous_0)
FNDA:2,(anonymous_1)
FNDA:2,(anonymous_2)
FNDA:2,(anonymous_3)
FNDA:2,(anonymous_4)
FNDA:2,(anonymous_5)
FNDA:2,(anonymous_6)
FNDA:2,(anonymous_7)
FNDA:2,(anonymous_8)
FNDA:2,(anonymous_9)
FNDA:0,(anonymous_10)
FNDA:0,(anonymous_11)
FNDA:0,(anonymous_12)
DA:5,7
DA:6,1
DA:7,1
DA:9,1
DA:11,1
DA:12,0
DA:15,1
DA:16,1
DA:17,1
DA:18,1
DA:19,1
DA:22,1
DA:40,7
DA:41,2
DA:42,2
DA:43,2
DA:45,2
DA:46,2
DA:47,1
DA:50,1
DA:51,1
DA:52,1
DA:53,1
DA:54,1
DA:57,1
DA:74,7
DA:75,2
DA:76,2
DA:77,2
DA:78,2
DA:80,2
DA:81,0
DA:83,2
DA:85,2
DA:86,2
DA:88,1
DA:91,1
DA:93,0
DA:97,7
DA:98,2
DA:99,2
DA:100,2
DA:101,1
DA:103,1
DA:104,1
DA:105,1
DA:107,1
DA:108,0
DA:110,1
DA:112,1
DA:113,1
DA:114,2
DA:115,2
DA:116,2
DA:120,1
DA:124,0
DA:125,0
DA:129,7
DA:130,2
DA:131,2
DA:132,2
DA:133,2
DA:134,1
DA:136,1
DA:137,1
DA:138,1
DA:140,1
DA:141,0
DA:143,1
DA:145,1
DA:146,1
DA:147,2
DA:148,2
DA:149,2
DA:152,1
DA:156,0
DA:157,0
DA:162,7
DA:163,2
DA:164,2
DA:165,2
DA:166,2
DA:167,1
DA:169,1
DA:170,1
DA:171,1
DA:173,1
DA:174,0
DA:176,1
DA:178,1
DA:179,1
DA:180,1
DA:181,1
DA:182,1
DA:183,1
DA:185,0
DA:189,1
DA:193,0
DA:194,0
DA:198,7
DA:199,2
DA:200,2
DA:201,2
DA:202,2
DA:203,1
DA:205,1
DA:206,1
DA:207,1
DA:209,1
DA:210,0
DA:212,1
DA:214,1
DA:215,1
DA:216,1
DA:217,1
DA:218,1
DA:219,1
DA:221,0
DA:225,1
DA:229,0
DA:230,0
DA:234,7
DA:235,2
DA:236,2
DA:237,2
DA:238,2
DA:239,2
DA:240,2
DA:241,0
DA:243,2
DA:244,2
DA:245,0
DA:247,2
DA:248,0
DA:251,2
DA:252,0
DA:258,2
DA:259,1
DA:261,1
DA:262,1
DA:265,0
DA:266,0
DA:270,7
DA:271,2
DA:272,2
DA:273,2
DA:274,2
DA:275,2
DA:276,1
DA:278,1
DA:279,1
DA:280,0
DA:283,1
DA:285,1
DA:286,0
DA:290,1
DA:291,1
DA:294,1
DA:295,1
DA:296,1
DA:298,1
DA:299,0
DA:301,1
DA:302,1
DA:303,0
DA:306,1
DA:308,0
DA:309,0
DA:313,7
DA:314,2
DA:315,2
DA:318,2
DA:319,2
DA:320,2
DA:323,2
DA:324,2
DA:325,1
DA:329,1
DA:330,1
DA:331,0
DA:332,0
DA:334,0
DA:337,0
DA:341,1
DA:343,1
DA:350,0
DA:351,0
LF:187
LH:152
BRDA:11,0,0,0
BRDA:11,0,1,1
BRDA:46,1,0,1
BRDA:46,1,1,1
BRDA:80,2,0,0
BRDA:80,2,1,2
BRDA:100,3,0,1
BRDA:100,3,1,1
BRDA:100,4,0,2
BRDA:100,4,1,2
BRDA:107,5,0,0
BRDA:107,5,1,1
BRDA:133,6,0,1
BRDA:133,6,1,1
BRDA:133,7,0,2
BRDA:133,7,1,2
BRDA:140,8,0,0
BRDA:140,8,1,1
BRDA:166,9,0,1
BRDA:166,9,1,1
BRDA:166,10,0,2
BRDA:166,10,1,2
BRDA:173,11,0,0
BRDA:173,11,1,1
BRDA:182,12,0,1
BRDA:182,12,1,0
BRDA:202,13,0,1
BRDA:202,13,1,1
BRDA:202,14,0,2
BRDA:202,14,1,2
BRDA:209,15,0,0
BRDA:209,15,1,1
BRDA:218,16,0,1
BRDA:218,16,1,0
BRDA:240,17,0,0
BRDA:240,17,1,2
BRDA:244,18,0,0
BRDA:244,18,1,2
BRDA:247,19,0,0
BRDA:247,19,1,2
BRDA:251,20,0,0
BRDA:251,20,1,2
BRDA:258,21,0,1
BRDA:258,21,1,1
BRDA:275,22,0,1
BRDA:275,22,1,1
BRDA:279,23,0,0
BRDA:279,23,1,1
BRDA:285,24,0,0
BRDA:285,24,1,1
BRDA:298,25,0,0
BRDA:298,25,1,1
BRDA:298,26,0,1
BRDA:298,26,1,0
BRDA:302,27,0,0
BRDA:302,27,1,1
BRDA:319,28,0,2
BRDA:319,28,1,1
BRDA:320,29,0,2
BRDA:320,29,1,2
BRDA:324,30,0,1
BRDA:324,30,1,1
BRDA:324,31,0,2
BRDA:324,31,1,2
BRDA:324,31,2,1
BRDA:330,32,0,0
BRDA:330,32,1,1
BRDA:331,33,0,0
BRDA:331,33,1,0
BRF:69
BRH:49
end_of_record
TN:
SF:controllers/caseStudyController.js
FN:5,(anonymous_0)
FN:36,(anonymous_1)
FN:58,(anonymous_2)
FN:78,(anonymous_3)
FN:97,(anonymous_4)
FNF:5
FNH:5
FNDA:1,(anonymous_0)
FNDA:4,(anonymous_1)
FNDA:3,(anonymous_2)
FNDA:3,(anonymous_3)
FNDA:2,(anonymous_4)
DA:5,7
DA:6,1
DA:7,1
DA:8,1
DA:9,1
DA:10,1
DA:11,0
DA:13,1
DA:14,1
DA:15,0
DA:17,1
DA:18,1
DA:19,1
DA:28,1
DA:31,0
DA:32,0
DA:36,7
DA:37,4
DA:38,4
DA:39,4
DA:40,4
DA:41,1
DA:43,3
DA:44,1
DA:46,2
DA:47,2
DA:48,2
DA:49,2
DA:50,2
DA:53,0
DA:54,0
DA:58,7
DA:59,3
DA:60,3
DA:61,3
DA:62,3
DA:63,1
DA:65,2
DA:66,2
DA:67,1
DA:69,1
DA:70,1
DA:73,0
DA:74,0
DA:78,7
DA:79,3
DA:80,3
DA:81,3
DA:82,3
DA:83,1
DA:85,2
DA:86,2
DA:87,1
DA:89,1
DA:90,1
DA:92,0
DA:93,0
DA:97,7
DA:98,2
DA:99,2
DA:100,2
DA:101,2
DA:102,2
DA:103,0
DA:105,2
DA:106,2
DA:107,1
DA:110,1
DA:111,1
DA:112,0
DA:114,1
DA:115,1
DA:116,1
DA:124,1
DA:127,0
DA:128,0
LF:76
LH:62
BRDA:10,0,0,0
BRDA:10,0,1,1
BRDA:14,1,0,0
BRDA:14,1,1,1
BRDA:25,2,0,0
BRDA:25,2,1,1
BRDA:40,3,0,1
BRDA:40,3,1,3
BRDA:40,4,0,4
BRDA:40,4,1,4
BRDA:40,4,2,3
BRDA:40,4,3,3
BRDA:43,5,0,1
BRDA:43,5,1,2
BRDA:43,6,0,3
BRDA:43,6,1,2
BRDA:48,7,0,1
BRDA:48,7,1,1
BRDA:62,8,0,1
BRDA:62,8,1,2
BRDA:66,9,0,1
BRDA:66,9,1,1
BRDA:66,10,0,2
BRDA:66,10,1,1
BRDA:82,11,0,1
BRDA:82,11,1,2
BRDA:86,12,0,1
BRDA:86,12,1,1
BRDA:86,13,0,2
BRDA:86,13,1,1
BRDA:102,14,0,0
BRDA:102,14,1,2
BRDA:106,15,0,1
BRDA:106,15,1,1
BRDA:111,16,0,0
BRDA:111,16,1,1
BRDA:121,17,0,1
BRDA:121,17,1,0
BRF:38
BRH:32
end_of_record
TN:
SF:controllers/chatBotController.js
FN:7,(anonymous_0)
FN:26,(anonymous_1)
FN:74,(anonymous_2)
FNF:3
FNH:0
FNDA:0,(anonymous_0)
FNDA:0,(anonymous_1)
FNDA:0,(anonymous_2)
DA:7,7
DA:8,0
DA:11,0
DA:13,0
DA:14,0
DA:16,0
DA:18,0
DA:19,0
DA:22,0
DA:23,0
DA:26,7
DA:27,0
DA:28,0
DA:29,0
DA:30,0
DA:31,0
DA:32,0
DA:33,0
DA:34,0
DA:35,0
DA:36,0
DA:37,0
DA:39,0
DA:40,0
DA:42,0
DA:44,0
DA:45,0
DA:49,0
DA:50,0
DA:51,0
DA:52,0
DA:54,0
DA:59,0
DA:61,0
DA:62,0
DA:63,0
DA:64,0
DA:67,0
DA:69,0
DA:70,0
DA:74,7
DA:75,0
DA:76,0
DA:77,0
DA:78,0
DA:79,0
DA:81,0
DA:82,0
DA:84,0
DA:85,0
LF:50
LH:3
BRDA:13,0,0,0
BRDA:13,0,1,0
BRDA:18,1,0,0
BRDA:18,1,1,0
BRDA:22,2,0,0
BRDA:22,2,1,0
BRDA:32,3,0,0
BRDA:32,3,1,0
BRDA:33,4,0,0
BRDA:33,4,1,0
BRDA:35,5,0,0
BRDA:35,5,1,0
BRDA:36,6,0,0
BRDA:36,6,1,0
BRDA:37,7,0,0
BRDA:37,7,1,0
BRDA:44,8,0,0
BRDA:44,8,1,0
BRDA:49,9,0,0
BRDA:49,9,1,0
BRDA:61,10,0,0
BRDA:61,10,1,0
BRDA:63,11,0,0
BRDA:63,11,1,0
BRDA:70,12,0,0
BRDA:70,12,1,0
BRDA:85,13,0,0
BRDA:85,13,1,0
BRF:28
BRH:0
end_of_record
TN:
SF:controllers/postController.js
FN:5,(anonymous_0)
FN:42,(anonymous_1)
FN:70,(anonymous_2)
FN:93,(anonymous_3)
FN:115,(anonymous_4)
FNF:5
FNH:5
FNDA:1,(anonymous_0)
FNDA:4,(anonymous_1)
FNDA:3,(anonymous_2)
FNDA:3,(anonymous_3)
FNDA:2,(anonymous_4)
DA:5,7
DA:6,1
DA:7,1
DA:8,1
DA:10,1
DA:11,1
DA:12,0
DA:15,1
DA:16,1
DA:18,1
DA:19,0
DA:22,1
DA:23,1
DA:24,1
DA:34,1
DA:37,0
DA:38,0
DA:42,7
DA:43,4
DA:44,4
DA:45,4
DA:46,4
DA:47,1
DA:50,3
DA:51,1
DA:54,2
DA:55,2
DA:57,2
DA:59,2
DA:61,2
DA:64,0
DA:65,0
DA:70,7
DA:71,3
DA:72,3
DA:73,3
DA:74,3
DA:75,1
DA:78,2
DA:79,2
DA:80,1
DA:83,1
DA:85,1
DA:88,0
DA:89,0
DA:93,7
DA:94,3
DA:95,3
DA:96,3
DA:97,3
DA:98,1
DA:101,2
DA:102,2
DA:103,1
DA:106,1
DA:108,1
DA:110,0
DA:111,0
DA:115,7
DA:116,2
DA:117,2
DA:118,2
DA:120,2
DA:121,2
DA:122,0
DA:125,2
DA:126,2
DA:127,1
DA:130,1
DA:132,1
DA:133,0
DA:136,1
DA:138,1
DA:139,1
DA:149,1
DA:152,0
DA:153,0
LF:77
LH:63
BRDA:11,0,0,0
BRDA:11,0,1,1
BRDA:18,1,0,0
BRDA:18,1,1,1
BRDA:30,2,0,0
BRDA:30,2,1,1
BRDA:46,3,0,1
BRDA:46,3,1,3
BRDA:46,4,0,4
BRDA:46,4,1,4
BRDA:46,4,2,3
BRDA:46,4,3,3
BRDA:50,5,0,1
BRDA:50,5,1,2
BRDA:50,6,0,3
BRDA:50,6,1,2
BRDA:57,7,0,1
BRDA:57,7,1,1
BRDA:74,8,0,1
BRDA:74,8,1,2
BRDA:79,9,0,1
BRDA:79,9,1,1
BRDA:79,10,0,2
BRDA:79,10,1,1
BRDA:97,11,0,1
BRDA:97,11,1,2
BRDA:102,12,0,1
BRDA:102,12,1,1
BRDA:102,13,0,2
BRDA:102,13,1,1
BRDA:121,14,0,0
BRDA:121,14,1,2
BRDA:126,15,0,1
BRDA:126,15,1,1
BRDA:132,16,0,0
BRDA:132,16,1,1
BRDA:144,17,0,1
BRDA:144,17,1,0
BRF:38
BRH:32
end_of_record
TN:
SF:controllers/testimonialController.js
FN:5,(anonymous_0)
FN:36,(anonymous_1)
FN:58,(anonymous_2)
FN:78,(anonymous_3)
FN:97,(anonymous_4)
FNF:5
FNH:5
FNDA:1,(anonymous_0)
FNDA:4,(anonymous_1)
FNDA:3,(anonymous_2)
FNDA:3,(anonymous_3)
FNDA:2,(anonymous_4)
DA:5,7
DA:6,1
DA:7,1
DA:8,1
DA:9,1
DA:10,1
DA:11,0
DA:13,1
DA:14,1
DA:15,0
DA:17,1
DA:18,1
DA:19,1
DA:28,1
DA:31,0
DA:32,0
DA:36,7
DA:37,4
DA:38,4
DA:39,4
DA:40,4
DA:41,1
DA:43,3
DA:44,1
DA:46,2
DA:47,2
DA:48,2
DA:49,2
DA:50,2
DA:53,0
DA:54,0
DA:58,7
DA:59,3
DA:60,3
DA:61,3
DA:62,3
DA:63,1
DA:65,2
DA:66,2
DA:67,1
DA:69,1
DA:70,1
DA:73,0
DA:74,0
DA:78,7
DA:79,3
DA:80,3
DA:81,3
DA:82,3
DA:83,1
DA:85,2
DA:86,2
DA:87,1
DA:89,1
DA:90,1
DA:92,0
DA:93,0
DA:97,7
DA:98,2
DA:99,2
DA:100,2
DA:101,2
DA:102,2
DA:103,0
DA:105,2
DA:106,2
DA:107,1
DA:110,1
DA:111,1
DA:112,0
DA:114,1
DA:115,1
DA:116,1
DA:124,1
DA:127,0
DA:128,0
LF:76
LH:62
BRDA:10,0,0,0
BRDA:10,0,1,1
BRDA:14,1,0,0
BRDA:14,1,1,1
BRDA:25,2,0,0
BRDA:25,2,1,1
BRDA:40,3,0,1
BRDA:40,3,1,3
BRDA:40,4,0,4
BRDA:40,4,1,4
BRDA:40,4,2,3
BRDA:40,4,3,3
BRDA:43,5,0,1
BRDA:43,5,1,2
BRDA:43,6,0,3
BRDA:43,6,1,2
BRDA:48,7,0,1
BRDA:48,7,1,1
BRDA:62,8,0,1
BRDA:62,8,1,2
BRDA:66,9,0,1
BRDA:66,9,1,1
BRDA:66,10,0,2
BRDA:66,10,1,1
BRDA:82,11,0,1
BRDA:82,11,1,2
BRDA:86,12,0,1
BRDA:86,12,1,1
BRDA:86,13,0,2
BRDA:86,13,1,1
BRDA:102,14,0,0
BRDA:102,14,1,2
BRDA:106,15,0,1
BRDA:106,15,1,1
BRDA:111,16,0,0
BRDA:111,16,1,1
BRDA:121,17,0,1
BRDA:121,17,1,0
BRF:38
BRH:32
end_of_record
TN:
SF:controllers/userController.js
FN:4,(anonymous_0)
FN:28,(anonymous_1)
FN:64,(anonymous_2)
FNF:3
FNH:3
FNDA:2,(anonymous_0)
FNDA:2,(anonymous_1)
FNDA:4,(anonymous_2)
DA:4,7
DA:5,2
DA:6,2
DA:7,2
DA:8,2
DA:9,2
DA:10,1
DA:15,1
DA:22,0
DA:23,0
DA:28,7
DA:29,2
DA:30,2
DA:31,2
DA:33,2
DA:35,2
DA:36,1
DA:43,1
DA:58,0
DA:59,0
DA:64,7
DA:65,4
DA:66,4
DA:67,4
DA:68,4
DA:83,0
DA:84,0
LF:27
LH:21
BRDA:9,0,0,1
BRDA:9,0,1,1
BRDA:23,1,0,0
BRDA:23,1,1,0
BRDA:35,2,0,1
BRDA:35,2,1,1
BRDA:59,3,0,0
BRDA:59,3,1,0
BRDA:84,4,0,0
BRDA:84,4,1,0
BRF:10
BRH:4
end_of_record
TN:
SF:middleware/authTolkien.js
FN:11,(anonymous_0)
FN:27,(anonymous_1)
FN:41,(anonymous_2)
FN:83,(anonymous_3)
FN:96,(anonymous_4)
FNF:5
FNH:3
FNDA:92,(anonymous_0)
FNDA:65,(anonymous_1)
FNDA:2,(anonymous_2)
FNDA:0,(anonymous_3)
FNDA:0,(anonymous_4)
DA:11,7
DA:12,92
DA:13,92
DA:15,92
DA:16,27
DA:19,65
DA:21,65
DA:22,0
DA:25,65
DA:27,65
DA:28,65
DA:29,1
DA:33,64
DA:34,64
DA:37,0
DA:41,7
DA:42,2
DA:43,2
DA:46,2
DA:47,2
DA:50,2
DA:51,2
DA:52,2
DA:55,2
DA:56,2
DA:57,2
DA:62,2
DA:63,1
DA:64,1
DA:65,1
DA:66,1
DA:69,2
DA:70,2
DA:72,0
DA:73,0
DA:83,7
DA:84,0
DA:87,0
DA:96,7
DA:97,0
DA:100,0
LF:41
LH:33
BRDA:15,0,0,27
BRDA:15,0,1,65
BRDA:21,1,0,0
BRDA:21,1,1,65
BRDA:21,2,0,65
BRDA:21,2,1,65
BRDA:28,3,0,1
BRDA:28,3,1,64
BRDA:47,4,0,0
BRDA:47,4,1,2
BRDA:52,5,0,0
BRDA:52,5,1,2
BRDA:57,6,0,0
BRDA:57,6,1,2
BRDA:57,7,0,2
BRDA:57,7,1,2
BRDA:62,8,0,1
BRDA:62,8,1,1
BRDA:64,9,0,0
BRDA:64,9,1,1
BRDA:66,10,0,0
BRDA:66,10,1,1
BRF:22
BRH:16
end_of_record
TN:
SF:middleware/errorHandler.js
FN:1,(anonymous_0)
FNF:1
FNH:0
FNDA:0,(anonymous_0)
DA:1,7
DA:2,0
DA:3,0
LF:3
LH:1
BRDA:3,0,0,0
BRDA:3,0,1,0
BRDA:3,1,0,0
BRDA:3,1,1,0
BRF:4
BRH:0
end_of_record
TN:
SF:middleware/logger.js
FN:1,(anonymous_0)
FNF:1
FNH:1
FNDA:111,(anonymous_0)
DA:1,7
DA:2,111
DA:3,111
LF:3
LH:3
BRF:0
BRH:0
end_of_record
TN:
SF:middleware/rateLimiter.js
FNF:0
FNH:0
DA:3,7
DA:4,7
DA:5,7
DA:6,7
DA:8,7
LF:5
LH:5
BRF:0
BRH:0
end_of_record
TN:
SF:models/business.js
FN:1,(anonymous_0)
FN:2,(anonymous_1)
FN:7,(anonymous_2)
FN:21,(anonymous_3)
FN:44,(anonymous_4)
FN:54,(anonymous_5)
FN:64,(anonymous_6)
FN:123,(anonymous_7)
FN:133,(anonymous_8)
FN:142,(anonymous_9)
FN:152,(anonymous_10)
FN:162,(anonymous_11)
FN:170,(anonymous_12)
FN:178,(anonymous_13)
FN:190,(anonymous_14)
FN:211,(anonymous_15)
FN:242,(anonymous_16)
FNF:17
FNH:15
FNDA:15,(anonymous_0)
FNDA:0,(anonymous_1)
FNDA:4,(anonymous_2)
FNDA:2,(anonymous_3)
FNDA:2,(anonymous_4)
FNDA:2,(anonymous_5)
FNDA:2,(anonymous_6)
FNDA:2,(anonymous_7)
FNDA:2,(anonymous_8)
FNDA:1,(anonymous_9)
FNDA:1,(anonymous_10)
FNDA:1,(anonymous_11)
FNDA:1,(anonymous_12)
FNDA:1,(anonymous_13)
FNDA:1,(anonymous_14)
FNDA:0,(anonymous_15)
FNDA:10,(anonymous_16)
DA:1,15
DA:3,0
DA:4,0
DA:8,4
DA:15,4
DA:16,1
DA:18,3
DA:22,2
DA:40,2
DA:45,2
DA:51,2
DA:55,2
DA:61,2
DA:65,2
DA:66,2
DA:82,2
DA:83,2
DA:84,1
DA:86,1
DA:90,1
DA:124,2
DA:129,2
DA:134,2
DA:139,2
DA:143,1
DA:149,1
DA:153,1
DA:159,1
DA:163,1
DA:168,1
DA:171,1
DA:176,1
DA:179,1
DA:184,1
DA:185,0
DA:187,1
DA:191,1
DA:192,1
DA:200,1
DA:203,1
DA:204,0
DA:205,0
DA:206,0
DA:210,1
DA:211,0
DA:212,0
DA:216,1
DA:221,1
DA:222,1
DA:224,1
DA:225,0
DA:238,1
DA:239,1
DA:242,10
DA:244,1
LF:55
LH:46
BRDA:15,0,0,1
BRDA:15,0,1,3
BRDA:83,1,0,1
BRDA:83,1,1,1
BRDA:184,2,0,0
BRDA:184,2,1,1
BRDA:190,3,0,0
BRDA:190,4,0,0
BRDA:190,5,0,0
BRDA:190,6,0,0
BRDA:203,7,0,0
BRDA:203,7,1,1
BRDA:210,8,0,0
BRDA:210,8,1,1
BRDA:224,9,0,0
BRDA:224,9,1,1
BRF:16
BRH:8
end_of_record
TN:
SF:models/caseStudies.js
FN:1,(anonymous_0)
FN:2,(anonymous_1)
FN:17,(anonymous_2)
FN:30,(anonymous_3)
FN:41,(anonymous_4)
FN:52,(anonymous_5)
FNF:6
FNH:6
FNDA:13,(anonymous_0)
FNDA:2,(anonymous_1)
FNDA:4,(anonymous_2)
FNDA:2,(anonymous_3)
FNDA:1,(anonymous_4)
FNDA:1,(anonymous_5)
DA:1,13
DA:3,2
DA:11,2
DA:12,0
DA:14,2
DA:18,4
DA:24,4
DA:25,2
DA:27,2
DA:31,2
DA:38,2
DA:42,1
DA:53,1
LF:13
LH:12
BRDA:2,0,0,1
BRDA:10,1,0,1
BRDA:10,1,1,1
BRDA:11,2,0,0
BRDA:11,2,1,2
BRDA:24,3,0,2
BRDA:24,3,1,2
BRDA:41,4,0,1
BRF:8
BRH:7
end_of_record
TN:
SF:models/chatBot.js
FN:1,(anonymous_0)
FN:3,(anonymous_1)
FN:8,(anonymous_2)
FN:17,(anonymous_3)
FN:23,(anonymous_4)
FNF:5
FNH:0
FNDA:0,(anonymous_0)
FNDA:0,(anonymous_1)
FNDA:0,(anonymous_2)
FNDA:0,(anonymous_3)
FNDA:0,(anonymous_4)
DA:1,0
DA:4,0
DA:5,0
DA:10,0
DA:14,0
DA:18,0
DA:19,0
DA:24,0
DA:25,0
DA:26,0
DA:28,0
DA:29,0
LF:12
LH:0
BRDA:5,0,0,0
BRDA:5,0,1,0
BRF:2
BRH:0
end_of_record
TN:
SF:models/posts.js
FN:1,(anonymous_0)
FN:2,(anonymous_1)
FN:19,(anonymous_2)
FN:33,(anonymous_3)
FN:44,(anonymous_4)
FN:55,(anonymous_5)
FNF:6
FNH:6
FNDA:13,(anonymous_0)
FNDA:2,(anonymous_1)
FNDA:4,(anonymous_2)
FNDA:2,(anonymous_3)
FNDA:1,(anonymous_4)
FNDA:1,(anonymous_5)
DA:1,13
DA:4,2
DA:13,2
DA:14,0
DA:16,2
DA:20,4
DA:26,4
DA:27,2
DA:29,2
DA:34,2
DA:41,2
DA:45,1
DA:56,1
LF:13
LH:12
BRDA:2,0,0,1
BRDA:11,1,0,1
BRDA:11,1,1,1
BRDA:13,2,0,0
BRDA:13,2,1,2
BRDA:26,3,0,2
BRDA:26,3,1,2
BRDA:44,4,0,1
BRF:8
BRH:7
end_of_record
TN:
SF:models/testimonials.js
FN:1,(anonymous_0)
FN:2,(anonymous_1)
FN:17,(anonymous_2)
FN:30,(anonymous_3)
FN:41,(anonymous_4)
FN:52,(anonymous_5)
FNF:6
FNH:6
FNDA:13,(anonymous_0)
FNDA:2,(anonymous_1)
FNDA:4,(anonymous_2)
FNDA:2,(anonymous_3)
FNDA:1,(anonymous_4)
FNDA:1,(anonymous_5)
DA:1,13
DA:3,2
DA:11,2
DA:12,0
DA:14,2
DA:18,4
DA:24,4
DA:25,2
DA:27,2
DA:31,2
DA:38,2
DA:42,1
DA:53,1
LF:13
LH:12
BRDA:2,0,0,1
BRDA:10,1,0,1
BRDA:10,1,1,1
BRDA:11,2,0,0
BRDA:11,2,1,2
BRDA:24,3,0,2
BRDA:24,3,1,2
BRDA:41,4,0,1
BRF:8
BRH:7
end_of_record
TN:
SF:models/user.js
FN:1,(anonymous_0)
FN:2,(anonymous_1)
FN:7,(anonymous_2)
FN:21,(anonymous_3)
FN:29,(anonymous_4)
FN:47,(anonymous_5)
FN:56,(anonymous_6)
FN:71,(anonymous_7)
FN:84,(anonymous_8)
FN:97,(anonymous_9)
FN:105,(anonymous_10)
FNF:11
FNH:10
FNDA:48,(anonymous_0)
FNDA:0,(anonymous_1)
FNDA:16,(anonymous_2)
FNDA:16,(anonymous_3)
FNDA:6,(anonymous_4)
FNDA:6,(anonymous_5)
FNDA:1,(anonymous_6)
FNDA:2,(anonymous_7)
FNDA:1,(anonymous_8)
FNDA:1,(anonymous_9)
FNDA:10,(anonymous_10)
DA:1,48
DA:3,0
DA:4,0
DA:8,16
DA:15,16
DA:16,4
DA:18,12
DA:22,16
DA:23,16
DA:24,8
DA:26,8
DA:30,6
DA:35,6
DA:40,6
DA:44,6
DA:48,6
DA:57,1
DA:63,1
DA:72,2
DA:78,2
DA:79,0
DA:81,2
DA:85,1
DA:91,1
DA:92,0
DA:94,1
DA:98,1
DA:106,10
DA:112,10
DA:113,0
DA:116,10
DA:117,0
DA:120,10
LF:33
LH:27
BRDA:15,0,0,4
BRDA:15,0,1,12
BRDA:23,1,0,8
BRDA:23,1,1,8
BRDA:78,2,0,0
BRDA:78,2,1,2
BRDA:91,3,0,0
BRDA:91,3,1,1
BRDA:112,4,0,0
BRDA:112,4,1,10
BRDA:116,5,0,0
BRDA:116,5,1,10
BRF:12
BRH:8
end_of_record
TN:
SF:routes/authRoutes.js
FNF:0
FNH:0
DA:5,7
DA:83,7
DA:135,7
DA:198,7
DA:255,7
DA:257,7
DA:259,7
DA:261,7
DA:263,7
LF:9
LH:9
BRF:0
BRH:0
end_of_record
TN:
SF:routes/businessRoutes.js
FNF:0
FNH:0
DA:5,7
DA:118,7
DA:214,7
DA:332,7
DA:406,7
DA:480,7
DA:554,7
DA:628,7
DA:716,7
DA:796,7
DA:900,7
LF:11
LH:11
BRF:0
BRH:0
end_of_record
TN:
SF:routes/chatBotRoutes.js
FNF:0
FNH:0
DA:5,7
DA:158,7
DA:182,7
LF:3
LH:3
BRF:0
BRH:0
end_of_record
TN:
SF:routes/index.js
FN:24,(anonymous_0)
FN:33,(anonymous_1)
FNF:2
FNH:1
FNDA:0,(anonymous_0)
FNDA:1,(anonymous_1)
DA:8,7
DA:11,7
DA:12,7
DA:13,7
DA:15,7
DA:22,7
DA:23,0
DA:24,0
DA:25,0
DA:32,7
DA:33,7
DA:34,1
LF:12
LH:9
BRDA:22,0,0,0
BRDA:22,0,1,7
BRDA:32,1,0,7
BRDA:32,1,1,0
BRDA:32,2,0,7
BRDA:32,2,1,7
BRF:6
BRH:4
end_of_record
TN:
SF:routes/userRoutes.js
FNF:0
FNH:0
DA:8,7
DA:64,7
DA:136,7
DA:179,7
DA:223,7
DA:275,7
DA:317,7
DA:359,7
DA:412,7
DA:456,7
DA:508,7
DA:550,7
DA:592,7
DA:645,7
DA:698,7
DA:741,7
DA:784,7
DA:859,7
DA:913,7
LF:19
LH:19
BRF:0
BRH:0
end_of_record
TN:
SF:services/adkServices.js
FN:7,sendToAdkAgent
FN:41,resetAdkSession
FN:57,sendToAdkTestEval
FNF:3
FNH:0
FNDA:0,sendToAdkAgent
FNDA:0,resetAdkSession
FNDA:0,sendToAdkTestEval
DA:3,7
DA:4,7
DA:8,0
DA:9,0
DA:22,0
DA:23,0
DA:26,0
DA:27,0
DA:30,0
DA:31,0
DA:34,0
DA:36,0
DA:42,0
DA:43,0
DA:48,0
DA:49,0
DA:50,0
DA:52,0
DA:58,0
DA:59,0
DA:60,0
DA:61,0
DA:63,0
LF:23
LH:2
BRDA:4,0,0,7
BRDA:4,0,1,0
BRDA:22,1,0,0
BRDA:22,1,1,0
BRDA:30,2,0,0
BRDA:30,2,1,0
BRDA:30,3,0,0
BRDA:30,3,1,0
BRDA:36,4,0,0
BRDA:36,4,1,0
BRDA:52,5,0,0
BRDA:52,5,1,0
BRDA:63,6,0,0
BRDA:63,6,1,0
BRF:14
BRH:1
end_of_record
TN:
SF:tests/testUtils.js
FN:9,(anonymous_0)
FN:13,(anonymous_1)
FN:25,(anonymous_2)
FN:27,(anonymous_3)
FN:35,(anonymous_4)
FN:54,(anonymous_5)
FN:91,(anonymous_6)
FN:128,(anonymous_7)
FNF:8
FNH:8
FNDA:111,(anonymous_0)
FNDA:21,(anonymous_1)
FNDA:21,(anonymous_2)
FNDA:6,(anonymous_3)
FNDA:2,(anonymous_4)
FNDA:1,(anonymous_5)
FNDA:1,(anonymous_6)
FNDA:1,(anonymous_7)
DA:5,7
DA:6,7
DA:9,7
DA:10,111
DA:13,7
DA:14,21
DA:15,6
DA:22,21
DA:25,21
DA:27,7
DA:28,6
DA:29,6
DA:32,6
DA:35,7
DA:36,2
DA:39,2
DA:45,2
DA:46,0
DA:49,2
DA:51,2
DA:54,7
DA:55,1
DA:58,1
DA:64,1
DA:65,0
DA:68,1
DA:71,1
DA:74,1
DA:77,1
DA:86,1
DA:88,1
DA:91,7
DA:92,1
DA:95,1
DA:101,1
DA:102,0
DA:105,1
DA:108,1
DA:111,1
DA:114,1
DA:123,1
DA:125,1
DA:128,7
DA:129,1
DA:132,1
DA:138,1
DA:139,0
DA:142,1
DA:145,1
DA:148,1
DA:151,1
DA:160,1
DA:162,1
LF:53
LH:49
BRDA:6,0,0,7
BRDA:6,0,1,0
BRDA:10,1,0,111
BRDA:10,1,1,0
BRDA:14,2,0,6
BRDA:14,2,1,15
BRDA:45,3,0,0
BRDA:45,3,1,2
BRDA:64,4,0,0
BRDA:64,4,1,1
BRDA:86,5,0,1
BRDA:86,5,1,0
BRDA:101,6,0,0
BRDA:101,6,1,1
BRDA:123,7,0,1
BRDA:123,7,1,0
BRDA:138,8,0,0
BRDA:138,8,1,1
BRDA:160,9,0,1
BRDA:160,9,1,0
BRF:20
BRH:11
end_of_record
