TN:
SF:app.js
FN:58,(anonymous_0)
FN:67,(anonymous_1)
FNF:2
FNH:0
FNDA:0,(anonymous_0)
FNDA:0,(anonymous_1)
DA:14,1
DA:15,1
DA:16,1
DA:22,1
DA:36,1
DA:40,1
DA:41,0
DA:42,0
DA:43,0
DA:44,0
DA:45,0
DA:50,1
DA:51,1
DA:56,1
DA:57,0
DA:58,0
DA:59,0
DA:66,1
DA:67,0
DA:68,0
LF:20
LH:10
BRDA:40,0,0,0
BRDA:40,0,1,1
BRDA:56,1,0,0
BRDA:56,1,1,1
BRDA:66,2,0,0
BRDA:66,2,1,1
BRF:6
BRH:3
end_of_record
TN:
SF:config/config.js
FN:4,(anonymous_0)
FNF:1
FNH:1
FNDA:9,(anonymous_0)
DA:4,1
DA:5,9
DA:6,9
DA:7,9
DA:10,1
DA:23,1
LF:6
LH:6
BRDA:6,0,0,0
BRDA:6,0,1,9
BRDA:11,1,0,1
BRDA:11,1,1,0
BRF:4
BRH:2
end_of_record
TN:
SF:config/db.js
FNF:0
FNH:0
DA:4,1
LF:1
LH:1
BRF:0
BRH:0
end_of_record
TN:
SF:config/index.js
FNF:0
FNH:0
DA:3,1
DA:4,1
DA:6,1
DA:7,0
DA:9,1
DA:10,1
DA:11,1
DA:13,1
LF:8
LH:7
BRDA:4,0,0,1
BRDA:4,0,1,0
BRDA:6,1,0,0
BRDA:6,1,1,1
BRF:4
BRH:2
end_of_record
TN:
SF:controllers/authController.js
FN:9,(anonymous_0)
FN:37,(anonymous_1)
FN:47,(anonymous_2)
FN:58,(anonymous_3)
FN:85,(anonymous_4)
FN:137,(anonymous_5)
FN:150,(anonymous_6)
FN:160,(anonymous_7)
FNF:8
FNH:0
FNDA:0,(anonymous_0)
FNDA:0,(anonymous_1)
FNDA:0,(anonymous_2)
FNDA:0,(anonymous_3)
FNDA:0,(anonymous_4)
FNDA:0,(anonymous_5)
FNDA:0,(anonymous_6)
FNDA:0,(anonymous_7)
DA:9,1
DA:10,0
DA:11,0
DA:12,0
DA:15,0
DA:16,0
DA:17,0
DA:22,0
DA:23,0
DA:25,0
DA:32,0
DA:33,0
DA:37,1
DA:38,0
DA:41,0
DA:43,0
DA:47,1
DA:48,0
DA:49,0
DA:51,0
DA:53,0
DA:58,1
DA:59,0
DA:60,0
DA:61,0
DA:62,0
DA:63,0
DA:64,0
DA:67,0
DA:68,0
DA:69,0
DA:71,0
DA:73,0
DA:74,0
DA:81,0
DA:85,1
DA:86,0
DA:87,0
DA:88,0
DA:90,0
DA:92,0
DA:93,0
DA:96,0
DA:98,0
DA:99,0
DA:102,0
DA:104,0
DA:106,0
DA:107,0
DA:109,0
DA:110,0
DA:111,0
DA:113,0
DA:120,0
DA:127,0
DA:132,0
DA:133,0
DA:137,1
DA:138,0
DA:140,0
DA:141,0
DA:142,0
DA:143,0
DA:145,0
DA:146,0
DA:150,1
DA:151,0
DA:152,0
DA:154,0
DA:156,0
DA:160,1
DA:161,0
DA:163,0
DA:165,0
DA:167,0
LF:75
LH:8
BRDA:16,0,0,0
BRDA:16,0,1,0
BRDA:62,1,0,0
BRDA:62,1,1,0
BRDA:92,2,0,0
BRDA:92,2,1,0
BRDA:98,3,0,0
BRDA:98,3,1,0
BRF:8
BRH:0
end_of_record
TN:
SF:controllers/businessController.js
FN:5,(anonymous_0)
FN:40,(anonymous_1)
FN:75,(anonymous_2)
FN:98,(anonymous_3)
FN:130,(anonymous_4)
FN:163,(anonymous_5)
FN:199,(anonymous_6)
FN:235,(anonymous_7)
FN:271,(anonymous_8)
FN:314,(anonymous_9)
FN:327,(anonymous_10)
FNF:11
FNH:0
FNDA:0,(anonymous_0)
FNDA:0,(anonymous_1)
FNDA:0,(anonymous_2)
FNDA:0,(anonymous_3)
FNDA:0,(anonymous_4)
FNDA:0,(anonymous_5)
FNDA:0,(anonymous_6)
FNDA:0,(anonymous_7)
FNDA:0,(anonymous_8)
FNDA:0,(anonymous_9)
FNDA:0,(anonymous_10)
DA:5,1
DA:6,0
DA:7,0
DA:9,0
DA:11,0
DA:12,0
DA:15,0
DA:16,0
DA:17,0
DA:18,0
DA:19,0
DA:22,0
DA:40,1
DA:41,0
DA:42,0
DA:43,0
DA:45,0
DA:47,0
DA:48,0
DA:51,0
DA:52,0
DA:53,0
DA:54,0
DA:55,0
DA:58,0
DA:75,1
DA:76,0
DA:77,0
DA:78,0
DA:79,0
DA:81,0
DA:82,0
DA:84,0
DA:86,0
DA:87,0
DA:89,0
DA:92,0
DA:94,0
DA:98,1
DA:99,0
DA:100,0
DA:101,0
DA:102,0
DA:104,0
DA:105,0
DA:106,0
DA:108,0
DA:109,0
DA:111,0
DA:113,0
DA:114,0
DA:115,0
DA:116,0
DA:117,0
DA:121,0
DA:125,0
DA:126,0
DA:130,1
DA:131,0
DA:132,0
DA:133,0
DA:134,0
DA:135,0
DA:137,0
DA:138,0
DA:139,0
DA:141,0
DA:142,0
DA:144,0
DA:146,0
DA:147,0
DA:148,0
DA:149,0
DA:150,0
DA:153,0
DA:157,0
DA:158,0
DA:163,1
DA:164,0
DA:165,0
DA:166,0
DA:167,0
DA:168,0
DA:170,0
DA:171,0
DA:172,0
DA:174,0
DA:175,0
DA:177,0
DA:179,0
DA:180,0
DA:181,0
DA:182,0
DA:183,0
DA:184,0
DA:186,0
DA:190,0
DA:194,0
DA:195,0
DA:199,1
DA:200,0
DA:201,0
DA:202,0
DA:203,0
DA:204,0
DA:206,0
DA:207,0
DA:208,0
DA:210,0
DA:211,0
DA:213,0
DA:215,0
DA:216,0
DA:217,0
DA:218,0
DA:219,0
DA:220,0
DA:222,0
DA:226,0
DA:230,0
DA:231,0
DA:235,1
DA:236,0
DA:237,0
DA:238,0
DA:239,0
DA:240,0
DA:241,0
DA:242,0
DA:244,0
DA:245,0
DA:246,0
DA:248,0
DA:249,0
DA:252,0
DA:253,0
DA:259,0
DA:260,0
DA:262,0
DA:263,0
DA:266,0
DA:267,0
DA:271,1
DA:272,0
DA:273,0
DA:274,0
DA:275,0
DA:276,0
DA:277,0
DA:279,0
DA:280,0
DA:281,0
DA:284,0
DA:286,0
DA:287,0
DA:291,0
DA:292,0
DA:295,0
DA:296,0
DA:297,0
DA:299,0
DA:300,0
DA:302,0
DA:303,0
DA:304,0
DA:307,0
DA:309,0
DA:310,0
DA:314,1
DA:315,0
DA:316,0
DA:319,0
DA:320,0
DA:321,0
DA:324,0
DA:325,0
DA:326,0
DA:327,0
DA:332,0
DA:333,0
DA:335,0
DA:336,0
DA:340,0
DA:342,0
DA:349,0
DA:350,0
LF:186
LH:10
BRDA:11,0,0,0
BRDA:11,0,1,0
BRDA:47,1,0,0
BRDA:47,1,1,0
BRDA:81,2,0,0
BRDA:81,2,1,0
BRDA:101,3,0,0
BRDA:101,3,1,0
BRDA:101,4,0,0
BRDA:101,4,1,0
BRDA:108,5,0,0
BRDA:108,5,1,0
BRDA:134,6,0,0
BRDA:134,6,1,0
BRDA:134,7,0,0
BRDA:134,7,1,0
BRDA:141,8,0,0
BRDA:141,8,1,0
BRDA:167,9,0,0
BRDA:167,9,1,0
BRDA:167,10,0,0
BRDA:167,10,1,0
BRDA:174,11,0,0
BRDA:174,11,1,0
BRDA:183,12,0,0
BRDA:183,12,1,0
BRDA:203,13,0,0
BRDA:203,13,1,0
BRDA:203,14,0,0
BRDA:203,14,1,0
BRDA:210,15,0,0
BRDA:210,15,1,0
BRDA:219,16,0,0
BRDA:219,16,1,0
BRDA:241,17,0,0
BRDA:241,17,1,0
BRDA:245,18,0,0
BRDA:245,18,1,0
BRDA:248,19,0,0
BRDA:248,19,1,0
BRDA:252,20,0,0
BRDA:252,20,1,0
BRDA:259,21,0,0
BRDA:259,21,1,0
BRDA:276,22,0,0
BRDA:276,22,1,0
BRDA:280,23,0,0
BRDA:280,23,1,0
BRDA:286,24,0,0
BRDA:286,24,1,0
BRDA:299,25,0,0
BRDA:299,25,1,0
BRDA:299,26,0,0
BRDA:299,26,1,0
BRDA:303,27,0,0
BRDA:303,27,1,0
BRDA:319,28,0,0
BRDA:319,28,1,0
BRDA:320,29,0,0
BRDA:320,29,1,0
BRDA:321,30,0,0
BRDA:321,30,1,0
BRDA:325,31,0,0
BRDA:325,31,1,0
BRDA:326,32,0,0
BRDA:326,32,1,0
BRDA:332,33,0,0
BRDA:332,33,1,0
BRDA:335,34,0,0
BRDA:335,34,1,0
BRDA:335,35,0,0
BRDA:335,35,1,0
BRF:72
BRH:0
end_of_record
TN:
SF:controllers/caseStudyController.js
FN:5,(anonymous_0)
FN:36,(anonymous_1)
FN:58,(anonymous_2)
FN:78,(anonymous_3)
FN:97,(anonymous_4)
FNF:5
FNH:0
FNDA:0,(anonymous_0)
FNDA:0,(anonymous_1)
FNDA:0,(anonymous_2)
FNDA:0,(anonymous_3)
FNDA:0,(anonymous_4)
DA:5,1
DA:6,0
DA:7,0
DA:8,0
DA:9,0
DA:10,0
DA:11,0
DA:13,0
DA:14,0
DA:15,0
DA:17,0
DA:18,0
DA:19,0
DA:28,0
DA:31,0
DA:32,0
DA:36,1
DA:37,0
DA:38,0
DA:39,0
DA:40,0
DA:41,0
DA:43,0
DA:44,0
DA:46,0
DA:47,0
DA:48,0
DA:49,0
DA:50,0
DA:53,0
DA:54,0
DA:58,1
DA:59,0
DA:60,0
DA:61,0
DA:62,0
DA:63,0
DA:65,0
DA:66,0
DA:67,0
DA:69,0
DA:70,0
DA:73,0
DA:74,0
DA:78,1
DA:79,0
DA:80,0
DA:81,0
DA:82,0
DA:83,0
DA:85,0
DA:86,0
DA:87,0
DA:89,0
DA:90,0
DA:92,0
DA:93,0
DA:97,1
DA:98,0
DA:99,0
DA:100,0
DA:101,0
DA:102,0
DA:103,0
DA:105,0
DA:106,0
DA:107,0
DA:110,0
DA:111,0
DA:112,0
DA:114,0
DA:115,0
DA:116,0
DA:124,0
DA:127,0
DA:128,0
LF:76
LH:5
BRDA:10,0,0,0
BRDA:10,0,1,0
BRDA:14,1,0,0
BRDA:14,1,1,0
BRDA:25,2,0,0
BRDA:25,2,1,0
BRDA:40,3,0,0
BRDA:40,3,1,0
BRDA:40,4,0,0
BRDA:40,4,1,0
BRDA:40,4,2,0
BRDA:40,4,3,0
BRDA:43,5,0,0
BRDA:43,5,1,0
BRDA:43,6,0,0
BRDA:43,6,1,0
BRDA:48,7,0,0
BRDA:48,7,1,0
BRDA:62,8,0,0
BRDA:62,8,1,0
BRDA:66,9,0,0
BRDA:66,9,1,0
BRDA:66,10,0,0
BRDA:66,10,1,0
BRDA:82,11,0,0
BRDA:82,11,1,0
BRDA:86,12,0,0
BRDA:86,12,1,0
BRDA:86,13,0,0
BRDA:86,13,1,0
BRDA:102,14,0,0
BRDA:102,14,1,0
BRDA:106,15,0,0
BRDA:106,15,1,0
BRDA:111,16,0,0
BRDA:111,16,1,0
BRDA:121,17,0,0
BRDA:121,17,1,0
BRF:38
BRH:0
end_of_record
TN:
SF:controllers/chatBotController.js
FN:8,(anonymous_0)
FNF:1
FNH:0
FNDA:0,(anonymous_0)
DA:8,1
DA:9,0
DA:10,0
DA:11,0
DA:12,0
DA:13,0
DA:14,0
DA:15,0
DA:16,0
DA:17,0
DA:18,0
DA:20,0
DA:21,0
DA:23,0
DA:25,0
DA:26,0
DA:28,0
DA:30,0
DA:31,0
DA:32,0
DA:33,0
DA:36,0
DA:38,0
DA:39,0
LF:24
LH:1
BRDA:14,0,0,0
BRDA:14,0,1,0
BRDA:16,1,0,0
BRDA:16,1,1,0
BRDA:17,2,0,0
BRDA:17,2,1,0
BRDA:18,3,0,0
BRDA:18,3,1,0
BRDA:25,4,0,0
BRDA:25,4,1,0
BRDA:30,5,0,0
BRDA:30,5,1,0
BRDA:32,6,0,0
BRDA:32,6,1,0
BRF:14
BRH:0
end_of_record
TN:
SF:controllers/postController.js
FN:5,(anonymous_0)
FN:42,(anonymous_1)
FN:70,(anonymous_2)
FN:93,(anonymous_3)
FN:115,(anonymous_4)
FNF:5
FNH:0
FNDA:0,(anonymous_0)
FNDA:0,(anonymous_1)
FNDA:0,(anonymous_2)
FNDA:0,(anonymous_3)
FNDA:0,(anonymous_4)
DA:5,1
DA:6,0
DA:7,0
DA:8,0
DA:10,0
DA:11,0
DA:12,0
DA:15,0
DA:16,0
DA:18,0
DA:19,0
DA:22,0
DA:23,0
DA:24,0
DA:34,0
DA:37,0
DA:38,0
DA:42,1
DA:43,0
DA:44,0
DA:45,0
DA:46,0
DA:47,0
DA:50,0
DA:51,0
DA:54,0
DA:55,0
DA:57,0
DA:59,0
DA:61,0
DA:64,0
DA:65,0
DA:70,1
DA:71,0
DA:72,0
DA:73,0
DA:74,0
DA:75,0
DA:78,0
DA:79,0
DA:80,0
DA:83,0
DA:85,0
DA:88,0
DA:89,0
DA:93,1
DA:94,0
DA:95,0
DA:96,0
DA:97,0
DA:98,0
DA:101,0
DA:102,0
DA:103,0
DA:106,0
DA:108,0
DA:110,0
DA:111,0
DA:115,1
DA:116,0
DA:117,0
DA:118,0
DA:120,0
DA:121,0
DA:122,0
DA:125,0
DA:126,0
DA:127,0
DA:130,0
DA:132,0
DA:133,0
DA:136,0
DA:138,0
DA:139,0
DA:149,0
DA:152,0
DA:153,0
LF:77
LH:5
BRDA:11,0,0,0
BRDA:11,0,1,0
BRDA:18,1,0,0
BRDA:18,1,1,0
BRDA:30,2,0,0
BRDA:30,2,1,0
BRDA:46,3,0,0
BRDA:46,3,1,0
BRDA:46,4,0,0
BRDA:46,4,1,0
BRDA:46,4,2,0
BRDA:46,4,3,0
BRDA:50,5,0,0
BRDA:50,5,1,0
BRDA:50,6,0,0
BRDA:50,6,1,0
BRDA:57,7,0,0
BRDA:57,7,1,0
BRDA:74,8,0,0
BRDA:74,8,1,0
BRDA:79,9,0,0
BRDA:79,9,1,0
BRDA:79,10,0,0
BRDA:79,10,1,0
BRDA:97,11,0,0
BRDA:97,11,1,0
BRDA:102,12,0,0
BRDA:102,12,1,0
BRDA:102,13,0,0
BRDA:102,13,1,0
BRDA:121,14,0,0
BRDA:121,14,1,0
BRDA:126,15,0,0
BRDA:126,15,1,0
BRDA:132,16,0,0
BRDA:132,16,1,0
BRDA:144,17,0,0
BRDA:144,17,1,0
BRF:38
BRH:0
end_of_record
TN:
SF:controllers/testimonialController.js
FN:5,(anonymous_0)
FN:36,(anonymous_1)
FN:58,(anonymous_2)
FN:78,(anonymous_3)
FN:97,(anonymous_4)
FNF:5
FNH:0
FNDA:0,(anonymous_0)
FNDA:0,(anonymous_1)
FNDA:0,(anonymous_2)
FNDA:0,(anonymous_3)
FNDA:0,(anonymous_4)
DA:5,1
DA:6,0
DA:7,0
DA:8,0
DA:9,0
DA:10,0
DA:11,0
DA:13,0
DA:14,0
DA:15,0
DA:17,0
DA:18,0
DA:19,0
DA:28,0
DA:31,0
DA:32,0
DA:36,1
DA:37,0
DA:38,0
DA:39,0
DA:40,0
DA:41,0
DA:43,0
DA:44,0
DA:46,0
DA:47,0
DA:48,0
DA:49,0
DA:50,0
DA:53,0
DA:54,0
DA:58,1
DA:59,0
DA:60,0
DA:61,0
DA:62,0
DA:63,0
DA:65,0
DA:66,0
DA:67,0
DA:69,0
DA:70,0
DA:73,0
DA:74,0
DA:78,1
DA:79,0
DA:80,0
DA:81,0
DA:82,0
DA:83,0
DA:85,0
DA:86,0
DA:87,0
DA:89,0
DA:90,0
DA:92,0
DA:93,0
DA:97,1
DA:98,0
DA:99,0
DA:100,0
DA:101,0
DA:102,0
DA:103,0
DA:105,0
DA:106,0
DA:107,0
DA:110,0
DA:111,0
DA:112,0
DA:114,0
DA:115,0
DA:116,0
DA:124,0
DA:127,0
DA:128,0
LF:76
LH:5
BRDA:10,0,0,0
BRDA:10,0,1,0
BRDA:14,1,0,0
BRDA:14,1,1,0
BRDA:25,2,0,0
BRDA:25,2,1,0
BRDA:40,3,0,0
BRDA:40,3,1,0
BRDA:40,4,0,0
BRDA:40,4,1,0
BRDA:40,4,2,0
BRDA:40,4,3,0
BRDA:43,5,0,0
BRDA:43,5,1,0
BRDA:43,6,0,0
BRDA:43,6,1,0
BRDA:48,7,0,0
BRDA:48,7,1,0
BRDA:62,8,0,0
BRDA:62,8,1,0
BRDA:66,9,0,0
BRDA:66,9,1,0
BRDA:66,10,0,0
BRDA:66,10,1,0
BRDA:82,11,0,0
BRDA:82,11,1,0
BRDA:86,12,0,0
BRDA:86,12,1,0
BRDA:86,13,0,0
BRDA:86,13,1,0
BRDA:102,14,0,0
BRDA:102,14,1,0
BRDA:106,15,0,0
BRDA:106,15,1,0
BRDA:111,16,0,0
BRDA:111,16,1,0
BRDA:121,17,0,0
BRDA:121,17,1,0
BRF:38
BRH:0
end_of_record
TN:
SF:controllers/userController.js
FN:4,(anonymous_0)
FN:28,(anonymous_1)
FN:64,(anonymous_2)
FNF:3
FNH:0
FNDA:0,(anonymous_0)
FNDA:0,(anonymous_1)
FNDA:0,(anonymous_2)
DA:4,1
DA:5,0
DA:6,0
DA:7,0
DA:8,0
DA:9,0
DA:10,0
DA:15,0
DA:22,0
DA:23,0
DA:28,1
DA:29,0
DA:30,0
DA:31,0
DA:33,0
DA:35,0
DA:36,0
DA:43,0
DA:58,0
DA:59,0
DA:64,1
DA:65,0
DA:66,0
DA:67,0
DA:68,0
DA:83,0
DA:84,0
LF:27
LH:3
BRDA:9,0,0,0
BRDA:9,0,1,0
BRDA:23,1,0,0
BRDA:23,1,1,0
BRDA:35,2,0,0
BRDA:35,2,1,0
BRDA:59,3,0,0
BRDA:59,3,1,0
BRDA:84,4,0,0
BRDA:84,4,1,0
BRF:10
BRH:0
end_of_record
TN:
SF:middleware/authTolkien.js
FN:11,(anonymous_0)
FN:27,(anonymous_1)
FN:41,(anonymous_2)
FN:83,(anonymous_3)
FN:96,(anonymous_4)
FNF:5
FNH:0
FNDA:0,(anonymous_0)
FNDA:0,(anonymous_1)
FNDA:0,(anonymous_2)
FNDA:0,(anonymous_3)
FNDA:0,(anonymous_4)
DA:11,1
DA:12,0
DA:13,0
DA:15,0
DA:16,0
DA:19,0
DA:21,0
DA:22,0
DA:25,0
DA:27,0
DA:28,0
DA:29,0
DA:33,0
DA:34,0
DA:37,0
DA:41,1
DA:42,0
DA:43,0
DA:46,0
DA:47,0
DA:50,0
DA:51,0
DA:52,0
DA:55,0
DA:56,0
DA:57,0
DA:62,0
DA:63,0
DA:64,0
DA:65,0
DA:66,0
DA:69,0
DA:70,0
DA:72,0
DA:73,0
DA:83,1
DA:84,0
DA:87,0
DA:96,1
DA:97,0
DA:100,0
LF:41
LH:4
BRDA:15,0,0,0
BRDA:15,0,1,0
BRDA:21,1,0,0
BRDA:21,1,1,0
BRDA:21,2,0,0
BRDA:21,2,1,0
BRDA:28,3,0,0
BRDA:28,3,1,0
BRDA:47,4,0,0
BRDA:47,4,1,0
BRDA:52,5,0,0
BRDA:52,5,1,0
BRDA:57,6,0,0
BRDA:57,6,1,0
BRDA:57,7,0,0
BRDA:57,7,1,0
BRDA:62,8,0,0
BRDA:62,8,1,0
BRDA:64,9,0,0
BRDA:64,9,1,0
BRDA:66,10,0,0
BRDA:66,10,1,0
BRF:22
BRH:0
end_of_record
TN:
SF:middleware/errorHandler.js
FN:1,(anonymous_0)
FNF:1
FNH:0
FNDA:0,(anonymous_0)
DA:1,1
DA:2,0
DA:3,0
LF:3
LH:1
BRDA:3,0,0,0
BRDA:3,0,1,0
BRDA:3,1,0,0
BRDA:3,1,1,0
BRF:4
BRH:0
end_of_record
TN:
SF:middleware/logger.js
FN:1,(anonymous_0)
FNF:1
FNH:0
FNDA:0,(anonymous_0)
DA:1,1
DA:2,0
DA:3,0
LF:3
LH:1
BRF:0
BRH:0
end_of_record
TN:
SF:middleware/rateLimiter.js
FNF:0
FNH:0
DA:3,1
DA:4,1
DA:5,1
DA:6,1
DA:8,1
LF:5
LH:5
BRF:0
BRH:0
end_of_record
TN:
SF:models/business.js
FN:1,(anonymous_0)
FN:2,(anonymous_1)
FN:7,(anonymous_2)
FN:21,(anonymous_3)
FN:44,(anonymous_4)
FN:54,(anonymous_5)
FN:64,(anonymous_6)
FN:123,(anonymous_7)
FN:133,(anonymous_8)
FN:142,(anonymous_9)
FN:152,(anonymous_10)
FN:162,(anonymous_11)
FN:170,(anonymous_12)
FN:178,(anonymous_13)
FN:190,(anonymous_14)
FN:211,(anonymous_15)
FN:242,(anonymous_16)
FNF:17
FNH:0
FNDA:0,(anonymous_0)
FNDA:0,(anonymous_1)
FNDA:0,(anonymous_2)
FNDA:0,(anonymous_3)
FNDA:0,(anonymous_4)
FNDA:0,(anonymous_5)
FNDA:0,(anonymous_6)
FNDA:0,(anonymous_7)
FNDA:0,(anonymous_8)
FNDA:0,(anonymous_9)
FNDA:0,(anonymous_10)
FNDA:0,(anonymous_11)
FNDA:0,(anonymous_12)
FNDA:0,(anonymous_13)
FNDA:0,(anonymous_14)
FNDA:0,(anonymous_15)
FNDA:0,(anonymous_16)
DA:1,0
DA:3,0
DA:4,0
DA:8,0
DA:15,0
DA:16,0
DA:18,0
DA:22,0
DA:40,0
DA:45,0
DA:51,0
DA:55,0
DA:61,0
DA:65,0
DA:66,0
DA:82,0
DA:83,0
DA:84,0
DA:86,0
DA:90,0
DA:124,0
DA:129,0
DA:134,0
DA:139,0
DA:143,0
DA:149,0
DA:153,0
DA:159,0
DA:163,0
DA:168,0
DA:171,0
DA:176,0
DA:179,0
DA:184,0
DA:185,0
DA:187,0
DA:191,0
DA:192,0
DA:200,0
DA:203,0
DA:204,0
DA:205,0
DA:206,0
DA:210,0
DA:211,0
DA:212,0
DA:216,0
DA:221,0
DA:222,0
DA:224,0
DA:225,0
DA:238,0
DA:239,0
DA:242,0
DA:244,0
LF:55
LH:0
BRDA:15,0,0,0
BRDA:15,0,1,0
BRDA:83,1,0,0
BRDA:83,1,1,0
BRDA:184,2,0,0
BRDA:184,2,1,0
BRDA:190,3,0,0
BRDA:190,4,0,0
BRDA:190,5,0,0
BRDA:190,6,0,0
BRDA:203,7,0,0
BRDA:203,7,1,0
BRDA:210,8,0,0
BRDA:210,8,1,0
BRDA:224,9,0,0
BRDA:224,9,1,0
BRF:16
BRH:0
end_of_record
TN:
SF:models/caseStudies.js
FN:1,(anonymous_0)
FN:2,(anonymous_1)
FN:17,(anonymous_2)
FN:30,(anonymous_3)
FN:41,(anonymous_4)
FN:52,(anonymous_5)
FNF:6
FNH:0
FNDA:0,(anonymous_0)
FNDA:0,(anonymous_1)
FNDA:0,(anonymous_2)
FNDA:0,(anonymous_3)
FNDA:0,(anonymous_4)
FNDA:0,(anonymous_5)
DA:1,0
DA:3,0
DA:11,0
DA:12,0
DA:14,0
DA:18,0
DA:24,0
DA:25,0
DA:27,0
DA:31,0
DA:38,0
DA:42,0
DA:53,0
LF:13
LH:0
BRDA:2,0,0,0
BRDA:10,1,0,0
BRDA:10,1,1,0
BRDA:11,2,0,0
BRDA:11,2,1,0
BRDA:24,3,0,0
BRDA:24,3,1,0
BRDA:41,4,0,0
BRF:8
BRH:0
end_of_record
TN:
SF:models/chatBot.js
FN:1,(anonymous_0)
FN:3,(anonymous_1)
FN:8,(anonymous_2)
FN:17,(anonymous_3)
FNF:4
FNH:0
FNDA:0,(anonymous_0)
FNDA:0,(anonymous_1)
FNDA:0,(anonymous_2)
FNDA:0,(anonymous_3)
DA:1,0
DA:4,0
DA:5,0
DA:10,0
DA:14,0
DA:18,0
DA:19,0
LF:7
LH:0
BRDA:5,0,0,0
BRDA:5,0,1,0
BRF:2
BRH:0
end_of_record
TN:
SF:models/posts.js
FN:1,(anonymous_0)
FN:2,(anonymous_1)
FN:19,(anonymous_2)
FN:33,(anonymous_3)
FN:44,(anonymous_4)
FN:55,(anonymous_5)
FNF:6
FNH:0
FNDA:0,(anonymous_0)
FNDA:0,(anonymous_1)
FNDA:0,(anonymous_2)
FNDA:0,(anonymous_3)
FNDA:0,(anonymous_4)
FNDA:0,(anonymous_5)
DA:1,0
DA:4,0
DA:13,0
DA:14,0
DA:16,0
DA:20,0
DA:26,0
DA:27,0
DA:29,0
DA:34,0
DA:41,0
DA:45,0
DA:56,0
LF:13
LH:0
BRDA:2,0,0,0
BRDA:11,1,0,0
BRDA:11,1,1,0
BRDA:13,2,0,0
BRDA:13,2,1,0
BRDA:26,3,0,0
BRDA:26,3,1,0
BRDA:44,4,0,0
BRF:8
BRH:0
end_of_record
TN:
SF:models/testimonials.js
FN:1,(anonymous_0)
FN:2,(anonymous_1)
FN:17,(anonymous_2)
FN:30,(anonymous_3)
FN:41,(anonymous_4)
FN:52,(anonymous_5)
FNF:6
FNH:0
FNDA:0,(anonymous_0)
FNDA:0,(anonymous_1)
FNDA:0,(anonymous_2)
FNDA:0,(anonymous_3)
FNDA:0,(anonymous_4)
FNDA:0,(anonymous_5)
DA:1,0
DA:3,0
DA:11,0
DA:12,0
DA:14,0
DA:18,0
DA:24,0
DA:25,0
DA:27,0
DA:31,0
DA:38,0
DA:42,0
DA:53,0
LF:13
LH:0
BRDA:2,0,0,0
BRDA:10,1,0,0
BRDA:10,1,1,0
BRDA:11,2,0,0
BRDA:11,2,1,0
BRDA:24,3,0,0
BRDA:24,3,1,0
BRDA:41,4,0,0
BRF:8
BRH:0
end_of_record
TN:
SF:models/user.js
FN:1,(anonymous_0)
FN:2,(anonymous_1)
FN:7,(anonymous_2)
FN:21,(anonymous_3)
FN:29,(anonymous_4)
FN:47,(anonymous_5)
FN:56,(anonymous_6)
FN:71,(anonymous_7)
FN:84,(anonymous_8)
FN:97,(anonymous_9)
FN:105,(anonymous_10)
FNF:11
FNH:0
FNDA:0,(anonymous_0)
FNDA:0,(anonymous_1)
FNDA:0,(anonymous_2)
FNDA:0,(anonymous_3)
FNDA:0,(anonymous_4)
FNDA:0,(anonymous_5)
FNDA:0,(anonymous_6)
FNDA:0,(anonymous_7)
FNDA:0,(anonymous_8)
FNDA:0,(anonymous_9)
FNDA:0,(anonymous_10)
DA:1,0
DA:3,0
DA:4,0
DA:8,0
DA:15,0
DA:16,0
DA:18,0
DA:22,0
DA:23,0
DA:24,0
DA:26,0
DA:30,0
DA:35,0
DA:40,0
DA:44,0
DA:48,0
DA:57,0
DA:63,0
DA:72,0
DA:78,0
DA:79,0
DA:81,0
DA:85,0
DA:91,0
DA:92,0
DA:94,0
DA:98,0
DA:106,0
DA:112,0
DA:113,0
DA:116,0
DA:117,0
DA:120,0
LF:33
LH:0
BRDA:15,0,0,0
BRDA:15,0,1,0
BRDA:23,1,0,0
BRDA:23,1,1,0
BRDA:78,2,0,0
BRDA:78,2,1,0
BRDA:91,3,0,0
BRDA:91,3,1,0
BRDA:112,4,0,0
BRDA:112,4,1,0
BRDA:116,5,0,0
BRDA:116,5,1,0
BRF:12
BRH:0
end_of_record
TN:
SF:routes/authRoutes.js
FNF:0
FNH:0
DA:5,1
DA:83,1
DA:135,1
DA:198,1
DA:255,1
DA:257,1
DA:259,1
DA:261,1
DA:263,1
LF:9
LH:9
BRF:0
BRH:0
end_of_record
TN:
SF:routes/businessRoutes.js
FNF:0
FNH:0
DA:5,1
DA:118,1
DA:214,1
DA:332,1
DA:406,1
DA:480,1
DA:554,1
DA:628,1
DA:716,1
DA:796,1
DA:900,1
LF:11
LH:11
BRF:0
BRH:0
end_of_record
TN:
SF:routes/chatBotRoutes.js
FNF:0
FNH:0
DA:5,1
DA:9,1
LF:2
LH:2
BRF:0
BRH:0
end_of_record
TN:
SF:routes/index.js
FN:24,(anonymous_0)
FN:33,(anonymous_1)
FNF:2
FNH:0
FNDA:0,(anonymous_0)
FNDA:0,(anonymous_1)
DA:8,1
DA:11,1
DA:12,1
DA:13,1
DA:15,1
DA:22,1
DA:23,0
DA:24,0
DA:25,0
DA:32,1
DA:33,0
DA:34,0
LF:12
LH:7
BRDA:22,0,0,0
BRDA:22,0,1,1
BRDA:32,1,0,0
BRDA:32,1,1,1
BRF:4
BRH:2
end_of_record
TN:
SF:routes/userRoutes.js
FNF:0
FNH:0
DA:8,1
DA:64,1
DA:136,1
DA:179,1
DA:223,1
DA:275,1
DA:317,1
DA:359,1
DA:412,1
DA:456,1
DA:508,1
DA:550,1
DA:592,1
DA:645,1
DA:698,1
DA:741,1
DA:784,1
DA:859,1
DA:913,1
LF:19
LH:19
BRF:0
BRH:0
end_of_record
TN:
SF:services/adkServices.js
FN:8,sendToAdkAgent
FN:41,sendToAdkTestEval
FNF:2
FNH:0
FNDA:0,sendToAdkAgent
FNDA:0,sendToAdkTestEval
DA:3,1
DA:4,1
DA:9,0
DA:10,0
DA:22,0
DA:23,0
DA:26,0
DA:27,0
DA:30,0
DA:31,0
DA:34,0
DA:36,0
DA:42,0
DA:43,0
DA:44,0
DA:45,0
DA:47,0
LF:17
LH:2
BRDA:4,0,0,1
BRDA:4,0,1,0
BRDA:22,1,0,0
BRDA:22,1,1,0
BRDA:30,2,0,0
BRDA:30,2,1,0
BRDA:30,3,0,0
BRDA:30,3,1,0
BRDA:36,4,0,0
BRDA:36,4,1,0
BRDA:47,5,0,0
BRDA:47,5,1,0
BRF:12
BRH:1
end_of_record
